mode: set
github.com/ofkm/arcane-backend/internal/services/app_images_service.go:21.115,30.16 4 0
github.com/ofkm/arcane-backend/internal/services/app_images_service.go:30.16,32.3 1 0
github.com/ofkm/arcane-backend/internal/services/app_images_service.go:34.2,34.32 1 0
github.com/ofkm/arcane-backend/internal/services/app_images_service.go:34.32,35.20 1 0
github.com/ofkm/arcane-backend/internal/services/app_images_service.go:35.20,36.12 1 0
github.com/ofkm/arcane-backend/internal/services/app_images_service.go:39.3,44.17 5 0
github.com/ofkm/arcane-backend/internal/services/app_images_service.go:44.17,45.12 1 0
github.com/ofkm/arcane-backend/internal/services/app_images_service.go:48.3,50.21 3 0
github.com/ofkm/arcane-backend/internal/services/app_images_service.go:50.21,51.12 1 0
github.com/ofkm/arcane-backend/internal/services/app_images_service.go:54.3,55.47 2 0
github.com/ofkm/arcane-backend/internal/services/app_images_service.go:58.2,58.16 1 0
github.com/ofkm/arcane-backend/internal/services/app_images_service.go:61.82,67.9 5 0
github.com/ofkm/arcane-backend/internal/services/app_images_service.go:67.9,69.3 1 0
github.com/ofkm/arcane-backend/internal/services/app_images_service.go:72.2,72.76 1 0
github.com/ofkm/arcane-backend/internal/services/app_images_service.go:72.76,74.3 1 0
github.com/ofkm/arcane-backend/internal/services/app_images_service.go:76.2,76.28 1 0
github.com/ofkm/arcane-backend/internal/services/app_images_service.go:79.81,82.16 2 0
github.com/ofkm/arcane-backend/internal/services/app_images_service.go:82.16,84.3 1 0
github.com/ofkm/arcane-backend/internal/services/app_images_service.go:86.2,87.51 2 0
github.com/ofkm/arcane-backend/internal/services/app_images_service.go:87.51,89.3 1 0
github.com/ofkm/arcane-backend/internal/services/app_images_service.go:93.2,98.23 3 0
github.com/ofkm/arcane-backend/internal/services/apprise_service.go:24.77,29.2 1 0
github.com/ofkm/arcane-backend/internal/services/apprise_service.go:39.92,41.69 2 0
github.com/ofkm/arcane-backend/internal/services/apprise_service.go:41.69,43.3 1 0
github.com/ofkm/arcane-backend/internal/services/apprise_service.go:44.2,44.23 1 0
github.com/ofkm/arcane-backend/internal/services/apprise_service.go:47.175,51.16 3 0
github.com/ofkm/arcane-backend/internal/services/apprise_service.go:51.16,58.71 2 0
github.com/ofkm/arcane-backend/internal/services/apprise_service.go:58.71,60.4 1 0
github.com/ofkm/arcane-backend/internal/services/apprise_service.go:61.8,66.69 5 0
github.com/ofkm/arcane-backend/internal/services/apprise_service.go:66.69,68.4 1 0
github.com/ofkm/arcane-backend/internal/services/apprise_service.go:71.2,71.23 1 0
github.com/ofkm/arcane-backend/internal/services/apprise_service.go:74.145,76.16 2 0
github.com/ofkm/arcane-backend/internal/services/apprise_service.go:76.16,78.3 1 0
github.com/ofkm/arcane-backend/internal/services/apprise_service.go:80.2,80.23 1 0
github.com/ofkm/arcane-backend/internal/services/apprise_service.go:80.23,82.3 1 0
github.com/ofkm/arcane-backend/internal/services/apprise_service.go:84.2,84.27 1 0
github.com/ofkm/arcane-backend/internal/services/apprise_service.go:84.27,86.3 1 0
github.com/ofkm/arcane-backend/internal/services/apprise_service.go:88.2,89.26 2 0
github.com/ofkm/arcane-backend/internal/services/apprise_service.go:90.43,91.36 1 0
github.com/ofkm/arcane-backend/internal/services/apprise_service.go:91.36,93.4 1 0
github.com/ofkm/arcane-backend/internal/services/apprise_service.go:94.47,95.40 1 0
github.com/ofkm/arcane-backend/internal/services/apprise_service.go:95.40,97.4 1 0
github.com/ofkm/arcane-backend/internal/services/apprise_service.go:100.2,109.16 3 0
github.com/ofkm/arcane-backend/internal/services/apprise_service.go:109.16,111.3 1 0
github.com/ofkm/arcane-backend/internal/services/apprise_service.go:113.2,120.16 3 0
github.com/ofkm/arcane-backend/internal/services/apprise_service.go:120.16,122.3 1 0
github.com/ofkm/arcane-backend/internal/services/apprise_service.go:123.2,127.16 4 0
github.com/ofkm/arcane-backend/internal/services/apprise_service.go:127.16,129.3 1 0
github.com/ofkm/arcane-backend/internal/services/apprise_service.go:130.2,136.38 4 0
github.com/ofkm/arcane-backend/internal/services/apprise_service.go:136.38,142.3 2 0
github.com/ofkm/arcane-backend/internal/services/apprise_service.go:144.2,148.12 2 0
github.com/ofkm/arcane-backend/internal/services/apprise_service.go:151.135,161.2 3 0
github.com/ofkm/arcane-backend/internal/services/apprise_service.go:163.139,173.2 3 0
github.com/ofkm/arcane-backend/internal/services/apprise_service.go:175.131,176.23 1 0
github.com/ofkm/arcane-backend/internal/services/apprise_service.go:176.23,178.3 1 0
github.com/ofkm/arcane-backend/internal/services/apprise_service.go:180.2,181.40 2 0
github.com/ofkm/arcane-backend/internal/services/apprise_service.go:181.40,182.40 1 0
github.com/ofkm/arcane-backend/internal/services/apprise_service.go:182.40,184.4 1 0
github.com/ofkm/arcane-backend/internal/services/apprise_service.go:187.2,187.34 1 0
github.com/ofkm/arcane-backend/internal/services/apprise_service.go:187.34,189.3 1 0
github.com/ofkm/arcane-backend/internal/services/apprise_service.go:191.2,194.51 3 0
github.com/ofkm/arcane-backend/internal/services/apprise_service.go:194.51,201.3 1 0
github.com/ofkm/arcane-backend/internal/services/apprise_service.go:203.2,203.90 1 0
github.com/ofkm/arcane-backend/internal/services/apprise_service.go:206.70,210.2 3 0
github.com/ofkm/arcane-backend/internal/services/auth_service.go:62.160,71.2 1 0
github.com/ofkm/arcane-backend/internal/services/auth_service.go:73.83,75.16 2 0
github.com/ofkm/arcane-backend/internal/services/auth_service.go:75.16,77.3 1 0
github.com/ofkm/arcane-backend/internal/services/auth_service.go:79.2,87.69 3 0
github.com/ofkm/arcane-backend/internal/services/auth_service.go:87.69,89.92 2 0
github.com/ofkm/arcane-backend/internal/services/auth_service.go:89.92,91.4 1 0
github.com/ofkm/arcane-backend/internal/services/auth_service.go:94.2,94.26 1 0
github.com/ofkm/arcane-backend/internal/services/auth_service.go:97.100,99.30 2 1
github.com/ofkm/arcane-backend/internal/services/auth_service.go:99.30,100.10 1 1
github.com/ofkm/arcane-backend/internal/services/auth_service.go:100.10,101.17 1 1
github.com/ofkm/arcane-backend/internal/services/auth_service.go:101.17,104.5 1 1
github.com/ofkm/arcane-backend/internal/services/auth_service.go:105.4,105.71 1 1
github.com/ofkm/arcane-backend/internal/services/auth_service.go:105.71,107.5 1 0
github.com/ofkm/arcane-backend/internal/services/auth_service.go:111.2,115.26 2 1
github.com/ofkm/arcane-backend/internal/services/auth_service.go:115.26,117.3 1 1
github.com/ofkm/arcane-backend/internal/services/auth_service.go:118.2,118.20 1 1
github.com/ofkm/arcane-backend/internal/services/auth_service.go:121.75,123.16 2 0
github.com/ofkm/arcane-backend/internal/services/auth_service.go:123.16,125.3 1 0
github.com/ofkm/arcane-backend/internal/services/auth_service.go:127.2,128.18 2 0
github.com/ofkm/arcane-backend/internal/services/auth_service.go:128.18,130.3 1 0
github.com/ofkm/arcane-backend/internal/services/auth_service.go:132.2,132.18 1 0
github.com/ofkm/arcane-backend/internal/services/auth_service.go:132.18,134.3 1 0
github.com/ofkm/arcane-backend/internal/services/auth_service.go:134.8,134.27 1 0
github.com/ofkm/arcane-backend/internal/services/auth_service.go:134.27,136.3 1 0
github.com/ofkm/arcane-backend/internal/services/auth_service.go:138.2,138.21 1 0
github.com/ofkm/arcane-backend/internal/services/auth_service.go:141.77,143.16 2 0
github.com/ofkm/arcane-backend/internal/services/auth_service.go:143.16,145.3 1 0
github.com/ofkm/arcane-backend/internal/services/auth_service.go:146.2,146.48 1 0
github.com/ofkm/arcane-backend/internal/services/auth_service.go:149.72,151.16 2 0
github.com/ofkm/arcane-backend/internal/services/auth_service.go:151.16,153.3 1 0
github.com/ofkm/arcane-backend/internal/services/auth_service.go:154.2,154.47 1 0
github.com/ofkm/arcane-backend/internal/services/auth_service.go:157.86,159.16 2 0
github.com/ofkm/arcane-backend/internal/services/auth_service.go:159.16,161.3 1 0
github.com/ofkm/arcane-backend/internal/services/auth_service.go:163.2,163.59 1 0
github.com/ofkm/arcane-backend/internal/services/auth_service.go:163.59,165.3 1 0
github.com/ofkm/arcane-backend/internal/services/auth_service.go:167.2,167.31 1 0
github.com/ofkm/arcane-backend/internal/services/auth_service.go:170.111,172.16 2 0
github.com/ofkm/arcane-backend/internal/services/auth_service.go:172.16,174.3 1 0
github.com/ofkm/arcane-backend/internal/services/auth_service.go:176.2,176.19 1 0
github.com/ofkm/arcane-backend/internal/services/auth_service.go:176.19,178.3 1 0
github.com/ofkm/arcane-backend/internal/services/auth_service.go:180.2,181.16 2 0
github.com/ofkm/arcane-backend/internal/services/auth_service.go:181.16,182.54 1 0
github.com/ofkm/arcane-backend/internal/services/auth_service.go:182.54,184.4 1 0
github.com/ofkm/arcane-backend/internal/services/auth_service.go:185.3,185.23 1 0
github.com/ofkm/arcane-backend/internal/services/auth_service.go:188.2,188.84 1 0
github.com/ofkm/arcane-backend/internal/services/auth_service.go:188.84,190.3 1 0
github.com/ofkm/arcane-backend/internal/services/auth_service.go:192.2,192.59 1 0
github.com/ofkm/arcane-backend/internal/services/auth_service.go:192.59,193.83 1 0
github.com/ofkm/arcane-backend/internal/services/auth_service.go:193.83,195.4 1 0
github.com/ofkm/arcane-backend/internal/services/auth_service.go:195.9,197.4 1 0
github.com/ofkm/arcane-backend/internal/services/auth_service.go:200.2,202.63 3 0
github.com/ofkm/arcane-backend/internal/services/auth_service.go:202.63,204.3 1 0
github.com/ofkm/arcane-backend/internal/services/auth_service.go:206.2,207.16 2 0
github.com/ofkm/arcane-backend/internal/services/auth_service.go:207.16,209.3 1 0
github.com/ofkm/arcane-backend/internal/services/auth_service.go:211.2,215.124 2 0
github.com/ofkm/arcane-backend/internal/services/auth_service.go:215.124,217.3 1 0
github.com/ofkm/arcane-backend/internal/services/auth_service.go:219.2,219.29 1 0
github.com/ofkm/arcane-backend/internal/services/auth_service.go:222.149,223.28 1 0
github.com/ofkm/arcane-backend/internal/services/auth_service.go:223.28,225.3 1 0
github.com/ofkm/arcane-backend/internal/services/auth_service.go:227.2,228.16 2 0
github.com/ofkm/arcane-backend/internal/services/auth_service.go:228.16,230.3 1 0
github.com/ofkm/arcane-backend/internal/services/auth_service.go:232.2,233.16 2 0
github.com/ofkm/arcane-backend/internal/services/auth_service.go:233.16,235.3 1 0
github.com/ofkm/arcane-backend/internal/services/auth_service.go:237.2,243.124 2 0
github.com/ofkm/arcane-backend/internal/services/auth_service.go:243.124,245.3 1 0
github.com/ofkm/arcane-backend/internal/services/auth_service.go:247.2,247.29 1 0
github.com/ofkm/arcane-backend/internal/services/auth_service.go:250.154,252.52 2 0
github.com/ofkm/arcane-backend/internal/services/auth_service.go:252.52,254.3 1 0
github.com/ofkm/arcane-backend/internal/services/auth_service.go:256.2,256.17 1 0
github.com/ofkm/arcane-backend/internal/services/auth_service.go:256.17,262.43 3 0
github.com/ofkm/arcane-backend/internal/services/auth_service.go:262.43,264.31 1 0
github.com/ofkm/arcane-backend/internal/services/auth_service.go:264.31,266.5 1 0
github.com/ofkm/arcane-backend/internal/services/auth_service.go:268.4,269.46 2 0
github.com/ofkm/arcane-backend/internal/services/auth_service.go:269.46,272.105 2 0
github.com/ofkm/arcane-backend/internal/services/auth_service.go:272.105,274.6 1 0
github.com/ofkm/arcane-backend/internal/services/auth_service.go:275.5,275.36 1 0
github.com/ofkm/arcane-backend/internal/services/auth_service.go:280.3,281.17 2 0
github.com/ofkm/arcane-backend/internal/services/auth_service.go:281.17,283.4 1 0
github.com/ofkm/arcane-backend/internal/services/auth_service.go:284.3,284.28 1 0
github.com/ofkm/arcane-backend/internal/services/auth_service.go:287.2,287.73 1 0
github.com/ofkm/arcane-backend/internal/services/auth_service.go:287.73,289.3 1 0
github.com/ofkm/arcane-backend/internal/services/auth_service.go:291.2,291.25 1 0
github.com/ofkm/arcane-backend/internal/services/auth_service.go:294.142,298.38 3 0
github.com/ofkm/arcane-backend/internal/services/auth_service.go:298.38,300.3 1 0
github.com/ofkm/arcane-backend/internal/services/auth_service.go:300.8,302.3 1 0
github.com/ofkm/arcane-backend/internal/services/auth_service.go:304.2,305.9 2 0
github.com/ofkm/arcane-backend/internal/services/auth_service.go:306.27,307.30 1 0
github.com/ofkm/arcane-backend/internal/services/auth_service.go:308.61,309.97 1 0
github.com/ofkm/arcane-backend/internal/services/auth_service.go:310.10,311.25 1 0
github.com/ofkm/arcane-backend/internal/services/auth_service.go:314.2,317.49 3 0
github.com/ofkm/arcane-backend/internal/services/auth_service.go:317.49,319.3 1 0
github.com/ofkm/arcane-backend/internal/services/auth_service.go:321.2,333.63 3 0
github.com/ofkm/arcane-backend/internal/services/auth_service.go:333.63,335.3 1 0
github.com/ofkm/arcane-backend/internal/services/auth_service.go:336.2,336.18 1 0
github.com/ofkm/arcane-backend/internal/services/auth_service.go:339.145,340.52 1 0
github.com/ofkm/arcane-backend/internal/services/auth_service.go:340.52,342.3 1 0
github.com/ofkm/arcane-backend/internal/services/auth_service.go:343.2,343.47 1 0
github.com/ofkm/arcane-backend/internal/services/auth_service.go:343.47,345.3 1 0
github.com/ofkm/arcane-backend/internal/services/auth_service.go:347.2,349.9 3 0
github.com/ofkm/arcane-backend/internal/services/auth_service.go:350.30,351.44 1 0
github.com/ofkm/arcane-backend/internal/services/auth_service.go:352.30,353.47 1 0
github.com/ofkm/arcane-backend/internal/services/auth_service.go:356.2,361.12 5 0
github.com/ofkm/arcane-backend/internal/services/auth_service.go:364.156,366.110 1 0
github.com/ofkm/arcane-backend/internal/services/auth_service.go:366.110,368.50 1 0
github.com/ofkm/arcane-backend/internal/services/auth_service.go:368.50,370.4 1 0
github.com/ofkm/arcane-backend/internal/services/auth_service.go:373.3,375.10 3 0
github.com/ofkm/arcane-backend/internal/services/auth_service.go:376.31,377.39 1 0
github.com/ofkm/arcane-backend/internal/services/auth_service.go:378.31,379.42 1 0
github.com/ofkm/arcane-backend/internal/services/auth_service.go:383.3,386.21 3 0
github.com/ofkm/arcane-backend/internal/services/auth_service.go:388.2,388.12 1 0
github.com/ofkm/arcane-backend/internal/services/auth_service.go:391.58,392.26 1 0
github.com/ofkm/arcane-backend/internal/services/auth_service.go:392.26,393.33 1 0
github.com/ofkm/arcane-backend/internal/services/auth_service.go:393.33,395.4 1 0
github.com/ofkm/arcane-backend/internal/services/auth_service.go:397.2,397.14 1 0
github.com/ofkm/arcane-backend/internal/services/auth_service.go:400.72,401.26 1 0
github.com/ofkm/arcane-backend/internal/services/auth_service.go:401.26,403.3 1 0
github.com/ofkm/arcane-backend/internal/services/auth_service.go:404.2,404.28 1 0
github.com/ofkm/arcane-backend/internal/services/auth_service.go:407.75,409.26 2 0
github.com/ofkm/arcane-backend/internal/services/auth_service.go:409.26,410.34 1 0
github.com/ofkm/arcane-backend/internal/services/auth_service.go:410.34,412.4 1 0
github.com/ofkm/arcane-backend/internal/services/auth_service.go:414.2,414.12 1 0
github.com/ofkm/arcane-backend/internal/services/auth_service.go:417.126,419.20 2 0
github.com/ofkm/arcane-backend/internal/services/auth_service.go:419.20,421.3 1 0
github.com/ofkm/arcane-backend/internal/services/auth_service.go:423.2,423.90 1 0
github.com/ofkm/arcane-backend/internal/services/auth_service.go:423.90,425.3 1 0
github.com/ofkm/arcane-backend/internal/services/auth_service.go:427.2,427.49 1 0
github.com/ofkm/arcane-backend/internal/services/auth_service.go:427.49,428.71 1 0
github.com/ofkm/arcane-backend/internal/services/auth_service.go:428.71,429.84 1 0
github.com/ofkm/arcane-backend/internal/services/auth_service.go:429.84,431.5 1 0
github.com/ofkm/arcane-backend/internal/services/auth_service.go:435.2,435.14 1 0
github.com/ofkm/arcane-backend/internal/services/auth_service.go:438.96,440.34 2 0
github.com/ofkm/arcane-backend/internal/services/auth_service.go:440.34,442.3 1 0
github.com/ofkm/arcane-backend/internal/services/auth_service.go:443.2,445.17 3 0
github.com/ofkm/arcane-backend/internal/services/auth_service.go:445.17,447.3 1 0
github.com/ofkm/arcane-backend/internal/services/auth_service.go:448.2,448.15 1 0
github.com/ofkm/arcane-backend/internal/services/auth_service.go:448.15,450.3 1 0
github.com/ofkm/arcane-backend/internal/services/auth_service.go:451.2,452.26 2 0
github.com/ofkm/arcane-backend/internal/services/auth_service.go:452.26,454.14 2 0
github.com/ofkm/arcane-backend/internal/services/auth_service.go:454.14,456.4 1 0
github.com/ofkm/arcane-backend/internal/services/auth_service.go:458.2,458.22 1 0
github.com/ofkm/arcane-backend/internal/services/auth_service.go:461.94,462.22 1 1
github.com/ofkm/arcane-backend/internal/services/auth_service.go:462.22,464.3 1 0
github.com/ofkm/arcane-backend/internal/services/auth_service.go:465.2,465.33 1 1
github.com/ofkm/arcane-backend/internal/services/auth_service.go:465.33,467.3 1 1
github.com/ofkm/arcane-backend/internal/services/auth_service.go:468.2,468.34 1 1
github.com/ofkm/arcane-backend/internal/services/auth_service.go:468.34,470.3 1 1
github.com/ofkm/arcane-backend/internal/services/auth_service.go:471.2,471.29 1 1
github.com/ofkm/arcane-backend/internal/services/auth_service.go:471.29,474.3 2 1
github.com/ofkm/arcane-backend/internal/services/auth_service.go:477.98,479.43 1 0
github.com/ofkm/arcane-backend/internal/services/auth_service.go:479.43,481.4 1 0
github.com/ofkm/arcane-backend/internal/services/auth_service.go:483.2,483.16 1 0
github.com/ofkm/arcane-backend/internal/services/auth_service.go:483.16,485.3 1 0
github.com/ofkm/arcane-backend/internal/services/auth_service.go:487.2,487.18 1 0
github.com/ofkm/arcane-backend/internal/services/auth_service.go:487.18,489.3 1 0
github.com/ofkm/arcane-backend/internal/services/auth_service.go:491.2,492.9 2 0
github.com/ofkm/arcane-backend/internal/services/auth_service.go:492.9,494.3 1 0
github.com/ofkm/arcane-backend/internal/services/auth_service.go:496.2,496.33 1 0
github.com/ofkm/arcane-backend/internal/services/auth_service.go:496.33,498.3 1 0
github.com/ofkm/arcane-backend/internal/services/auth_service.go:500.2,501.18 2 0
github.com/ofkm/arcane-backend/internal/services/auth_service.go:501.18,503.3 1 0
github.com/ofkm/arcane-backend/internal/services/auth_service.go:505.2,506.16 2 0
github.com/ofkm/arcane-backend/internal/services/auth_service.go:506.16,508.3 1 0
github.com/ofkm/arcane-backend/internal/services/auth_service.go:510.2,511.16 2 0
github.com/ofkm/arcane-backend/internal/services/auth_service.go:511.16,513.3 1 0
github.com/ofkm/arcane-backend/internal/services/auth_service.go:515.2,515.23 1 0
github.com/ofkm/arcane-backend/internal/services/auth_service.go:518.98,520.43 1 1
github.com/ofkm/arcane-backend/internal/services/auth_service.go:520.43,522.4 1 1
github.com/ofkm/arcane-backend/internal/services/auth_service.go:524.2,524.16 1 1
github.com/ofkm/arcane-backend/internal/services/auth_service.go:524.16,525.56 1 1
github.com/ofkm/arcane-backend/internal/services/auth_service.go:525.56,527.4 1 1
github.com/ofkm/arcane-backend/internal/services/auth_service.go:528.3,528.30 1 1
github.com/ofkm/arcane-backend/internal/services/auth_service.go:531.2,531.18 1 1
github.com/ofkm/arcane-backend/internal/services/auth_service.go:531.18,533.3 1 0
github.com/ofkm/arcane-backend/internal/services/auth_service.go:535.2,536.9 2 1
github.com/ofkm/arcane-backend/internal/services/auth_service.go:536.9,538.3 1 0
github.com/ofkm/arcane-backend/internal/services/auth_service.go:540.2,540.32 1 1
github.com/ofkm/arcane-backend/internal/services/auth_service.go:540.32,542.3 1 1
github.com/ofkm/arcane-backend/internal/services/auth_service.go:544.2,544.21 1 1
github.com/ofkm/arcane-backend/internal/services/auth_service.go:544.21,546.3 1 1
github.com/ofkm/arcane-backend/internal/services/auth_service.go:548.2,548.68 1 1
github.com/ofkm/arcane-backend/internal/services/auth_service.go:548.68,554.3 2 1
github.com/ofkm/arcane-backend/internal/services/auth_service.go:556.2,562.24 2 1
github.com/ofkm/arcane-backend/internal/services/auth_service.go:562.24,564.3 1 1
github.com/ofkm/arcane-backend/internal/services/auth_service.go:566.2,566.30 1 1
github.com/ofkm/arcane-backend/internal/services/auth_service.go:566.30,568.3 1 1
github.com/ofkm/arcane-backend/internal/services/auth_service.go:570.2,570.18 1 1
github.com/ofkm/arcane-backend/internal/services/auth_service.go:573.110,575.16 2 0
github.com/ofkm/arcane-backend/internal/services/auth_service.go:575.16,577.3 1 0
github.com/ofkm/arcane-backend/internal/services/auth_service.go:579.2,579.29 1 0
github.com/ofkm/arcane-backend/internal/services/auth_service.go:579.29,580.92 1 0
github.com/ofkm/arcane-backend/internal/services/auth_service.go:580.92,582.4 1 0
github.com/ofkm/arcane-backend/internal/services/auth_service.go:585.2,586.16 2 0
github.com/ofkm/arcane-backend/internal/services/auth_service.go:586.16,588.3 1 0
github.com/ofkm/arcane-backend/internal/services/auth_service.go:590.2,593.12 4 0
github.com/ofkm/arcane-backend/internal/services/auth_service.go:596.101,615.23 5 0
github.com/ofkm/arcane-backend/internal/services/auth_service.go:615.23,617.3 1 0
github.com/ofkm/arcane-backend/internal/services/auth_service.go:619.2,619.29 1 0
github.com/ofkm/arcane-backend/internal/services/auth_service.go:619.29,621.3 1 0
github.com/ofkm/arcane-backend/internal/services/auth_service.go:623.2,626.16 3 0
github.com/ofkm/arcane-backend/internal/services/auth_service.go:626.16,628.3 1 0
github.com/ofkm/arcane-backend/internal/services/auth_service.go:630.2,638.16 3 0
github.com/ofkm/arcane-backend/internal/services/auth_service.go:638.16,640.3 1 0
github.com/ofkm/arcane-backend/internal/services/auth_service.go:642.2,646.8 1 0
github.com/ofkm/arcane-backend/internal/services/auth_service.go:649.62,650.17 1 1
github.com/ofkm/arcane-backend/internal/services/auth_service.go:650.17,652.39 2 1
github.com/ofkm/arcane-backend/internal/services/auth_service.go:652.39,654.4 1 1
github.com/ofkm/arcane-backend/internal/services/auth_service.go:657.2,657.23 1 1
github.com/ofkm/arcane-backend/internal/services/auth_service.go:657.23,659.3 1 1
github.com/ofkm/arcane-backend/internal/services/auth_service.go:660.2,660.26 1 1
github.com/ofkm/arcane-backend/internal/services/container_registry_service.go:20.77,22.2 1 0
github.com/ofkm/arcane-backend/internal/services/container_registry_service.go:24.110,26.70 2 0
github.com/ofkm/arcane-backend/internal/services/container_registry_service.go:26.70,28.3 1 0
github.com/ofkm/arcane-backend/internal/services/container_registry_service.go:29.2,29.24 1 0
github.com/ofkm/arcane-backend/internal/services/container_registry_service.go:32.168,36.58 3 0
github.com/ofkm/arcane-backend/internal/services/container_registry_service.go:36.58,42.3 2 0
github.com/ofkm/arcane-backend/internal/services/container_registry_service.go:44.2,44.57 1 0
github.com/ofkm/arcane-backend/internal/services/container_registry_service.go:44.57,45.18 1 0
github.com/ofkm/arcane-backend/internal/services/container_registry_service.go:46.20,47.36 1 0
github.com/ofkm/arcane-backend/internal/services/container_registry_service.go:48.21,49.37 1 0
github.com/ofkm/arcane-backend/internal/services/container_registry_service.go:53.2,53.60 1 0
github.com/ofkm/arcane-backend/internal/services/container_registry_service.go:53.60,54.19 1 0
github.com/ofkm/arcane-backend/internal/services/container_registry_service.go:55.20,56.37 1 0
github.com/ofkm/arcane-backend/internal/services/container_registry_service.go:57.21,58.38 1 0
github.com/ofkm/arcane-backend/internal/services/container_registry_service.go:62.2,63.16 2 0
github.com/ofkm/arcane-backend/internal/services/container_registry_service.go:63.16,65.3 1 0
github.com/ofkm/arcane-backend/internal/services/container_registry_service.go:67.2,68.19 2 0
github.com/ofkm/arcane-backend/internal/services/container_registry_service.go:68.19,70.3 1 0
github.com/ofkm/arcane-backend/internal/services/container_registry_service.go:72.2,72.33 1 0
github.com/ofkm/arcane-backend/internal/services/container_registry_service.go:75.119,77.89 2 0
github.com/ofkm/arcane-backend/internal/services/container_registry_service.go:77.89,79.3 1 0
github.com/ofkm/arcane-backend/internal/services/container_registry_service.go:80.2,80.23 1 0
github.com/ofkm/arcane-backend/internal/services/container_registry_service.go:83.150,86.16 2 0
github.com/ofkm/arcane-backend/internal/services/container_registry_service.go:86.16,88.3 1 0
github.com/ofkm/arcane-backend/internal/services/container_registry_service.go:90.2,101.69 2 0
github.com/ofkm/arcane-backend/internal/services/container_registry_service.go:101.69,103.3 1 0
github.com/ofkm/arcane-backend/internal/services/container_registry_service.go:105.2,105.22 1 0
github.com/ofkm/arcane-backend/internal/services/container_registry_service.go:108.161,110.16 2 0
github.com/ofkm/arcane-backend/internal/services/container_registry_service.go:110.16,112.3 1 0
github.com/ofkm/arcane-backend/internal/services/container_registry_service.go:115.2,118.42 3 0
github.com/ofkm/arcane-backend/internal/services/container_registry_service.go:118.42,121.17 2 0
github.com/ofkm/arcane-backend/internal/services/container_registry_service.go:121.17,123.4 1 0
github.com/ofkm/arcane-backend/internal/services/container_registry_service.go:124.3,124.57 1 0
github.com/ofkm/arcane-backend/internal/services/container_registry_service.go:127.2,133.67 5 0
github.com/ofkm/arcane-backend/internal/services/container_registry_service.go:133.67,135.3 1 0
github.com/ofkm/arcane-backend/internal/services/container_registry_service.go:137.2,137.22 1 0
github.com/ofkm/arcane-backend/internal/services/container_registry_service.go:140.89,141.108 1 0
github.com/ofkm/arcane-backend/internal/services/container_registry_service.go:141.108,143.3 1 0
github.com/ofkm/arcane-backend/internal/services/container_registry_service.go:144.2,144.12 1 0
github.com/ofkm/arcane-backend/internal/services/container_registry_service.go:148.102,150.16 2 0
github.com/ofkm/arcane-backend/internal/services/container_registry_service.go:150.16,152.3 1 0
github.com/ofkm/arcane-backend/internal/services/container_registry_service.go:154.2,155.16 2 0
github.com/ofkm/arcane-backend/internal/services/container_registry_service.go:155.16,157.3 1 0
github.com/ofkm/arcane-backend/internal/services/container_registry_service.go:159.2,159.28 1 0
github.com/ofkm/arcane-backend/internal/services/container_registry_service.go:163.114,165.97 2 0
github.com/ofkm/arcane-backend/internal/services/container_registry_service.go:165.97,167.3 1 0
github.com/ofkm/arcane-backend/internal/services/container_registry_service.go:168.2,168.24 1 0
github.com/ofkm/arcane-backend/internal/services/container_registry_service.go:173.120,175.16 2 0
github.com/ofkm/arcane-backend/internal/services/container_registry_service.go:175.16,177.3 1 0
github.com/ofkm/arcane-backend/internal/services/container_registry_service.go:179.2,182.33 2 0
github.com/ofkm/arcane-backend/internal/services/container_registry_service.go:182.33,185.75 2 0
github.com/ofkm/arcane-backend/internal/services/container_registry_service.go:185.75,187.4 1 0
github.com/ofkm/arcane-backend/internal/services/container_registry_service.go:191.2,191.62 1 0
github.com/ofkm/arcane-backend/internal/services/container_registry_service.go:194.136,196.78 2 0
github.com/ofkm/arcane-backend/internal/services/container_registry_service.go:196.78,198.3 1 0
github.com/ofkm/arcane-backend/internal/services/container_registry_service.go:200.2,201.36 2 0
github.com/ofkm/arcane-backend/internal/services/container_registry_service.go:201.36,203.3 1 0
github.com/ofkm/arcane-backend/internal/services/container_registry_service.go:205.2,205.25 1 0
github.com/ofkm/arcane-backend/internal/services/container_registry_service.go:208.172,210.12 2 0
github.com/ofkm/arcane-backend/internal/services/container_registry_service.go:210.12,212.3 1 0
github.com/ofkm/arcane-backend/internal/services/container_registry_service.go:213.2,213.47 1 0
github.com/ofkm/arcane-backend/internal/services/container_registry_service.go:216.165,219.17 2 0
github.com/ofkm/arcane-backend/internal/services/container_registry_service.go:219.17,221.68 2 0
github.com/ofkm/arcane-backend/internal/services/container_registry_service.go:221.68,223.4 1 0
github.com/ofkm/arcane-backend/internal/services/container_registry_service.go:226.2,226.12 1 0
github.com/ofkm/arcane-backend/internal/services/container_registry_service.go:229.145,235.16 4 0
github.com/ofkm/arcane-backend/internal/services/container_registry_service.go:235.16,237.3 1 0
github.com/ofkm/arcane-backend/internal/services/container_registry_service.go:239.2,243.20 4 0
github.com/ofkm/arcane-backend/internal/services/container_registry_service.go:246.124,248.16 2 0
github.com/ofkm/arcane-backend/internal/services/container_registry_service.go:248.16,250.3 1 0
github.com/ofkm/arcane-backend/internal/services/container_registry_service.go:252.2,266.72 2 0
github.com/ofkm/arcane-backend/internal/services/container_registry_service.go:266.72,268.3 1 0
github.com/ofkm/arcane-backend/internal/services/container_registry_service.go:270.2,270.12 1 0
github.com/ofkm/arcane-backend/internal/services/container_registry_service.go:273.163,274.30 1 0
github.com/ofkm/arcane-backend/internal/services/container_registry_service.go:274.30,275.21 1 0
github.com/ofkm/arcane-backend/internal/services/container_registry_service.go:275.21,276.110 1 0
github.com/ofkm/arcane-backend/internal/services/container_registry_service.go:276.110,278.5 1 0
github.com/ofkm/arcane-backend/internal/services/container_registry_service.go:281.2,281.12 1 0
github.com/ofkm/arcane-backend/internal/services/container_service.go:30.153,32.2 1 0
github.com/ofkm/arcane-backend/internal/services/container_service.go:34.108,36.16 2 0
github.com/ofkm/arcane-backend/internal/services/container_service.go:36.16,39.3 2 0
github.com/ofkm/arcane-backend/internal/services/container_service.go:40.2,49.16 4 0
github.com/ofkm/arcane-backend/internal/services/container_service.go:49.16,51.3 1 0
github.com/ofkm/arcane-backend/internal/services/container_service.go:53.2,54.16 2 0
github.com/ofkm/arcane-backend/internal/services/container_service.go:54.16,56.3 1 0
github.com/ofkm/arcane-backend/internal/services/container_service.go:57.2,57.12 1 0
github.com/ofkm/arcane-backend/internal/services/container_service.go:60.107,62.16 2 0
github.com/ofkm/arcane-backend/internal/services/container_service.go:62.16,65.3 2 0
github.com/ofkm/arcane-backend/internal/services/container_service.go:66.2,74.16 4 0
github.com/ofkm/arcane-backend/internal/services/container_service.go:74.16,76.3 1 0
github.com/ofkm/arcane-backend/internal/services/container_service.go:78.2,80.16 3 0
github.com/ofkm/arcane-backend/internal/services/container_service.go:80.16,82.3 1 0
github.com/ofkm/arcane-backend/internal/services/container_service.go:83.2,83.12 1 0
github.com/ofkm/arcane-backend/internal/services/container_service.go:86.110,88.16 2 0
github.com/ofkm/arcane-backend/internal/services/container_service.go:88.16,91.3 2 0
github.com/ofkm/arcane-backend/internal/services/container_service.go:92.2,100.16 4 0
github.com/ofkm/arcane-backend/internal/services/container_service.go:100.16,102.3 1 0
github.com/ofkm/arcane-backend/internal/services/container_service.go:104.2,105.16 2 0
github.com/ofkm/arcane-backend/internal/services/container_service.go:105.16,107.3 1 0
github.com/ofkm/arcane-backend/internal/services/container_service.go:108.2,108.12 1 0
github.com/ofkm/arcane-backend/internal/services/container_service.go:111.113,113.16 2 0
github.com/ofkm/arcane-backend/internal/services/container_service.go:113.16,115.3 1 0
github.com/ofkm/arcane-backend/internal/services/container_service.go:116.2,119.16 3 0
github.com/ofkm/arcane-backend/internal/services/container_service.go:119.16,121.3 1 0
github.com/ofkm/arcane-backend/internal/services/container_service.go:123.2,123.24 1 0
github.com/ofkm/arcane-backend/internal/services/container_service.go:126.141,128.16 2 0
github.com/ofkm/arcane-backend/internal/services/container_service.go:128.16,131.3 2 0
github.com/ofkm/arcane-backend/internal/services/container_service.go:132.2,136.19 3 0
github.com/ofkm/arcane-backend/internal/services/container_service.go:136.19,138.24 2 0
github.com/ofkm/arcane-backend/internal/services/container_service.go:138.24,139.47 1 0
github.com/ofkm/arcane-backend/internal/services/container_service.go:139.47,141.51 1 0
github.com/ofkm/arcane-backend/internal/services/container_service.go:141.51,143.6 1 0
github.com/ofkm/arcane-backend/internal/services/container_service.go:148.2,153.16 2 0
github.com/ofkm/arcane-backend/internal/services/container_service.go:153.16,156.3 2 0
github.com/ofkm/arcane-backend/internal/services/container_service.go:159.2,159.47 1 0
github.com/ofkm/arcane-backend/internal/services/container_service.go:159.47,160.46 1 0
github.com/ofkm/arcane-backend/internal/services/container_service.go:160.46,161.88 1 0
github.com/ofkm/arcane-backend/internal/services/container_service.go:161.88,164.5 1 0
github.com/ofkm/arcane-backend/internal/services/container_service.go:168.2,174.16 3 0
github.com/ofkm/arcane-backend/internal/services/container_service.go:174.16,176.3 1 0
github.com/ofkm/arcane-backend/internal/services/container_service.go:178.2,178.12 1 0
github.com/ofkm/arcane-backend/internal/services/container_service.go:181.292,183.16 2 0
github.com/ofkm/arcane-backend/internal/services/container_service.go:183.16,186.3 2 0
github.com/ofkm/arcane-backend/internal/services/container_service.go:187.2,190.16 3 0
github.com/ofkm/arcane-backend/internal/services/container_service.go:190.16,193.21 2 0
github.com/ofkm/arcane-backend/internal/services/container_service.go:193.21,198.4 2 0
github.com/ofkm/arcane-backend/internal/services/container_service.go:200.3,201.21 2 0
github.com/ofkm/arcane-backend/internal/services/container_service.go:201.21,204.4 2 0
github.com/ofkm/arcane-backend/internal/services/container_service.go:205.3,208.21 3 0
github.com/ofkm/arcane-backend/internal/services/container_service.go:208.21,211.4 2 0
github.com/ofkm/arcane-backend/internal/services/container_service.go:214.2,215.16 2 0
github.com/ofkm/arcane-backend/internal/services/container_service.go:215.16,218.3 2 0
github.com/ofkm/arcane-backend/internal/services/container_service.go:220.2,225.157 2 0
github.com/ofkm/arcane-backend/internal/services/container_service.go:225.157,227.3 1 0
github.com/ofkm/arcane-backend/internal/services/container_service.go:229.2,229.92 1 0
github.com/ofkm/arcane-backend/internal/services/container_service.go:229.92,233.3 3 0
github.com/ofkm/arcane-backend/internal/services/container_service.go:235.2,236.16 2 0
github.com/ofkm/arcane-backend/internal/services/container_service.go:236.16,239.3 2 0
github.com/ofkm/arcane-backend/internal/services/container_service.go:241.2,241.28 1 0
github.com/ofkm/arcane-backend/internal/services/container_service.go:244.117,246.16 2 0
github.com/ofkm/arcane-backend/internal/services/container_service.go:246.16,248.3 1 0
github.com/ofkm/arcane-backend/internal/services/container_service.go:249.2,252.16 3 0
github.com/ofkm/arcane-backend/internal/services/container_service.go:252.16,254.3 1 0
github.com/ofkm/arcane-backend/internal/services/container_service.go:255.2,259.6 3 0
github.com/ofkm/arcane-backend/internal/services/container_service.go:259.6,260.10 1 0
github.com/ofkm/arcane-backend/internal/services/container_service.go:261.21,262.20 1 0
github.com/ofkm/arcane-backend/internal/services/container_service.go:263.11,265.53 2 0
github.com/ofkm/arcane-backend/internal/services/container_service.go:265.53,266.22 1 0
github.com/ofkm/arcane-backend/internal/services/container_service.go:266.22,268.6 1 0
github.com/ofkm/arcane-backend/internal/services/container_service.go:269.5,269.57 1 0
github.com/ofkm/arcane-backend/internal/services/container_service.go:272.4,272.11 1 0
github.com/ofkm/arcane-backend/internal/services/container_service.go:273.32,273.32 0 0
github.com/ofkm/arcane-backend/internal/services/container_service.go:274.22,275.21 1 0
github.com/ofkm/arcane-backend/internal/services/container_service.go:281.160,283.16 2 0
github.com/ofkm/arcane-backend/internal/services/container_service.go:283.16,285.3 1 0
github.com/ofkm/arcane-backend/internal/services/container_service.go:286.2,298.16 4 0
github.com/ofkm/arcane-backend/internal/services/container_service.go:298.16,300.3 1 0
github.com/ofkm/arcane-backend/internal/services/container_service.go:301.2,303.12 2 0
github.com/ofkm/arcane-backend/internal/services/container_service.go:303.12,305.3 1 0
github.com/ofkm/arcane-backend/internal/services/container_service.go:307.2,307.38 1 0
github.com/ofkm/arcane-backend/internal/services/container_service.go:310.121,317.12 3 0
github.com/ofkm/arcane-backend/internal/services/container_service.go:317.12,321.44 4 0
github.com/ofkm/arcane-backend/internal/services/container_service.go:321.44,323.4 1 0
github.com/ofkm/arcane-backend/internal/services/container_service.go:327.2,330.12 2 0
github.com/ofkm/arcane-backend/internal/services/container_service.go:330.12,332.3 1 0
github.com/ofkm/arcane-backend/internal/services/container_service.go:335.2,335.12 1 0
github.com/ofkm/arcane-backend/internal/services/container_service.go:335.12,337.3 1 0
github.com/ofkm/arcane-backend/internal/services/container_service.go:340.2,340.9 1 0
github.com/ofkm/arcane-backend/internal/services/container_service.go:341.20,342.19 1 0
github.com/ofkm/arcane-backend/internal/services/container_service.go:343.21,344.44 1 0
github.com/ofkm/arcane-backend/internal/services/container_service.go:344.44,346.4 1 0
github.com/ofkm/arcane-backend/internal/services/container_service.go:348.3,348.10 1 0
github.com/ofkm/arcane-backend/internal/services/container_service.go:349.21,350.20 1 0
github.com/ofkm/arcane-backend/internal/services/container_service.go:351.15,352.14 1 0
github.com/ofkm/arcane-backend/internal/services/container_service.go:358.131,361.21 2 0
github.com/ofkm/arcane-backend/internal/services/container_service.go:361.21,362.10 1 0
github.com/ofkm/arcane-backend/internal/services/container_service.go:363.21,364.20 1 0
github.com/ofkm/arcane-backend/internal/services/container_service.go:365.11,367.18 2 0
github.com/ofkm/arcane-backend/internal/services/container_service.go:367.18,369.27 1 0
github.com/ofkm/arcane-backend/internal/services/container_service.go:369.27,371.6 1 0
github.com/ofkm/arcane-backend/internal/services/container_service.go:373.5,373.12 1 0
github.com/ofkm/arcane-backend/internal/services/container_service.go:374.27,374.27 0 0
github.com/ofkm/arcane-backend/internal/services/container_service.go:375.23,376.22 1 0
github.com/ofkm/arcane-backend/internal/services/container_service.go:382.2,382.22 1 0
github.com/ofkm/arcane-backend/internal/services/container_service.go:385.90,390.43 4 0
github.com/ofkm/arcane-backend/internal/services/container_service.go:390.43,392.3 1 0
github.com/ofkm/arcane-backend/internal/services/container_service.go:395.2,395.25 1 0
github.com/ofkm/arcane-backend/internal/services/container_service.go:395.25,397.30 2 0
github.com/ofkm/arcane-backend/internal/services/container_service.go:397.30,398.18 1 0
github.com/ofkm/arcane-backend/internal/services/container_service.go:398.18,400.5 1 0
github.com/ofkm/arcane-backend/internal/services/container_service.go:405.2,405.25 1 0
github.com/ofkm/arcane-backend/internal/services/container_service.go:405.25,407.30 2 0
github.com/ofkm/arcane-backend/internal/services/container_service.go:407.30,408.18 1 0
github.com/ofkm/arcane-backend/internal/services/container_service.go:408.18,410.5 1 0
github.com/ofkm/arcane-backend/internal/services/container_service.go:414.2,414.12 1 0
github.com/ofkm/arcane-backend/internal/services/container_service.go:417.177,419.16 2 0
github.com/ofkm/arcane-backend/internal/services/container_service.go:419.16,421.3 1 0
github.com/ofkm/arcane-backend/internal/services/container_service.go:422.2,425.16 3 0
github.com/ofkm/arcane-backend/internal/services/container_service.go:425.16,427.3 1 0
github.com/ofkm/arcane-backend/internal/services/container_service.go:429.2,430.38 2 0
github.com/ofkm/arcane-backend/internal/services/container_service.go:430.38,432.3 1 0
github.com/ofkm/arcane-backend/internal/services/container_service.go:434.2,436.52 1 0
github.com/ofkm/arcane-backend/internal/services/container_service.go:436.52,437.25 1 0
github.com/ofkm/arcane-backend/internal/services/container_service.go:437.25,439.6 1 0
github.com/ofkm/arcane-backend/internal/services/container_service.go:440.5,440.19 1 0
github.com/ofkm/arcane-backend/internal/services/container_service.go:442.52,442.75 1 0
github.com/ofkm/arcane-backend/internal/services/container_service.go:443.52,443.75 1 0
github.com/ofkm/arcane-backend/internal/services/container_service.go:444.52,444.76 1 0
github.com/ofkm/arcane-backend/internal/services/container_service.go:449.48,451.26 2 0
github.com/ofkm/arcane-backend/internal/services/container_service.go:451.26,453.7 1 0
github.com/ofkm/arcane-backend/internal/services/container_service.go:454.6,455.26 2 0
github.com/ofkm/arcane-backend/internal/services/container_service.go:455.26,457.7 1 0
github.com/ofkm/arcane-backend/internal/services/container_service.go:458.6,458.42 1 0
github.com/ofkm/arcane-backend/internal/services/container_service.go:463.48,465.6 1 0
github.com/ofkm/arcane-backend/internal/services/container_service.go:469.48,471.6 1 0
github.com/ofkm/arcane-backend/internal/services/container_service.go:475.48,477.6 1 0
github.com/ofkm/arcane-backend/internal/services/container_service.go:481.48,482.31 1 0
github.com/ofkm/arcane-backend/internal/services/container_service.go:482.31,484.7 1 0
github.com/ofkm/arcane-backend/internal/services/container_service.go:485.6,485.31 1 0
github.com/ofkm/arcane-backend/internal/services/container_service.go:485.31,487.7 1 0
github.com/ofkm/arcane-backend/internal/services/container_service.go:488.6,488.14 1 0
github.com/ofkm/arcane-backend/internal/services/container_service.go:494.2,497.22 3 0
github.com/ofkm/arcane-backend/internal/services/container_service.go:497.22,499.3 1 0
github.com/ofkm/arcane-backend/internal/services/container_service.go:501.2,502.22 2 0
github.com/ofkm/arcane-backend/internal/services/container_service.go:502.22,504.3 1 0
github.com/ofkm/arcane-backend/internal/services/container_service.go:506.2,514.42 2 0
github.com/ofkm/arcane-backend/internal/services/container_service.go:518.110,520.16 2 0
github.com/ofkm/arcane-backend/internal/services/container_service.go:520.16,522.3 1 0
github.com/ofkm/arcane-backend/internal/services/container_service.go:523.2,534.16 4 0
github.com/ofkm/arcane-backend/internal/services/container_service.go:534.16,536.3 1 0
github.com/ofkm/arcane-backend/internal/services/container_service.go:538.2,538.25 1 0
github.com/ofkm/arcane-backend/internal/services/container_service.go:542.110,544.16 2 0
github.com/ofkm/arcane-backend/internal/services/container_service.go:544.16,546.3 1 0
github.com/ofkm/arcane-backend/internal/services/container_service.go:547.2,552.16 3 0
github.com/ofkm/arcane-backend/internal/services/container_service.go:552.16,554.3 1 0
github.com/ofkm/arcane-backend/internal/services/container_service.go:556.2,556.48 1 0
github.com/ofkm/arcane-backend/internal/services/customize_search_service.go:19.58,23.2 3 0
github.com/ofkm/arcane-backend/internal/services/customize_search_service.go:25.51,26.19 1 0
github.com/ofkm/arcane-backend/internal/services/customize_search_service.go:26.19,28.3 1 0
github.com/ofkm/arcane-backend/internal/services/customize_search_service.go:32.83,34.2 1 0
github.com/ofkm/arcane-backend/internal/services/customize_search_service.go:36.85,45.37 5 0
github.com/ofkm/arcane-backend/internal/services/customize_search_service.go:45.37,49.16 4 0
github.com/ofkm/arcane-backend/internal/services/customize_search_service.go:49.16,50.12 1 0
github.com/ofkm/arcane-backend/internal/services/customize_search_service.go:53.3,55.18 3 0
github.com/ofkm/arcane-backend/internal/services/customize_search_service.go:55.18,57.4 1 0
github.com/ofkm/arcane-backend/internal/services/customize_search_service.go:58.3,59.16 2 0
github.com/ofkm/arcane-backend/internal/services/customize_search_service.go:59.16,61.4 1 0
github.com/ofkm/arcane-backend/internal/services/customize_search_service.go:62.3,65.23 4 0
github.com/ofkm/arcane-backend/internal/services/customize_search_service.go:65.23,67.4 1 0
github.com/ofkm/arcane-backend/internal/services/customize_search_service.go:70.3,70.85 1 0
github.com/ofkm/arcane-backend/internal/services/customize_search_service.go:70.85,72.4 1 0
github.com/ofkm/arcane-backend/internal/services/customize_search_service.go:74.3,82.62 2 0
github.com/ofkm/arcane-backend/internal/services/customize_search_service.go:86.2,87.38 2 0
github.com/ofkm/arcane-backend/internal/services/customize_search_service.go:87.38,89.21 2 0
github.com/ofkm/arcane-backend/internal/services/customize_search_service.go:89.21,90.12 1 0
github.com/ofkm/arcane-backend/internal/services/customize_search_service.go:94.3,95.22 2 0
github.com/ofkm/arcane-backend/internal/services/customize_search_service.go:95.22,97.4 1 0
github.com/ofkm/arcane-backend/internal/services/customize_search_service.go:99.3,107.5 1 0
github.com/ofkm/arcane-backend/internal/services/customize_search_service.go:110.2,110.15 1 0
github.com/ofkm/arcane-backend/internal/services/customize_search_service.go:114.83,116.17 2 0
github.com/ofkm/arcane-backend/internal/services/customize_search_service.go:116.17,122.3 1 0
github.com/ofkm/arcane-backend/internal/services/customize_search_service.go:124.2,127.38 3 0
github.com/ofkm/arcane-backend/internal/services/customize_search_service.go:127.38,135.57 3 0
github.com/ofkm/arcane-backend/internal/services/customize_search_service.go:135.57,136.50 1 0
github.com/ofkm/arcane-backend/internal/services/customize_search_service.go:136.50,138.5 1 0
github.com/ofkm/arcane-backend/internal/services/customize_search_service.go:141.3,141.55 1 0
github.com/ofkm/arcane-backend/internal/services/customize_search_service.go:141.55,145.39 3 0
github.com/ofkm/arcane-backend/internal/services/customize_search_service.go:145.39,147.5 1 0
github.com/ofkm/arcane-backend/internal/services/customize_search_service.go:148.4,150.45 2 0
github.com/ofkm/arcane-backend/internal/services/customize_search_service.go:155.2,155.42 1 0
github.com/ofkm/arcane-backend/internal/services/customize_search_service.go:155.42,157.3 1 0
github.com/ofkm/arcane-backend/internal/services/customize_search_service.go:159.2,163.3 1 0
github.com/ofkm/arcane-backend/internal/services/customize_search_service.go:166.83,171.2 1 0
github.com/ofkm/arcane-backend/internal/services/customize_search_service.go:173.132,177.46 2 0
github.com/ofkm/arcane-backend/internal/services/customize_search_service.go:177.46,179.3 1 0
github.com/ofkm/arcane-backend/internal/services/customize_search_service.go:179.8,179.69 1 0
github.com/ofkm/arcane-backend/internal/services/customize_search_service.go:179.69,181.3 1 0
github.com/ofkm/arcane-backend/internal/services/customize_search_service.go:183.2,183.68 1 0
github.com/ofkm/arcane-backend/internal/services/customize_search_service.go:183.68,185.3 1 0
github.com/ofkm/arcane-backend/internal/services/customize_search_service.go:188.2,188.44 1 0
github.com/ofkm/arcane-backend/internal/services/customize_search_service.go:188.44,189.40 1 0
github.com/ofkm/arcane-backend/internal/services/customize_search_service.go:189.40,191.9 2 0
github.com/ofkm/arcane-backend/internal/services/customize_search_service.go:192.9,192.63 1 0
github.com/ofkm/arcane-backend/internal/services/customize_search_service.go:192.63,194.9 2 0
github.com/ofkm/arcane-backend/internal/services/customize_search_service.go:199.2,199.55 1 0
github.com/ofkm/arcane-backend/internal/services/customize_search_service.go:199.55,200.50 1 0
github.com/ofkm/arcane-backend/internal/services/customize_search_service.go:200.50,202.4 1 0
github.com/ofkm/arcane-backend/internal/services/customize_search_service.go:202.9,202.73 1 0
github.com/ofkm/arcane-backend/internal/services/customize_search_service.go:202.73,204.4 1 0
github.com/ofkm/arcane-backend/internal/services/customize_search_service.go:206.3,206.68 1 0
github.com/ofkm/arcane-backend/internal/services/customize_search_service.go:206.68,208.4 1 0
github.com/ofkm/arcane-backend/internal/services/customize_search_service.go:210.3,210.74 1 0
github.com/ofkm/arcane-backend/internal/services/customize_search_service.go:210.74,212.4 1 0
github.com/ofkm/arcane-backend/internal/services/customize_search_service.go:215.3,215.50 1 0
github.com/ofkm/arcane-backend/internal/services/customize_search_service.go:215.50,216.41 1 0
github.com/ofkm/arcane-backend/internal/services/customize_search_service.go:216.41,218.10 2 0
github.com/ofkm/arcane-backend/internal/services/customize_search_service.go:219.10,219.64 1 0
github.com/ofkm/arcane-backend/internal/services/customize_search_service.go:219.64,221.10 2 0
github.com/ofkm/arcane-backend/internal/services/customize_search_service.go:226.2,226.14 1 0
github.com/ofkm/arcane-backend/internal/services/customize_search_service.go:229.60,230.35 1 0
github.com/ofkm/arcane-backend/internal/services/customize_search_service.go:230.35,231.56 1 0
github.com/ofkm/arcane-backend/internal/services/customize_search_service.go:231.56,233.4 1 0
github.com/ofkm/arcane-backend/internal/services/customize_search_service.go:235.2,235.14 1 0
github.com/ofkm/arcane-backend/internal/services/docker_client_service.go:23.87,28.2 1 0
github.com/ofkm/arcane-backend/internal/services/docker_client_service.go:30.93,36.16 2 0
github.com/ofkm/arcane-backend/internal/services/docker_client_service.go:36.16,38.3 1 0
github.com/ofkm/arcane-backend/internal/services/docker_client_service.go:40.2,40.17 1 0
github.com/ofkm/arcane-backend/internal/services/docker_client_service.go:43.113,45.16 2 0
github.com/ofkm/arcane-backend/internal/services/docker_client_service.go:45.16,47.3 1 0
github.com/ofkm/arcane-backend/internal/services/docker_client_service.go:48.2,51.16 3 0
github.com/ofkm/arcane-backend/internal/services/docker_client_service.go:51.16,53.3 1 0
github.com/ofkm/arcane-backend/internal/services/docker_client_service.go:55.2,56.31 2 0
github.com/ofkm/arcane-backend/internal/services/docker_client_service.go:56.31,58.27 2 0
github.com/ofkm/arcane-backend/internal/services/docker_client_service.go:58.27,60.4 1 0
github.com/ofkm/arcane-backend/internal/services/docker_client_service.go:60.9,62.4 1 0
github.com/ofkm/arcane-backend/internal/services/docker_client_service.go:65.2,65.49 1 0
github.com/ofkm/arcane-backend/internal/services/docker_client_service.go:68.105,70.16 2 0
github.com/ofkm/arcane-backend/internal/services/docker_client_service.go:70.16,72.3 1 0
github.com/ofkm/arcane-backend/internal/services/docker_client_service.go:73.2,76.16 3 0
github.com/ofkm/arcane-backend/internal/services/docker_client_service.go:76.16,78.3 1 0
github.com/ofkm/arcane-backend/internal/services/docker_client_service.go:80.2,81.27 2 0
github.com/ofkm/arcane-backend/internal/services/docker_client_service.go:81.27,83.24 2 0
github.com/ofkm/arcane-backend/internal/services/docker_client_service.go:83.24,85.4 1 0
github.com/ofkm/arcane-backend/internal/services/docker_client_service.go:85.9,87.4 1 0
github.com/ofkm/arcane-backend/internal/services/docker_client_service.go:90.2,90.42 1 0
github.com/ofkm/arcane-backend/internal/services/docker_client_service.go:93.160,95.16 2 0
github.com/ofkm/arcane-backend/internal/services/docker_client_service.go:95.16,97.3 1 0
github.com/ofkm/arcane-backend/internal/services/docker_client_service.go:98.2,101.16 3 0
github.com/ofkm/arcane-backend/internal/services/docker_client_service.go:101.16,103.3 1 0
github.com/ofkm/arcane-backend/internal/services/docker_client_service.go:104.2,106.31 3 0
github.com/ofkm/arcane-backend/internal/services/docker_client_service.go:106.31,107.68 1 0
github.com/ofkm/arcane-backend/internal/services/docker_client_service.go:107.68,108.12 1 0
github.com/ofkm/arcane-backend/internal/services/docker_client_service.go:110.3,110.55 1 0
github.com/ofkm/arcane-backend/internal/services/docker_client_service.go:110.55,111.26 1 0
github.com/ofkm/arcane-backend/internal/services/docker_client_service.go:111.26,113.5 1 0
github.com/ofkm/arcane-backend/internal/services/docker_client_service.go:114.4,114.31 1 0
github.com/ofkm/arcane-backend/internal/services/docker_client_service.go:118.2,119.16 2 0
github.com/ofkm/arcane-backend/internal/services/docker_client_service.go:119.16,121.3 1 0
github.com/ofkm/arcane-backend/internal/services/docker_client_service.go:123.2,124.29 2 0
github.com/ofkm/arcane-backend/internal/services/docker_client_service.go:124.29,128.39 2 0
github.com/ofkm/arcane-backend/internal/services/docker_client_service.go:128.39,130.12 2 0
github.com/ofkm/arcane-backend/internal/services/docker_client_service.go:130.12,132.5 1 0
github.com/ofkm/arcane-backend/internal/services/docker_client_service.go:132.10,134.5 1 0
github.com/ofkm/arcane-backend/internal/services/docker_client_service.go:139.2,139.44 1 0
github.com/ofkm/arcane-backend/internal/services/docker_client_service.go:142.107,144.16 2 0
github.com/ofkm/arcane-backend/internal/services/docker_client_service.go:144.16,146.3 1 0
github.com/ofkm/arcane-backend/internal/services/docker_client_service.go:147.2,150.16 3 0
github.com/ofkm/arcane-backend/internal/services/docker_client_service.go:150.16,152.3 1 0
github.com/ofkm/arcane-backend/internal/services/docker_client_service.go:153.2,154.31 2 0
github.com/ofkm/arcane-backend/internal/services/docker_client_service.go:154.31,155.30 1 0
github.com/ofkm/arcane-backend/internal/services/docker_client_service.go:155.30,156.50 1 0
github.com/ofkm/arcane-backend/internal/services/docker_client_service.go:156.50,158.5 1 0
github.com/ofkm/arcane-backend/internal/services/docker_client_service.go:162.2,163.16 2 0
github.com/ofkm/arcane-backend/internal/services/docker_client_service.go:163.16,165.3 1 0
github.com/ofkm/arcane-backend/internal/services/docker_client_service.go:166.2,169.28 3 0
github.com/ofkm/arcane-backend/internal/services/docker_client_service.go:169.28,171.22 2 0
github.com/ofkm/arcane-backend/internal/services/docker_client_service.go:171.22,173.4 1 0
github.com/ofkm/arcane-backend/internal/services/docker_client_service.go:173.9,175.4 1 0
github.com/ofkm/arcane-backend/internal/services/docker_client_service.go:178.2,178.43 1 0
github.com/ofkm/arcane-backend/internal/services/environment_service.go:31.126,32.23 1 0
github.com/ofkm/arcane-backend/internal/services/environment_service.go:32.23,34.3 1 0
github.com/ofkm/arcane-backend/internal/services/environment_service.go:35.2,35.90 1 0
github.com/ofkm/arcane-backend/internal/services/environment_service.go:38.95,44.16 4 0
github.com/ofkm/arcane-backend/internal/services/environment_service.go:44.16,47.3 1 0
github.com/ofkm/arcane-backend/internal/services/environment_service.go:49.2,49.45 1 0
github.com/ofkm/arcane-backend/internal/services/environment_service.go:49.45,51.3 1 0
github.com/ofkm/arcane-backend/internal/services/environment_service.go:54.2,67.69 3 0
github.com/ofkm/arcane-backend/internal/services/environment_service.go:67.69,69.3 1 0
github.com/ofkm/arcane-backend/internal/services/environment_service.go:71.2,72.12 2 0
github.com/ofkm/arcane-backend/internal/services/environment_service.go:75.131,82.72 6 0
github.com/ofkm/arcane-backend/internal/services/environment_service.go:82.72,84.3 1 0
github.com/ofkm/arcane-backend/internal/services/environment_service.go:86.2,86.25 1 0
github.com/ofkm/arcane-backend/internal/services/environment_service.go:89.110,91.92 2 0
github.com/ofkm/arcane-backend/internal/services/environment_service.go:91.92,92.45 1 0
github.com/ofkm/arcane-backend/internal/services/environment_service.go:92.45,94.4 1 0
github.com/ofkm/arcane-backend/internal/services/environment_service.go:95.3,95.63 1 0
github.com/ofkm/arcane-backend/internal/services/environment_service.go:97.2,97.26 1 0
github.com/ofkm/arcane-backend/internal/services/environment_service.go:100.159,104.58 3 0
github.com/ofkm/arcane-backend/internal/services/environment_service.go:104.58,110.3 2 0
github.com/ofkm/arcane-backend/internal/services/environment_service.go:112.2,112.54 1 0
github.com/ofkm/arcane-backend/internal/services/environment_service.go:112.54,114.3 1 0
github.com/ofkm/arcane-backend/internal/services/environment_service.go:115.2,115.57 1 0
github.com/ofkm/arcane-backend/internal/services/environment_service.go:115.57,116.18 1 0
github.com/ofkm/arcane-backend/internal/services/environment_service.go:117.20,118.36 1 0
github.com/ofkm/arcane-backend/internal/services/environment_service.go:119.21,120.37 1 0
github.com/ofkm/arcane-backend/internal/services/environment_service.go:124.2,125.16 2 0
github.com/ofkm/arcane-backend/internal/services/environment_service.go:125.16,127.3 1 0
github.com/ofkm/arcane-backend/internal/services/environment_service.go:129.2,130.19 2 0
github.com/ofkm/arcane-backend/internal/services/environment_service.go:130.19,132.3 1 0
github.com/ofkm/arcane-backend/internal/services/environment_service.go:134.2,134.33 1 0
github.com/ofkm/arcane-backend/internal/services/environment_service.go:137.141,141.118 3 0
github.com/ofkm/arcane-backend/internal/services/environment_service.go:141.118,143.3 1 0
github.com/ofkm/arcane-backend/internal/services/environment_service.go:145.2,145.38 1 0
github.com/ofkm/arcane-backend/internal/services/environment_service.go:148.86,149.96 1 0
github.com/ofkm/arcane-backend/internal/services/environment_service.go:149.96,151.3 1 0
github.com/ofkm/arcane-backend/internal/services/environment_service.go:152.2,152.12 1 0
github.com/ofkm/arcane-backend/internal/services/environment_service.go:155.115,157.16 2 0
github.com/ofkm/arcane-backend/internal/services/environment_service.go:157.16,159.3 1 0
github.com/ofkm/arcane-backend/internal/services/environment_service.go:162.2,162.38 1 0
github.com/ofkm/arcane-backend/internal/services/environment_service.go:162.38,164.3 1 0
github.com/ofkm/arcane-backend/internal/services/environment_service.go:166.2,167.48 2 0
github.com/ofkm/arcane-backend/internal/services/environment_service.go:167.48,169.3 1 0
github.com/ofkm/arcane-backend/internal/services/environment_service.go:171.2,175.16 5 0
github.com/ofkm/arcane-backend/internal/services/environment_service.go:175.16,176.26 1 0
github.com/ofkm/arcane-backend/internal/services/environment_service.go:176.26,178.4 1 0
github.com/ofkm/arcane-backend/internal/services/environment_service.go:179.3,179.68 1 0
github.com/ofkm/arcane-backend/internal/services/environment_service.go:181.2,182.16 2 0
github.com/ofkm/arcane-backend/internal/services/environment_service.go:182.16,183.26 1 0
github.com/ofkm/arcane-backend/internal/services/environment_service.go:183.26,185.4 1 0
github.com/ofkm/arcane-backend/internal/services/environment_service.go:186.3,186.61 1 0
github.com/ofkm/arcane-backend/internal/services/environment_service.go:188.2,190.38 2 0
github.com/ofkm/arcane-backend/internal/services/environment_service.go:190.38,191.26 1 0
github.com/ofkm/arcane-backend/internal/services/environment_service.go:191.26,193.4 1 0
github.com/ofkm/arcane-backend/internal/services/environment_service.go:194.3,194.23 1 0
github.com/ofkm/arcane-backend/internal/services/environment_service.go:197.2,197.25 1 0
github.com/ofkm/arcane-backend/internal/services/environment_service.go:197.25,199.3 1 0
github.com/ofkm/arcane-backend/internal/services/environment_service.go:200.2,200.75 1 0
github.com/ofkm/arcane-backend/internal/services/environment_service.go:203.104,209.16 4 0
github.com/ofkm/arcane-backend/internal/services/environment_service.go:209.16,212.3 2 0
github.com/ofkm/arcane-backend/internal/services/environment_service.go:213.2,216.16 3 0
github.com/ofkm/arcane-backend/internal/services/environment_service.go:216.16,219.3 2 0
github.com/ofkm/arcane-backend/internal/services/environment_service.go:221.2,222.22 2 0
github.com/ofkm/arcane-backend/internal/services/environment_service.go:225.108,232.118 3 0
github.com/ofkm/arcane-backend/internal/services/environment_service.go:232.118,234.3 1 0
github.com/ofkm/arcane-backend/internal/services/environment_service.go:235.2,235.12 1 0
github.com/ofkm/arcane-backend/internal/services/environment_service.go:238.95,244.23 2 0
github.com/ofkm/arcane-backend/internal/services/environment_service.go:244.23,246.3 1 0
github.com/ofkm/arcane-backend/internal/services/environment_service.go:247.2,247.12 1 0
github.com/ofkm/arcane-backend/internal/services/environment_service.go:250.121,254.16 4 0
github.com/ofkm/arcane-backend/internal/services/environment_service.go:254.16,256.3 1 0
github.com/ofkm/arcane-backend/internal/services/environment_service.go:257.2,260.16 3 0
github.com/ofkm/arcane-backend/internal/services/environment_service.go:260.16,262.3 1 0
github.com/ofkm/arcane-backend/internal/services/environment_service.go:263.2,265.38 2 0
github.com/ofkm/arcane-backend/internal/services/environment_service.go:265.38,268.3 2 0
github.com/ofkm/arcane-backend/internal/services/environment_service.go:270.2,277.67 2 0
github.com/ofkm/arcane-backend/internal/services/environment_service.go:277.67,279.3 1 0
github.com/ofkm/arcane-backend/internal/services/environment_service.go:280.2,280.48 1 0
github.com/ofkm/arcane-backend/internal/services/environment_service.go:280.48,282.3 1 0
github.com/ofkm/arcane-backend/internal/services/environment_service.go:284.2,284.31 1 0
github.com/ofkm/arcane-backend/internal/services/environment_service.go:287.138,289.16 2 0
github.com/ofkm/arcane-backend/internal/services/environment_service.go:289.16,291.3 1 0
github.com/ofkm/arcane-backend/internal/services/environment_service.go:292.2,295.51 1 0
github.com/ofkm/arcane-backend/internal/services/environment_service.go:295.51,297.3 1 0
github.com/ofkm/arcane-backend/internal/services/environment_service.go:298.2,298.19 1 0
github.com/ofkm/arcane-backend/internal/services/environment_service.go:301.110,303.57 2 0
github.com/ofkm/arcane-backend/internal/services/environment_service.go:303.57,305.3 1 0
github.com/ofkm/arcane-backend/internal/services/environment_service.go:305.8,305.83 1 0
github.com/ofkm/arcane-backend/internal/services/environment_service.go:305.83,307.3 1 0
github.com/ofkm/arcane-backend/internal/services/environment_service.go:310.2,310.34 1 0
github.com/ofkm/arcane-backend/internal/services/environment_service.go:310.34,311.67 1 0
github.com/ofkm/arcane-backend/internal/services/environment_service.go:311.67,314.4 1 0
github.com/ofkm/arcane-backend/internal/services/environment_service.go:317.2,317.22 1 0
github.com/ofkm/arcane-backend/internal/services/environment_service.go:317.22,319.3 1 0
github.com/ofkm/arcane-backend/internal/services/environment_service.go:320.2,320.10 1 0
github.com/ofkm/arcane-backend/internal/services/environment_service.go:323.41,325.33 1 0
github.com/ofkm/arcane-backend/internal/services/environment_service.go:325.33,327.14 2 0
github.com/ofkm/arcane-backend/internal/services/environment_service.go:327.14,329.4 1 0
github.com/ofkm/arcane-backend/internal/services/environment_service.go:330.3,330.36 1 0
github.com/ofkm/arcane-backend/internal/services/environment_service.go:330.36,332.4 1 0
github.com/ofkm/arcane-backend/internal/services/environment_service.go:333.3,333.35 1 0
github.com/ofkm/arcane-backend/internal/services/environment_service.go:333.35,335.4 1 0
github.com/ofkm/arcane-backend/internal/services/environment_service.go:336.3,336.12 1 0
github.com/ofkm/arcane-backend/internal/services/environment_service.go:339.2,339.62 1 0
github.com/ofkm/arcane-backend/internal/services/environment_service.go:339.62,341.3 1 0
github.com/ofkm/arcane-backend/internal/services/environment_service.go:342.2,342.63 1 0
github.com/ofkm/arcane-backend/internal/services/environment_service.go:342.63,344.3 1 0
github.com/ofkm/arcane-backend/internal/services/environment_service.go:347.2,347.51 1 0
github.com/ofkm/arcane-backend/internal/services/environment_service.go:347.51,350.27 2 0
github.com/ofkm/arcane-backend/internal/services/environment_service.go:350.27,352.55 2 0
github.com/ofkm/arcane-backend/internal/services/environment_service.go:352.55,353.61 1 0
github.com/ofkm/arcane-backend/internal/services/environment_service.go:353.61,355.6 1 0
github.com/ofkm/arcane-backend/internal/services/environment_service.go:361.2,361.96 1 0
github.com/ofkm/arcane-backend/internal/services/environment_service.go:361.96,363.3 1 0
github.com/ofkm/arcane-backend/internal/services/environment_service.go:366.2,366.20 1 0
github.com/ofkm/arcane-backend/internal/services/environment_service.go:366.20,368.3 1 0
github.com/ofkm/arcane-backend/internal/services/environment_service.go:369.2,369.13 1 0
github.com/ofkm/arcane-backend/internal/services/environment_service.go:372.130,381.2 3 0
github.com/ofkm/arcane-backend/internal/services/environment_service.go:385.152,387.16 2 0
github.com/ofkm/arcane-backend/internal/services/environment_service.go:387.16,389.3 1 0
github.com/ofkm/arcane-backend/internal/services/environment_service.go:390.2,390.28 1 0
github.com/ofkm/arcane-backend/internal/services/environment_service.go:390.28,392.3 1 0
github.com/ofkm/arcane-backend/internal/services/environment_service.go:392.8,394.3 1 0
github.com/ofkm/arcane-backend/internal/services/environment_service.go:395.2,399.36 4 0
github.com/ofkm/arcane-backend/internal/services/environment_service.go:399.36,401.3 1 0
github.com/ofkm/arcane-backend/internal/services/environment_service.go:402.2,403.30 2 0
github.com/ofkm/arcane-backend/internal/services/environment_service.go:406.51,408.2 1 0
github.com/ofkm/arcane-backend/internal/services/environment_service.go:410.124,412.97 2 0
github.com/ofkm/arcane-backend/internal/services/environment_service.go:412.97,414.3 1 0
github.com/ofkm/arcane-backend/internal/services/environment_service.go:416.2,417.33 2 0
github.com/ofkm/arcane-backend/internal/services/environment_service.go:417.33,418.60 1 0
github.com/ofkm/arcane-backend/internal/services/environment_service.go:418.60,419.12 1 0
github.com/ofkm/arcane-backend/internal/services/environment_service.go:422.3,423.17 2 0
github.com/ofkm/arcane-backend/internal/services/environment_service.go:423.17,427.12 2 0
github.com/ofkm/arcane-backend/internal/services/environment_service.go:430.3,435.5 1 0
github.com/ofkm/arcane-backend/internal/services/environment_service.go:438.2,438.19 1 0
github.com/ofkm/arcane-backend/internal/services/environment_service.go:442.107,445.16 2 0
github.com/ofkm/arcane-backend/internal/services/environment_service.go:445.16,447.3 1 0
github.com/ofkm/arcane-backend/internal/services/environment_service.go:450.2,450.26 1 0
github.com/ofkm/arcane-backend/internal/services/environment_service.go:450.26,452.3 1 0
github.com/ofkm/arcane-backend/internal/services/environment_service.go:454.2,461.70 3 0
github.com/ofkm/arcane-backend/internal/services/environment_service.go:461.70,463.3 1 0
github.com/ofkm/arcane-backend/internal/services/environment_service.go:465.2,470.33 3 0
github.com/ofkm/arcane-backend/internal/services/environment_service.go:470.33,472.17 2 0
github.com/ofkm/arcane-backend/internal/services/environment_service.go:472.17,477.12 2 0
github.com/ofkm/arcane-backend/internal/services/environment_service.go:480.3,490.5 1 0
github.com/ofkm/arcane-backend/internal/services/environment_service.go:494.2,500.16 3 0
github.com/ofkm/arcane-backend/internal/services/environment_service.go:500.16,502.3 1 0
github.com/ofkm/arcane-backend/internal/services/environment_service.go:505.2,510.16 5 0
github.com/ofkm/arcane-backend/internal/services/environment_service.go:510.16,512.3 1 0
github.com/ofkm/arcane-backend/internal/services/environment_service.go:514.2,515.70 2 0
github.com/ofkm/arcane-backend/internal/services/environment_service.go:515.70,518.3 2 0
github.com/ofkm/arcane-backend/internal/services/environment_service.go:518.8,521.3 1 0
github.com/ofkm/arcane-backend/internal/services/environment_service.go:523.2,528.16 3 0
github.com/ofkm/arcane-backend/internal/services/environment_service.go:528.16,530.3 1 0
github.com/ofkm/arcane-backend/internal/services/environment_service.go:531.2,533.38 2 0
github.com/ofkm/arcane-backend/internal/services/environment_service.go:533.38,539.3 3 0
github.com/ofkm/arcane-backend/internal/services/environment_service.go:541.2,547.67 2 0
github.com/ofkm/arcane-backend/internal/services/environment_service.go:547.67,549.3 1 0
github.com/ofkm/arcane-backend/internal/services/environment_service.go:551.2,551.21 1 0
github.com/ofkm/arcane-backend/internal/services/environment_service.go:551.21,553.3 1 0
github.com/ofkm/arcane-backend/internal/services/environment_service.go:555.2,559.12 2 0
github.com/ofkm/arcane-backend/internal/services/event_service.go:21.53,23.2 1 0
github.com/ofkm/arcane-backend/internal/services/event_service.go:39.104,41.20 2 0
github.com/ofkm/arcane-backend/internal/services/event_service.go:41.20,43.3 1 0
github.com/ofkm/arcane-backend/internal/services/event_service.go:45.2,63.66 2 0
github.com/ofkm/arcane-backend/internal/services/event_service.go:63.66,65.3 1 0
github.com/ofkm/arcane-backend/internal/services/event_service.go:67.2,67.19 1 0
github.com/ofkm/arcane-backend/internal/services/event_service.go:70.111,72.20 2 0
github.com/ofkm/arcane-backend/internal/services/event_service.go:72.20,74.3 1 0
github.com/ofkm/arcane-backend/internal/services/event_service.go:76.2,77.25 2 0
github.com/ofkm/arcane-backend/internal/services/event_service.go:77.25,79.3 1 0
github.com/ofkm/arcane-backend/internal/services/event_service.go:81.2,96.16 3 0
github.com/ofkm/arcane-backend/internal/services/event_service.go:96.16,98.3 1 0
github.com/ofkm/arcane-backend/internal/services/event_service.go:100.2,100.33 1 0
github.com/ofkm/arcane-backend/internal/services/event_service.go:103.141,107.58 3 0
github.com/ofkm/arcane-backend/internal/services/event_service.go:107.58,113.3 2 0
github.com/ofkm/arcane-backend/internal/services/event_service.go:115.2,115.60 1 0
github.com/ofkm/arcane-backend/internal/services/event_service.go:115.60,117.3 1 0
github.com/ofkm/arcane-backend/internal/services/event_service.go:118.2,118.58 1 0
github.com/ofkm/arcane-backend/internal/services/event_service.go:118.58,120.3 1 0
github.com/ofkm/arcane-backend/internal/services/event_service.go:121.2,121.72 1 0
github.com/ofkm/arcane-backend/internal/services/event_service.go:121.72,123.3 1 0
github.com/ofkm/arcane-backend/internal/services/event_service.go:124.2,124.60 1 0
github.com/ofkm/arcane-backend/internal/services/event_service.go:124.60,126.3 1 0
github.com/ofkm/arcane-backend/internal/services/event_service.go:127.2,127.75 1 0
github.com/ofkm/arcane-backend/internal/services/event_service.go:127.75,129.3 1 0
github.com/ofkm/arcane-backend/internal/services/event_service.go:131.2,132.16 2 0
github.com/ofkm/arcane-backend/internal/services/event_service.go:132.16,134.3 1 0
github.com/ofkm/arcane-backend/internal/services/event_service.go:136.2,137.19 2 0
github.com/ofkm/arcane-backend/internal/services/event_service.go:137.19,139.3 1 0
github.com/ofkm/arcane-backend/internal/services/event_service.go:141.2,141.39 1 0
github.com/ofkm/arcane-backend/internal/services/event_service.go:144.175,148.58 3 0
github.com/ofkm/arcane-backend/internal/services/event_service.go:148.58,154.3 2 0
github.com/ofkm/arcane-backend/internal/services/event_service.go:156.2,156.60 1 0
github.com/ofkm/arcane-backend/internal/services/event_service.go:156.60,158.3 1 0
github.com/ofkm/arcane-backend/internal/services/event_service.go:159.2,159.58 1 0
github.com/ofkm/arcane-backend/internal/services/event_service.go:159.58,161.3 1 0
github.com/ofkm/arcane-backend/internal/services/event_service.go:162.2,162.72 1 0
github.com/ofkm/arcane-backend/internal/services/event_service.go:162.72,164.3 1 0
github.com/ofkm/arcane-backend/internal/services/event_service.go:165.2,165.60 1 0
github.com/ofkm/arcane-backend/internal/services/event_service.go:165.60,167.3 1 0
github.com/ofkm/arcane-backend/internal/services/event_service.go:169.2,170.16 2 0
github.com/ofkm/arcane-backend/internal/services/event_service.go:170.16,172.3 1 0
github.com/ofkm/arcane-backend/internal/services/event_service.go:174.2,175.19 2 0
github.com/ofkm/arcane-backend/internal/services/event_service.go:175.19,177.3 1 0
github.com/ofkm/arcane-backend/internal/services/event_service.go:179.2,179.39 1 0
github.com/ofkm/arcane-backend/internal/services/event_service.go:182.79,184.25 2 0
github.com/ofkm/arcane-backend/internal/services/event_service.go:184.25,186.3 1 0
github.com/ofkm/arcane-backend/internal/services/event_service.go:187.2,187.30 1 0
github.com/ofkm/arcane-backend/internal/services/event_service.go:187.30,189.3 1 0
github.com/ofkm/arcane-backend/internal/services/event_service.go:190.2,190.12 1 0
github.com/ofkm/arcane-backend/internal/services/event_service.go:193.92,196.25 3 0
github.com/ofkm/arcane-backend/internal/services/event_service.go:196.25,198.3 1 0
github.com/ofkm/arcane-backend/internal/services/event_service.go:199.2,199.12 1 0
github.com/ofkm/arcane-backend/internal/services/event_service.go:202.187,222.2 6 0
github.com/ofkm/arcane-backend/internal/services/event_service.go:224.175,244.2 6 0
github.com/ofkm/arcane-backend/internal/services/event_service.go:246.181,266.2 6 0
github.com/ofkm/arcane-backend/internal/services/event_service.go:268.139,283.2 5 0
github.com/ofkm/arcane-backend/internal/services/event_service.go:285.178,305.2 6 0
github.com/ofkm/arcane-backend/internal/services/event_service.go:307.181,327.2 6 0
github.com/ofkm/arcane-backend/internal/services/event_service.go:329.200,330.16 1 0
github.com/ofkm/arcane-backend/internal/services/event_service.go:330.16,332.3 1 0
github.com/ofkm/arcane-backend/internal/services/event_service.go:334.2,334.21 1 0
github.com/ofkm/arcane-backend/internal/services/event_service.go:334.21,336.3 1 0
github.com/ofkm/arcane-backend/internal/services/event_service.go:337.2,341.24 4 0
github.com/ofkm/arcane-backend/internal/services/event_service.go:341.24,343.3 1 0
github.com/ofkm/arcane-backend/internal/services/event_service.go:345.2,360.19 3 0
github.com/ofkm/arcane-backend/internal/services/event_service.go:360.19,362.3 1 0
github.com/ofkm/arcane-backend/internal/services/event_service.go:365.70,367.27 2 0
github.com/ofkm/arcane-backend/internal/services/event_service.go:367.27,369.3 1 0
github.com/ofkm/arcane-backend/internal/services/event_service.go:371.2,387.3 1 0
github.com/ofkm/arcane-backend/internal/services/event_service.go:390.99,391.19 1 0
github.com/ofkm/arcane-backend/internal/services/event_service.go:392.38,393.60 1 0
github.com/ofkm/arcane-backend/internal/services/event_service.go:394.37,395.60 1 0
github.com/ofkm/arcane-backend/internal/services/event_service.go:396.40,397.62 1 0
github.com/ofkm/arcane-backend/internal/services/event_service.go:398.39,399.60 1 0
github.com/ofkm/arcane-backend/internal/services/event_service.go:400.39,401.60 1 0
github.com/ofkm/arcane-backend/internal/services/event_service.go:402.37,403.60 1 0
github.com/ofkm/arcane-backend/internal/services/event_service.go:404.39,405.60 1 0
github.com/ofkm/arcane-backend/internal/services/event_service.go:406.38,407.58 1 0
github.com/ofkm/arcane-backend/internal/services/event_service.go:408.33,409.55 1 0
github.com/ofkm/arcane-backend/internal/services/event_service.go:410.33,411.55 1 0
github.com/ofkm/arcane-backend/internal/services/event_service.go:412.35,413.56 1 0
github.com/ofkm/arcane-backend/internal/services/event_service.go:414.33,415.56 1 0
github.com/ofkm/arcane-backend/internal/services/event_service.go:416.34,417.54 1 0
github.com/ofkm/arcane-backend/internal/services/event_service.go:418.37,419.59 1 0
github.com/ofkm/arcane-backend/internal/services/event_service.go:420.37,421.58 1 0
github.com/ofkm/arcane-backend/internal/services/event_service.go:422.36,423.58 1 0
github.com/ofkm/arcane-backend/internal/services/event_service.go:424.35,425.58 1 0
github.com/ofkm/arcane-backend/internal/services/event_service.go:426.37,427.58 1 0
github.com/ofkm/arcane-backend/internal/services/event_service.go:428.37,429.58 1 0
github.com/ofkm/arcane-backend/internal/services/event_service.go:430.36,431.56 1 0
github.com/ofkm/arcane-backend/internal/services/event_service.go:432.36,433.57 1 0
github.com/ofkm/arcane-backend/internal/services/event_service.go:434.36,435.57 1 0
github.com/ofkm/arcane-backend/internal/services/event_service.go:436.35,437.55 1 0
github.com/ofkm/arcane-backend/internal/services/event_service.go:438.37,439.58 1 0
github.com/ofkm/arcane-backend/internal/services/event_service.go:440.37,441.58 1 0
github.com/ofkm/arcane-backend/internal/services/event_service.go:442.36,443.56 1 0
github.com/ofkm/arcane-backend/internal/services/event_service.go:444.35,445.34 1 0
github.com/ofkm/arcane-backend/internal/services/event_service.go:446.40,447.40 1 0
github.com/ofkm/arcane-backend/internal/services/event_service.go:448.37,449.36 1 0
github.com/ofkm/arcane-backend/internal/services/event_service.go:450.33,451.57 1 0
github.com/ofkm/arcane-backend/internal/services/event_service.go:452.34,453.58 1 0
github.com/ofkm/arcane-backend/internal/services/event_service.go:454.10,455.53 1 0
github.com/ofkm/arcane-backend/internal/services/event_service.go:459.119,460.19 1 0
github.com/ofkm/arcane-backend/internal/services/event_service.go:461.64,462.88 1 0
github.com/ofkm/arcane-backend/internal/services/event_service.go:463.38,464.70 1 0
github.com/ofkm/arcane-backend/internal/services/event_service.go:465.37,466.70 1 0
github.com/ofkm/arcane-backend/internal/services/event_service.go:467.40,468.72 1 0
github.com/ofkm/arcane-backend/internal/services/event_service.go:469.39,470.70 1 0
github.com/ofkm/arcane-backend/internal/services/event_service.go:471.39,472.70 1 0
github.com/ofkm/arcane-backend/internal/services/event_service.go:473.39,474.70 1 0
github.com/ofkm/arcane-backend/internal/services/event_service.go:475.38,476.76 1 0
github.com/ofkm/arcane-backend/internal/services/event_service.go:477.33,478.65 1 0
github.com/ofkm/arcane-backend/internal/services/event_service.go:479.33,480.78 1 0
github.com/ofkm/arcane-backend/internal/services/event_service.go:481.35,482.66 1 0
github.com/ofkm/arcane-backend/internal/services/event_service.go:483.34,484.72 1 0
github.com/ofkm/arcane-backend/internal/services/event_service.go:485.37,486.69 1 0
github.com/ofkm/arcane-backend/internal/services/event_service.go:487.37,488.68 1 0
github.com/ofkm/arcane-backend/internal/services/event_service.go:489.36,490.68 1 0
github.com/ofkm/arcane-backend/internal/services/event_service.go:491.35,492.68 1 0
github.com/ofkm/arcane-backend/internal/services/event_service.go:493.37,494.68 1 0
github.com/ofkm/arcane-backend/internal/services/event_service.go:495.37,496.68 1 0
github.com/ofkm/arcane-backend/internal/services/event_service.go:497.36,498.74 1 0
github.com/ofkm/arcane-backend/internal/services/event_service.go:499.36,500.67 1 0
[...]
github.com/ofkm/arcane-backend/internal/services/user_service.go:197.45,199.4 1 0
github.com/ofkm/arcane-backend/internal/services/user_service.go:200.3,200.65 1 0
github.com/ofkm/arcane-backend/internal/services/user_service.go:202.2,202.19 1 0
github.com/ofkm/arcane-backend/internal/services/user_service.go:205.96,206.63 1 0
github.com/ofkm/arcane-backend/internal/services/user_service.go:206.63,208.3 1 0
github.com/ofkm/arcane-backend/internal/services/user_service.go:209.2,209.18 1 0
github.com/ofkm/arcane-backend/internal/services/user_service.go:216.159,218.67 2 0
github.com/ofkm/arcane-backend/internal/services/user_service.go:218.67,223.32 2 0
github.com/ofkm/arcane-backend/internal/services/user_service.go:223.32,224.46 1 0
github.com/ofkm/arcane-backend/internal/services/user_service.go:224.46,226.5 1 0
github.com/ofkm/arcane-backend/internal/services/user_service.go:227.4,227.68 1 0
github.com/ofkm/arcane-backend/internal/services/user_service.go:231.3,231.86 1 0
github.com/ofkm/arcane-backend/internal/services/user_service.go:231.86,233.4 1 0
github.com/ofkm/arcane-backend/internal/services/user_service.go:236.3,238.22 2 0
github.com/ofkm/arcane-backend/internal/services/user_service.go:238.22,240.4 1 0
github.com/ofkm/arcane-backend/internal/services/user_service.go:242.3,242.43 1 0
github.com/ofkm/arcane-backend/internal/services/user_service.go:242.43,244.131 1 0
github.com/ofkm/arcane-backend/internal/services/user_service.go:244.131,246.5 1 0
github.com/ofkm/arcane-backend/internal/services/user_service.go:247.4,247.62 1 0
github.com/ofkm/arcane-backend/internal/services/user_service.go:249.3,250.13 2 0
github.com/ofkm/arcane-backend/internal/services/user_service.go:252.2,252.16 1 0
github.com/ofkm/arcane-backend/internal/services/user_service.go:252.16,254.3 1 0
github.com/ofkm/arcane-backend/internal/services/user_service.go:255.2,255.17 1 0
github.com/ofkm/arcane-backend/internal/services/user_service.go:258.51,260.71 2 0
github.com/ofkm/arcane-backend/internal/services/user_service.go:260.71,262.3 1 0
github.com/ofkm/arcane-backend/internal/services/user_service.go:263.2,263.19 1 0
github.com/ofkm/arcane-backend/internal/services/user_service.go:266.50,268.16 2 0
github.com/ofkm/arcane-backend/internal/services/user_service.go:268.16,270.3 1 0
github.com/ofkm/arcane-backend/internal/services/user_service.go:272.2,272.15 1 0
github.com/ofkm/arcane-backend/internal/services/user_service.go:272.15,275.3 2 0
github.com/ofkm/arcane-backend/internal/services/user_service.go:277.2,278.16 2 0
github.com/ofkm/arcane-backend/internal/services/user_service.go:278.16,280.3 1 0
github.com/ofkm/arcane-backend/internal/services/user_service.go:283.2,284.46 2 0
github.com/ofkm/arcane-backend/internal/services/user_service.go:284.46,286.3 1 0
github.com/ofkm/arcane-backend/internal/services/user_service.go:288.2,293.12 5 0
github.com/ofkm/arcane-backend/internal/services/user_service.go:296.72,297.89 1 0
github.com/ofkm/arcane-backend/internal/services/user_service.go:297.89,299.3 1 0
github.com/ofkm/arcane-backend/internal/services/user_service.go:300.2,300.12 1 0
github.com/ofkm/arcane-backend/internal/services/user_service.go:303.69,305.2 1 0
github.com/ofkm/arcane-backend/internal/services/user_service.go:307.62,309.2 1 0
github.com/ofkm/arcane-backend/internal/services/user_service.go:311.95,313.16 2 0
github.com/ofkm/arcane-backend/internal/services/user_service.go:313.16,315.3 1 0
github.com/ofkm/arcane-backend/internal/services/user_service.go:317.2,319.41 1 0
github.com/ofkm/arcane-backend/internal/services/user_service.go:322.146,326.58 3 0
github.com/ofkm/arcane-backend/internal/services/user_service.go:326.58,332.3 2 0
github.com/ofkm/arcane-backend/internal/services/user_service.go:334.2,335.16 2 0
github.com/ofkm/arcane-backend/internal/services/user_service.go:335.16,337.3 1 0
github.com/ofkm/arcane-backend/internal/services/user_service.go:339.2,340.29 2 0
github.com/ofkm/arcane-backend/internal/services/user_service.go:340.29,342.3 1 0
github.com/ofkm/arcane-backend/internal/services/user_service.go:344.2,344.36 1 0
github.com/ofkm/arcane-backend/internal/services/user_service.go:347.62,359.2 1 0
github.com/ofkm/arcane-backend/internal/services/user_service.go:361.89,364.2 2 0
github.com/ofkm/arcane-backend/internal/services/user_service.go:366.110,374.2 3 0
github.com/ofkm/arcane-backend/internal/services/version_service.go:31.113,32.23 1 0
github.com/ofkm/arcane-backend/internal/services/version_service.go:32.23,34.3 1 0
github.com/ofkm/arcane-backend/internal/services/version_service.go:35.2,41.3 1 0
github.com/ofkm/arcane-backend/internal/services/version_service.go:44.80,45.84 1 0
github.com/ofkm/arcane-backend/internal/services/version_service.go:45.84,50.17 4 0
github.com/ofkm/arcane-backend/internal/services/version_service.go:50.17,52.4 1 0
github.com/ofkm/arcane-backend/internal/services/version_service.go:54.3,55.17 2 0
github.com/ofkm/arcane-backend/internal/services/version_service.go:55.17,57.4 1 0
github.com/ofkm/arcane-backend/internal/services/version_service.go:58.3,60.39 2 0
github.com/ofkm/arcane-backend/internal/services/version_service.go:60.39,62.4 1 0
github.com/ofkm/arcane-backend/internal/services/version_service.go:64.3,67.69 2 0
github.com/ofkm/arcane-backend/internal/services/version_service.go:67.69,69.4 1 0
github.com/ofkm/arcane-backend/internal/services/version_service.go:70.3,70.28 1 0
github.com/ofkm/arcane-backend/internal/services/version_service.go:70.28,72.4 1 0
github.com/ofkm/arcane-backend/internal/services/version_service.go:74.3,74.55 1 0
github.com/ofkm/arcane-backend/internal/services/version_service.go:77.2,78.31 2 0
github.com/ofkm/arcane-backend/internal/services/version_service.go:78.31,81.3 2 0
github.com/ofkm/arcane-backend/internal/services/version_service.go:83.2,83.21 1 0
github.com/ofkm/arcane-backend/internal/services/version_service.go:86.63,89.25 3 0
github.com/ofkm/arcane-backend/internal/services/version_service.go:89.25,90.20 1 0
github.com/ofkm/arcane-backend/internal/services/version_service.go:90.20,92.4 1 0
github.com/ofkm/arcane-backend/internal/services/version_service.go:93.3,93.20 1 0
github.com/ofkm/arcane-backend/internal/services/version_service.go:93.20,95.4 1 0
github.com/ofkm/arcane-backend/internal/services/version_service.go:97.2,97.14 1 0
github.com/ofkm/arcane-backend/internal/services/version_service.go:100.60,101.38 1 0
github.com/ofkm/arcane-backend/internal/services/version_service.go:101.38,103.3 1 0
github.com/ofkm/arcane-backend/internal/services/version_service.go:104.2,104.66 1 0
github.com/ofkm/arcane-backend/internal/services/version_service.go:114.121,117.16 2 0
github.com/ofkm/arcane-backend/internal/services/version_service.go:117.16,124.3 1 0
github.com/ofkm/arcane-backend/internal/services/version_service.go:126.2,127.16 2 0
github.com/ofkm/arcane-backend/internal/services/version_service.go:127.16,129.32 2 0
github.com/ofkm/arcane-backend/internal/services/version_service.go:129.32,131.4 1 0
github.com/ofkm/arcane-backend/internal/services/version_service.go:131.9,136.4 1 0
github.com/ofkm/arcane-backend/internal/services/version_service.go:139.2,144.8 1 0
github.com/ofkm/arcane-backend/internal/services/version_service.go:148.49,151.20 3 0
github.com/ofkm/arcane-backend/internal/services/version_service.go:151.20,153.3 1 0
github.com/ofkm/arcane-backend/internal/services/version_service.go:154.2,154.25 1 0
github.com/ofkm/arcane-backend/internal/services/version_service.go:154.25,157.24 2 0
github.com/ofkm/arcane-backend/internal/services/version_service.go:157.24,159.60 1 0
github.com/ofkm/arcane-backend/internal/services/version_service.go:159.60,161.5 1 0
github.com/ofkm/arcane-backend/internal/services/version_service.go:163.3,163.20 1 0
github.com/ofkm/arcane-backend/internal/services/version_service.go:163.20,165.4 1 0
github.com/ofkm/arcane-backend/internal/services/version_service.go:166.3,166.29 1 0
github.com/ofkm/arcane-backend/internal/services/version_service.go:166.29,167.26 1 0
github.com/ofkm/arcane-backend/internal/services/version_service.go:167.26,169.5 1 0
github.com/ofkm/arcane-backend/internal/services/version_service.go:172.2,172.13 1 0
github.com/ofkm/arcane-backend/internal/services/version_service.go:178.53,180.103 2 0
github.com/ofkm/arcane-backend/internal/services/version_service.go:180.103,182.3 1 0
github.com/ofkm/arcane-backend/internal/services/version_service.go:183.2,183.16 1 0
github.com/ofkm/arcane-backend/internal/services/version_service.go:187.85,192.16 4 0
github.com/ofkm/arcane-backend/internal/services/version_service.go:192.16,200.3 1 0
github.com/ofkm/arcane-backend/internal/services/version_service.go:202.2,203.16 2 0
github.com/ofkm/arcane-backend/internal/services/version_service.go:203.16,205.33 2 0
github.com/ofkm/arcane-backend/internal/services/version_service.go:205.33,212.4 1 0
github.com/ofkm/arcane-backend/internal/services/version_service.go:213.3,213.90 1 0
github.com/ofkm/arcane-backend/internal/services/version_service.go:216.2,224.3 1 0
github.com/ofkm/arcane-backend/internal/services/version_service.go:227.35,233.18 5 0
github.com/ofkm/arcane-backend/internal/services/version_service.go:233.18,234.15 1 0
github.com/ofkm/arcane-backend/internal/services/version_service.go:234.15,237.4 2 0
github.com/ofkm/arcane-backend/internal/services/version_service.go:238.3,239.11 2 0
github.com/ofkm/arcane-backend/internal/services/version_service.go:242.2,242.30 1 0
github.com/ofkm/arcane-backend/internal/services/version_service.go:242.30,243.21 1 0
github.com/ofkm/arcane-backend/internal/services/version_service.go:244.17,245.14 1 0
github.com/ofkm/arcane-backend/internal/services/version_service.go:246.17,247.11 1 0
github.com/ofkm/arcane-backend/internal/services/version_service.go:248.29,249.29 1 0
github.com/ofkm/arcane-backend/internal/services/version_service.go:250.41,250.41 0 0
github.com/ofkm/arcane-backend/internal/services/version_service.go:251.11,252.14 1 0
github.com/ofkm/arcane-backend/internal/services/version_service.go:255.2,256.12 2 0
github.com/ofkm/arcane-backend/internal/services/volume_service.go:27.119,33.2 1 0
github.com/ofkm/arcane-backend/internal/services/volume_service.go:35.99,37.16 2 0
github.com/ofkm/arcane-backend/internal/services/volume_service.go:37.16,39.3 1 0
github.com/ofkm/arcane-backend/internal/services/volume_service.go:40.2,43.16 3 0
github.com/ofkm/arcane-backend/internal/services/volume_service.go:43.16,45.3 1 0
github.com/ofkm/arcane-backend/internal/services/volume_service.go:47.2,47.87 1 0
github.com/ofkm/arcane-backend/internal/services/volume_service.go:47.87,48.35 1 0
github.com/ofkm/arcane-backend/internal/services/volume_service.go:48.35,49.50 1 0
github.com/ofkm/arcane-backend/internal/services/volume_service.go:49.50,55.10 3 0
github.com/ofkm/arcane-backend/internal/services/volume_service.go:58.8,62.3 1 0
github.com/ofkm/arcane-backend/internal/services/volume_service.go:64.2,67.16 3 0
github.com/ofkm/arcane-backend/internal/services/volume_service.go:67.16,71.3 1 0
github.com/ofkm/arcane-backend/internal/services/volume_service.go:71.8,73.28 2 0
github.com/ofkm/arcane-backend/internal/services/volume_service.go:73.28,75.4 1 0
github.com/ofkm/arcane-backend/internal/services/volume_service.go:78.2,78.16 1 0
github.com/ofkm/arcane-backend/internal/services/volume_service.go:81.131,83.16 2 0
github.com/ofkm/arcane-backend/internal/services/volume_service.go:83.16,86.3 2 0
github.com/ofkm/arcane-backend/internal/services/volume_service.go:87.2,90.16 3 0
github.com/ofkm/arcane-backend/internal/services/volume_service.go:90.16,93.3 2 0
github.com/ofkm/arcane-backend/internal/services/volume_service.go:95.2,96.16 2 0
github.com/ofkm/arcane-backend/internal/services/volume_service.go:96.16,99.3 2 0
github.com/ofkm/arcane-backend/internal/services/volume_service.go:101.2,106.154 2 0
github.com/ofkm/arcane-backend/internal/services/volume_service.go:106.154,110.3 1 0
github.com/ofkm/arcane-backend/internal/services/volume_service.go:112.2,115.21 3 0
github.com/ofkm/arcane-backend/internal/services/volume_service.go:118.108,120.16 2 0
github.com/ofkm/arcane-backend/internal/services/volume_service.go:120.16,123.3 2 0
github.com/ofkm/arcane-backend/internal/services/volume_service.go:124.2,126.68 2 0
github.com/ofkm/arcane-backend/internal/services/volume_service.go:126.68,129.3 2 0
github.com/ofkm/arcane-backend/internal/services/volume_service.go:131.2,135.146 2 0
github.com/ofkm/arcane-backend/internal/services/volume_service.go:135.146,139.3 1 0
github.com/ofkm/arcane-backend/internal/services/volume_service.go:141.2,141.12 1 0
github.com/ofkm/arcane-backend/internal/services/volume_service.go:144.94,146.2 1 0
github.com/ofkm/arcane-backend/internal/services/volume_service.go:148.115,150.16 2 0
github.com/ofkm/arcane-backend/internal/services/volume_service.go:150.16,152.3 1 0
github.com/ofkm/arcane-backend/internal/services/volume_service.go:153.2,160.9 3 0
github.com/ofkm/arcane-backend/internal/services/volume_service.go:160.9,164.3 1 0
github.com/ofkm/arcane-backend/internal/services/volume_service.go:169.2,170.16 2 0
github.com/ofkm/arcane-backend/internal/services/volume_service.go:170.16,172.3 1 0
github.com/ofkm/arcane-backend/internal/services/volume_service.go:174.2,180.164 2 0
github.com/ofkm/arcane-backend/internal/services/volume_service.go:180.164,183.3 1 0
github.com/ofkm/arcane-backend/internal/services/volume_service.go:185.2,190.8 2 0
github.com/ofkm/arcane-backend/internal/services/volume_service.go:193.98,195.16 2 0
github.com/ofkm/arcane-backend/internal/services/volume_service.go:195.16,197.3 1 0
github.com/ofkm/arcane-backend/internal/services/volume_service.go:198.2,201.16 3 0
github.com/ofkm/arcane-backend/internal/services/volume_service.go:201.16,203.3 1 0
github.com/ofkm/arcane-backend/internal/services/volume_service.go:205.2,206.16 2 0
github.com/ofkm/arcane-backend/internal/services/volume_service.go:206.16,208.3 1 0
github.com/ofkm/arcane-backend/internal/services/volume_service.go:210.2,211.33 2 0
github.com/ofkm/arcane-backend/internal/services/volume_service.go:214.124,216.28 2 0
github.com/ofkm/arcane-backend/internal/services/volume_service.go:216.28,217.15 1 0
github.com/ofkm/arcane-backend/internal/services/volume_service.go:217.15,218.36 1 0
github.com/ofkm/arcane-backend/internal/services/volume_service.go:218.36,219.49 1 0
github.com/ofkm/arcane-backend/internal/services/volume_service.go:219.49,221.11 2 0
github.com/ofkm/arcane-backend/internal/services/volume_service.go:225.4,225.31 1 0
github.com/ofkm/arcane-backend/internal/services/volume_service.go:228.2,228.15 1 0
github.com/ofkm/arcane-backend/internal/services/volume_service.go:231.128,233.16 2 0
github.com/ofkm/arcane-backend/internal/services/volume_service.go:233.16,235.3 1 0
github.com/ofkm/arcane-backend/internal/services/volume_service.go:237.2,238.31 2 0
github.com/ofkm/arcane-backend/internal/services/volume_service.go:238.31,239.30 1 0
github.com/ofkm/arcane-backend/internal/services/volume_service.go:239.30,240.50 1 0
github.com/ofkm/arcane-backend/internal/services/volume_service.go:240.50,242.5 1 0
github.com/ofkm/arcane-backend/internal/services/volume_service.go:246.2,246.32 1 0
github.com/ofkm/arcane-backend/internal/services/volume_service.go:249.88,252.42 1 0
github.com/ofkm/arcane-backend/internal/services/volume_service.go:252.42,252.64 1 0
github.com/ofkm/arcane-backend/internal/services/volume_service.go:253.42,253.66 1 0
github.com/ofkm/arcane-backend/internal/services/volume_service.go:254.42,254.70 1 0
github.com/ofkm/arcane-backend/internal/services/volume_service.go:255.42,255.65 1 0
github.com/ofkm/arcane-backend/internal/services/volume_service.go:262.91,266.38 1 0
github.com/ofkm/arcane-backend/internal/services/volume_service.go:266.38,266.80 1 0
github.com/ofkm/arcane-backend/internal/services/volume_service.go:270.38,270.84 1 0
github.com/ofkm/arcane-backend/internal/services/volume_service.go:274.38,274.92 1 0
github.com/ofkm/arcane-backend/internal/services/volume_service.go:278.38,278.82 1 0
github.com/ofkm/arcane-backend/internal/services/volume_service.go:282.38,282.90 1 0
github.com/ofkm/arcane-backend/internal/services/volume_service.go:286.37,287.27 1 0
github.com/ofkm/arcane-backend/internal/services/volume_service.go:287.27,289.6 1 0
github.com/ofkm/arcane-backend/internal/services/volume_service.go:290.5,290.16 1 0
github.com/ofkm/arcane-backend/internal/services/volume_service.go:290.16,292.6 1 0
github.com/ofkm/arcane-backend/internal/services/volume_service.go:293.5,293.13 1 0
github.com/ofkm/arcane-backend/internal/services/volume_service.go:303.68,306.24 3 0
github.com/ofkm/arcane-backend/internal/services/volume_service.go:306.24,308.3 1 0
github.com/ofkm/arcane-backend/internal/services/volume_service.go:309.2,309.24 1 0
github.com/ofkm/arcane-backend/internal/services/volume_service.go:309.24,311.3 1 0
github.com/ofkm/arcane-backend/internal/services/volume_service.go:312.2,312.20 1 0
github.com/ofkm/arcane-backend/internal/services/volume_service.go:312.20,314.3 1 0
github.com/ofkm/arcane-backend/internal/services/volume_service.go:315.2,315.19 1 0
github.com/ofkm/arcane-backend/internal/services/volume_service.go:315.19,317.3 1 0
github.com/ofkm/arcane-backend/internal/services/volume_service.go:318.2,318.10 1 0
github.com/ofkm/arcane-backend/internal/services/volume_service.go:321.97,325.55 1 0
github.com/ofkm/arcane-backend/internal/services/volume_service.go:325.55,326.30 1 0
github.com/ofkm/arcane-backend/internal/services/volume_service.go:326.30,328.6 1 0
github.com/ofkm/arcane-backend/internal/services/volume_service.go:329.5,329.31 1 0
github.com/ofkm/arcane-backend/internal/services/volume_service.go:329.31,331.6 1 0
github.com/ofkm/arcane-backend/internal/services/volume_service.go:332.5,332.16 1 0
github.com/ofkm/arcane-backend/internal/services/volume_service.go:338.97,342.26 2 0
github.com/ofkm/arcane-backend/internal/services/volume_service.go:342.26,343.14 1 0
github.com/ofkm/arcane-backend/internal/services/volume_service.go:343.14,345.4 1 0
github.com/ofkm/arcane-backend/internal/services/volume_service.go:345.9,347.4 1 0
github.com/ofkm/arcane-backend/internal/services/volume_service.go:349.2,349.15 1 0
github.com/ofkm/arcane-backend/internal/services/volume_service.go:352.147,354.22 2 0
github.com/ofkm/arcane-backend/internal/services/volume_service.go:354.22,356.3 1 0
github.com/ofkm/arcane-backend/internal/services/volume_service.go:358.2,359.22 2 0
github.com/ofkm/arcane-backend/internal/services/volume_service.go:359.22,361.3 1 0
github.com/ofkm/arcane-backend/internal/services/volume_service.go:363.2,369.3 1 0
github.com/ofkm/arcane-backend/internal/services/volume_service.go:372.167,374.16 2 0
github.com/ofkm/arcane-backend/internal/services/volume_service.go:374.16,376.3 1 0
github.com/ofkm/arcane-backend/internal/services/volume_service.go:377.2,380.16 3 0
github.com/ofkm/arcane-backend/internal/services/volume_service.go:380.16,382.3 1 0
github.com/ofkm/arcane-backend/internal/services/volume_service.go:384.2,385.18 2 0
github.com/ofkm/arcane-backend/internal/services/volume_service.go:385.18,389.3 2 0
github.com/ofkm/arcane-backend/internal/services/volume_service.go:391.2,394.16 3 0
github.com/ofkm/arcane-backend/internal/services/volume_service.go:394.16,398.3 2 0
github.com/ofkm/arcane-backend/internal/services/volume_service.go:400.2,401.28 2 0
github.com/ofkm/arcane-backend/internal/services/volume_service.go:401.28,403.57 2 0
github.com/ofkm/arcane-backend/internal/services/volume_service.go:403.57,405.29 2 0
github.com/ofkm/arcane-backend/internal/services/volume_service.go:405.29,407.5 1 0
github.com/ofkm/arcane-backend/internal/services/volume_service.go:409.3,409.32 1 0
github.com/ofkm/arcane-backend/internal/services/volume_service.go:412.2,417.50 5 0
