mode: atomic
github.com/ofkm/arcane-backend/internal/cli/generate/secret.go:21.54,23.3 1 2
github.com/ofkm/arcane-backend/internal/cli/generate/secret.go:26.13,30.2 3 1
github.com/ofkm/arcane-backend/internal/cli/generate/secret.go:32.30,34.53 2 2
github.com/ofkm/arcane-backend/internal/cli/generate/secret.go:34.53,36.3 1 0
github.com/ofkm/arcane-backend/internal/cli/generate/secret.go:38.2,39.49 2 2
github.com/ofkm/arcane-backend/internal/cli/generate/secret.go:39.49,41.3 1 0
github.com/ofkm/arcane-backend/internal/cli/generate/secret.go:43.2,43.22 1 2
github.com/ofkm/arcane-backend/internal/cli/generate/secret.go:44.16,45.46 1 1
github.com/ofkm/arcane-backend/internal/cli/generate/secret.go:46.13,47.43 1 0
github.com/ofkm/arcane-backend/internal/cli/generate/secret.go:48.13,49.43 1 0
github.com/ofkm/arcane-backend/internal/cli/generate/secret.go:50.16,51.46 1 0
github.com/ofkm/arcane-backend/internal/cli/generate/secret.go:52.13,53.44 1 1
github.com/ofkm/arcane-backend/internal/cli/generate/secret.go:54.10,55.99 1 0
github.com/ofkm/arcane-backend/internal/cli/generate/secret.go:58.2,58.12 1 2
github.com/ofkm/arcane-backend/internal/cli/generate/secret.go:61.47,66.2 4 1
github.com/ofkm/arcane-backend/internal/cli/generate/secret.go:68.44,73.2 4 0
github.com/ofkm/arcane-backend/internal/cli/generate/secret.go:75.44,80.2 4 0
github.com/ofkm/arcane-backend/internal/cli/generate/secret.go:82.47,88.2 5 0
github.com/ofkm/arcane-backend/internal/cli/generate/secret.go:90.45,114.2 19 1
github.com/ofkm/arcane-backend/frontend/frontend.go:20.49,22.16 2 0
github.com/ofkm/arcane-backend/frontend/frontend.go:22.16,24.3 1 0
github.com/ofkm/arcane-backend/frontend/frontend.go:26.2,29.38 3 0
github.com/ofkm/arcane-backend/frontend/frontend.go:29.38,32.39 2 0
github.com/ofkm/arcane-backend/frontend/frontend.go:32.39,38.4 2 0
github.com/ofkm/arcane-backend/frontend/frontend.go:40.3,41.26 2 0
github.com/ofkm/arcane-backend/frontend/frontend.go:41.26,43.4 1 0
github.com/ofkm/arcane-backend/frontend/frontend.go:45.3,45.67 1 0
github.com/ofkm/arcane-backend/frontend/frontend.go:45.67,47.4 1 0
github.com/ofkm/arcane-backend/frontend/frontend.go:49.3,49.44 1 0
github.com/ofkm/arcane-backend/frontend/frontend.go:52.2,52.12 1 0
github.com/ofkm/arcane-backend/frontend/frontend.go:63.88,71.2 1 0
github.com/ofkm/arcane-backend/frontend/frontend.go:73.83,75.16 2 0
github.com/ofkm/arcane-backend/frontend/frontend.go:75.16,77.3 1 0
github.com/ofkm/arcane-backend/frontend/frontend.go:80.2,80.33 1 0
github.com/ofkm/arcane-backend/frontend/frontend.go:80.33,87.3 6 0
github.com/ofkm/arcane-backend/frontend/frontend.go:90.2,90.31 1 0
github.com/ofkm/arcane-backend/frontend/frontend.go:90.31,97.3 6 0
github.com/ofkm/arcane-backend/frontend/frontend.go:100.2,100.26 1 0
github.com/ofkm/arcane-backend/frontend/frontend.go:100.26,106.3 5 0
github.com/ofkm/arcane-backend/frontend/frontend.go:109.2,109.48 1 0
github.com/ofkm/arcane-backend/frontend/frontend.go:109.48,113.3 3 0
github.com/ofkm/arcane-backend/frontend/frontend.go:116.2,116.81 1 0
github.com/ofkm/arcane-backend/frontend/frontend.go:116.81,118.82 2 0
github.com/ofkm/arcane-backend/frontend/frontend.go:118.82,121.4 2 0
github.com/ofkm/arcane-backend/frontend/frontend.go:124.2,127.41 3 0
github.com/ofkm/arcane-backend/cmd/main.go:7.13,9.2 1 0
github.com/ofkm/arcane-backend/internal/bootstrap/bootstrap.go:21.43,33.16 9 0
github.com/ofkm/arcane-backend/internal/bootstrap/bootstrap.go:33.16,35.3 1 0
github.com/ofkm/arcane-backend/internal/bootstrap/bootstrap.go:36.2,36.34 1 0
github.com/ofkm/arcane-backend/internal/bootstrap/bootstrap.go:36.34,40.36 3 0
github.com/ofkm/arcane-backend/internal/bootstrap/bootstrap.go:40.36,42.4 1 0
github.com/ofkm/arcane-backend/internal/bootstrap/bootstrap.go:45.2,48.16 3 0
github.com/ofkm/arcane-backend/internal/bootstrap/bootstrap.go:48.16,50.3 1 0
github.com/ofkm/arcane-backend/internal/bootstrap/bootstrap.go:52.2,57.69 5 0
github.com/ofkm/arcane-backend/internal/bootstrap/bootstrap.go:57.69,59.17 2 0
github.com/ofkm/arcane-backend/internal/bootstrap/bootstrap.go:59.17,61.4 1 0
github.com/ofkm/arcane-backend/internal/bootstrap/bootstrap.go:62.3,63.13 2 0
github.com/ofkm/arcane-backend/internal/bootstrap/bootstrap.go:66.2,68.35 1 0
github.com/ofkm/arcane-backend/internal/bootstrap/bootstrap.go:68.35,71.4 2 0
github.com/ofkm/arcane-backend/internal/bootstrap/bootstrap.go:73.2,74.16 2 0
github.com/ofkm/arcane-backend/internal/bootstrap/bootstrap.go:74.16,76.3 1 0
github.com/ofkm/arcane-backend/internal/bootstrap/bootstrap.go:77.2,82.16 4 0
github.com/ofkm/arcane-backend/internal/bootstrap/bootstrap.go:82.16,84.3 1 0
github.com/ofkm/arcane-backend/internal/bootstrap/bootstrap.go:86.2,87.12 2 0
github.com/ofkm/arcane-backend/internal/bootstrap/bootstrap.go:90.140,91.12 1 0
github.com/ofkm/arcane-backend/internal/bootstrap/bootstrap.go:91.12,93.47 2 0
github.com/ofkm/arcane-backend/internal/bootstrap/bootstrap.go:93.47,94.41 1 0
github.com/ofkm/arcane-backend/internal/bootstrap/bootstrap.go:94.41,96.5 1 0
github.com/ofkm/arcane-backend/internal/bootstrap/bootstrap.go:98.3,98.48 1 0
github.com/ofkm/arcane-backend/internal/bootstrap/bootstrap.go:101.2,107.12 2 0
github.com/ofkm/arcane-backend/internal/bootstrap/bootstrap.go:107.12,109.87 2 0
github.com/ofkm/arcane-backend/internal/bootstrap/bootstrap.go:109.87,111.4 1 0
github.com/ofkm/arcane-backend/internal/bootstrap/bootstrap.go:114.2,117.9 3 0
github.com/ofkm/arcane-backend/internal/bootstrap/bootstrap.go:118.14,119.55 1 0
github.com/ofkm/arcane-backend/internal/bootstrap/bootstrap.go:120.23,121.47 1 0
github.com/ofkm/arcane-backend/internal/bootstrap/bootstrap.go:125.2,128.50 3 0
github.com/ofkm/arcane-backend/internal/bootstrap/bootstrap.go:128.50,131.3 2 0
github.com/ofkm/arcane-backend/internal/bootstrap/bootstrap.go:133.2,134.12 2 0
github.com/ofkm/arcane-backend/internal/bootstrap/db_bootstrap.go:11.71,13.16 2 0
github.com/ofkm/arcane-backend/internal/bootstrap/db_bootstrap.go:13.16,15.3 1 0
github.com/ofkm/arcane-backend/internal/bootstrap/db_bootstrap.go:17.2,18.16 2 0
github.com/ofkm/arcane-backend/internal/bootstrap/jobs_bootstrap.go:12.52,14.16 2 0
github.com/ofkm/arcane-backend/internal/bootstrap/jobs_bootstrap.go:14.16,16.3 1 0
github.com/ofkm/arcane-backend/internal/bootstrap/jobs_bootstrap.go:17.2,17.23 1 0
github.com/ofkm/arcane-backend/internal/bootstrap/jobs_bootstrap.go:20.118,22.55 2 0
github.com/ofkm/arcane-backend/internal/bootstrap/jobs_bootstrap.go:22.55,24.3 1 0
github.com/ofkm/arcane-backend/internal/bootstrap/jobs_bootstrap.go:26.2,27.57 2 0
github.com/ofkm/arcane-backend/internal/bootstrap/jobs_bootstrap.go:27.57,29.3 1 0
github.com/ofkm/arcane-backend/internal/bootstrap/jobs_bootstrap.go:31.2,32.54 2 0
github.com/ofkm/arcane-backend/internal/bootstrap/jobs_bootstrap.go:32.54,34.3 1 0
github.com/ofkm/arcane-backend/internal/bootstrap/jobs_bootstrap.go:36.2,36.90 1 0
github.com/ofkm/arcane-backend/internal/bootstrap/jobs_bootstrap.go:36.90,38.3 1 0
github.com/ofkm/arcane-backend/internal/bootstrap/jobs_bootstrap.go:40.2,40.141 1 0
github.com/ofkm/arcane-backend/internal/bootstrap/jobs_bootstrap.go:40.141,42.3 1 0
github.com/ofkm/arcane-backend/internal/bootstrap/jobs_bootstrap.go:44.2,44.81 1 0
github.com/ofkm/arcane-backend/internal/bootstrap/jobs_bootstrap.go:44.81,45.57 1 0
github.com/ofkm/arcane-backend/internal/bootstrap/jobs_bootstrap.go:45.57,47.4 1 0
github.com/ofkm/arcane-backend/internal/bootstrap/jobs_bootstrap.go:48.3,48.55 1 0
github.com/ofkm/arcane-backend/internal/bootstrap/jobs_bootstrap.go:48.55,50.4 1 0
github.com/ofkm/arcane-backend/internal/bootstrap/jobs_bootstrap.go:52.2,52.79 1 0
github.com/ofkm/arcane-backend/internal/bootstrap/jobs_bootstrap.go:52.79,53.55 1 0
github.com/ofkm/arcane-backend/internal/bootstrap/jobs_bootstrap.go:53.55,55.4 1 0
github.com/ofkm/arcane-backend/internal/bootstrap/logger_bootstrap.go:17.41,19.39 2 0
github.com/ofkm/arcane-backend/internal/bootstrap/logger_bootstrap.go:20.15,21.24 1 0
github.com/ofkm/arcane-backend/internal/bootstrap/logger_bootstrap.go:22.25,23.23 1 0
github.com/ofkm/arcane-backend/internal/bootstrap/logger_bootstrap.go:24.15,25.24 1 0
github.com/ofkm/arcane-backend/internal/bootstrap/logger_bootstrap.go:26.10,27.23 1 0
github.com/ofkm/arcane-backend/internal/bootstrap/logger_bootstrap.go:30.2,34.17 4 0
github.com/ofkm/arcane-backend/internal/bootstrap/logger_bootstrap.go:34.17,36.3 1 0
github.com/ofkm/arcane-backend/internal/bootstrap/logger_bootstrap.go:36.8,41.3 1 0
github.com/ofkm/arcane-backend/internal/bootstrap/logger_bootstrap.go:43.2,43.30 1 0
github.com/ofkm/arcane-backend/internal/bootstrap/logger_bootstrap.go:46.59,55.13 4 0
github.com/ofkm/arcane-backend/internal/bootstrap/logger_bootstrap.go:56.15,59.47 2 0
github.com/ofkm/arcane-backend/internal/bootstrap/logger_bootstrap.go:60.25,61.36 1 0
github.com/ofkm/arcane-backend/internal/bootstrap/logger_bootstrap.go:62.15,63.37 1 0
github.com/ofkm/arcane-backend/internal/bootstrap/logger_bootstrap.go:64.10,65.36 1 0
github.com/ofkm/arcane-backend/internal/bootstrap/logger_bootstrap.go:68.2,74.30 2 0
github.com/ofkm/arcane-backend/internal/bootstrap/logger_bootstrap.go:77.46,79.2 1 0
github.com/ofkm/arcane-backend/internal/bootstrap/router_bootstrap.go:20.73,22.37 1 0
github.com/ofkm/arcane-backend/internal/bootstrap/router_bootstrap.go:22.37,24.3 1 0
github.com/ofkm/arcane-backend/internal/bootstrap/router_bootstrap.go:24.8,26.3 1 0
github.com/ofkm/arcane-backend/internal/bootstrap/router_bootstrap.go:27.2,45.30 4 0
github.com/ofkm/arcane-backend/internal/bootstrap/router_bootstrap.go:45.30,47.44 2 0
github.com/ofkm/arcane-backend/internal/bootstrap/router_bootstrap.go:47.44,48.19 1 0
github.com/ofkm/arcane-backend/internal/bootstrap/router_bootstrap.go:48.19,50.7 1 0
github.com/ofkm/arcane-backend/internal/bootstrap/router_bootstrap.go:51.6,51.38 1 0
github.com/ofkm/arcane-backend/internal/bootstrap/router_bootstrap.go:51.38,53.40 2 0
github.com/ofkm/arcane-backend/internal/bootstrap/router_bootstrap.go:53.40,55.8 1 0
github.com/ofkm/arcane-backend/internal/bootstrap/router_bootstrap.go:57.6,57.42 1 0
github.com/ofkm/arcane-backend/internal/bootstrap/router_bootstrap.go:57.42,59.7 1 0
github.com/ofkm/arcane-backend/internal/bootstrap/router_bootstrap.go:60.6,60.67 1 0
github.com/ofkm/arcane-backend/internal/bootstrap/router_bootstrap.go:60.67,62.7 1 0
github.com/ofkm/arcane-backend/internal/bootstrap/router_bootstrap.go:64.5,64.16 1 0
github.com/ofkm/arcane-backend/internal/bootstrap/router_bootstrap.go:69.2,88.71 14 0
github.com/ofkm/arcane-backend/internal/bootstrap/router_bootstrap.go:88.71,90.32 2 0
github.com/ofkm/arcane-backend/internal/bootstrap/router_bootstrap.go:90.32,92.5 1 0
github.com/ofkm/arcane-backend/internal/bootstrap/router_bootstrap.go:93.4,93.56 1 0
github.com/ofkm/arcane-backend/internal/bootstrap/router_bootstrap.go:97.2,112.37 14 0
github.com/ofkm/arcane-backend/internal/bootstrap/router_bootstrap.go:112.37,113.57 1 0
github.com/ofkm/arcane-backend/internal/bootstrap/router_bootstrap.go:113.57,115.4 1 0
github.com/ofkm/arcane-backend/internal/bootstrap/router_bootstrap.go:118.2,118.58 1 0
github.com/ofkm/arcane-backend/internal/bootstrap/router_bootstrap.go:118.58,120.3 1 0
github.com/ofkm/arcane-backend/internal/bootstrap/router_bootstrap.go:122.2,122.15 1 0
github.com/ofkm/arcane-backend/internal/bootstrap/services_bootstrap.go:40.180,45.16 4 0
github.com/ofkm/arcane-backend/internal/bootstrap/services_bootstrap.go:45.16,47.3 1 0
github.com/ofkm/arcane-backend/internal/bootstrap/services_bootstrap.go:48.2,71.32 23 0
github.com/ofkm/arcane-backend/internal/api/app_images_handler.go:16.111,22.2 4 0
github.com/ofkm/arcane-backend/internal/api/app_images_handler.go:24.62,27.53 2 0
github.com/ofkm/arcane-backend/internal/api/app_images_handler.go:27.53,28.68 1 0
github.com/ofkm/arcane-backend/internal/api/app_images_handler.go:28.68,30.4 1 0
github.com/ofkm/arcane-backend/internal/api/app_images_handler.go:33.2,33.23 1 0
github.com/ofkm/arcane-backend/internal/api/app_images_handler.go:36.65,38.2 1 0
github.com/ofkm/arcane-backend/internal/api/app_images_handler.go:40.72,42.2 1 0
github.com/ofkm/arcane-backend/internal/api/app_images_handler.go:44.76,46.16 2 0
github.com/ofkm/arcane-backend/internal/api/app_images_handler.go:46.16,49.3 2 0
github.com/ofkm/arcane-backend/internal/api/app_images_handler.go:51.2,53.36 3 0
github.com/ofkm/arcane-backend/internal/api/auth_handler.go:21.193,25.2 3 0
github.com/ofkm/arcane-backend/internal/api/auth_handler.go:25.2,31.3 5 0
github.com/ofkm/arcane-backend/internal/api/auth_handler.go:34.45,36.47 2 0
github.com/ofkm/arcane-backend/internal/api/auth_handler.go:36.47,39.3 2 0
github.com/ofkm/arcane-backend/internal/api/auth_handler.go:41.2,42.16 2 0
github.com/ofkm/arcane-backend/internal/api/auth_handler.go:42.16,45.3 2 0
github.com/ofkm/arcane-backend/internal/api/auth_handler.go:46.2,46.23 1 0
github.com/ofkm/arcane-backend/internal/api/auth_handler.go:46.23,49.3 2 0
github.com/ofkm/arcane-backend/internal/api/auth_handler.go:51.2,52.16 2 0
github.com/ofkm/arcane-backend/internal/api/auth_handler.go:52.16,55.10 3 0
github.com/ofkm/arcane-backend/internal/api/auth_handler.go:56.55,58.45 2 0
github.com/ofkm/arcane-backend/internal/api/auth_handler.go:59.54,61.49 2 0
github.com/ofkm/arcane-backend/internal/api/auth_handler.go:62.11,64.38 2 0
github.com/ofkm/arcane-backend/internal/api/auth_handler.go:66.3,67.9 2 0
github.com/ofkm/arcane-backend/internal/api/auth_handler.go:70.2,72.16 3 0
github.com/ofkm/arcane-backend/internal/api/auth_handler.go:72.16,74.3 1 0
github.com/ofkm/arcane-backend/internal/api/auth_handler.go:76.2,80.56 4 0
github.com/ofkm/arcane-backend/internal/api/auth_handler.go:80.56,83.3 2 0
github.com/ofkm/arcane-backend/internal/api/auth_handler.go:85.2,93.4 1 0
github.com/ofkm/arcane-backend/internal/api/auth_handler.go:96.46,100.2 3 0
github.com/ofkm/arcane-backend/internal/api/auth_handler.go:102.54,104.13 2 0
github.com/ofkm/arcane-backend/internal/api/auth_handler.go:104.13,107.3 2 0
github.com/ofkm/arcane-backend/internal/api/auth_handler.go:109.2,110.16 2 0
github.com/ofkm/arcane-backend/internal/api/auth_handler.go:110.16,113.3 2 0
github.com/ofkm/arcane-backend/internal/api/auth_handler.go:115.2,116.56 2 0
github.com/ofkm/arcane-backend/internal/api/auth_handler.go:116.56,119.3 2 0
github.com/ofkm/arcane-backend/internal/api/auth_handler.go:121.2,121.60 1 0
github.com/ofkm/arcane-backend/internal/api/auth_handler.go:124.52,126.47 2 0
github.com/ofkm/arcane-backend/internal/api/auth_handler.go:126.47,129.3 2 0
github.com/ofkm/arcane-backend/internal/api/auth_handler.go:131.2,132.16 2 0
github.com/ofkm/arcane-backend/internal/api/auth_handler.go:132.16,135.10 3 0
github.com/ofkm/arcane-backend/internal/api/auth_handler.go:136.91,138.49 2 0
github.com/ofkm/arcane-backend/internal/api/auth_handler.go:139.11,141.40 2 0
github.com/ofkm/arcane-backend/internal/api/auth_handler.go:143.3,144.9 2 0
github.com/ofkm/arcane-backend/internal/api/auth_handler.go:147.2,149.16 3 0
github.com/ofkm/arcane-backend/internal/api/auth_handler.go:149.16,151.3 1 0
github.com/ofkm/arcane-backend/internal/api/auth_handler.go:153.2,163.4 3 0
github.com/ofkm/arcane-backend/internal/api/auth_handler.go:166.54,168.9 2 0
github.com/ofkm/arcane-backend/internal/api/auth_handler.go:168.9,170.3 1 0
github.com/ofkm/arcane-backend/internal/api/auth_handler.go:172.2,173.47 2 0
github.com/ofkm/arcane-backend/internal/api/auth_handler.go:173.47,176.3 2 0
github.com/ofkm/arcane-backend/internal/api/auth_handler.go:178.2,178.31 1 0
github.com/ofkm/arcane-backend/internal/api/auth_handler.go:178.31,181.3 2 0
github.com/ofkm/arcane-backend/internal/api/auth_handler.go:183.2,184.16 2 0
github.com/ofkm/arcane-backend/internal/api/auth_handler.go:184.16,187.10 3 0
github.com/ofkm/arcane-backend/internal/api/auth_handler.go:188.55,190.46 2 0
github.com/ofkm/arcane-backend/internal/api/auth_handler.go:191.11,193.42 2 0
github.com/ofkm/arcane-backend/internal/api/auth_handler.go:195.3,196.9 2 0
github.com/ofkm/arcane-backend/internal/api/auth_handler.go:199.2,199.106 1 0
github.com/ofkm/arcane-backend/internal/api/container_handler.go:37.240,52.2 4 0
github.com/ofkm/arcane-backend/internal/api/container_handler.go:52.2,65.3 11 0
github.com/ofkm/arcane-backend/internal/api/container_handler.go:75.154,85.27 4 0
github.com/ofkm/arcane-backend/internal/api/container_handler.go:85.27,88.3 2 0
github.com/ofkm/arcane-backend/internal/api/container_handler.go:90.2,95.12 4 0
github.com/ofkm/arcane-backend/internal/api/container_handler.go:95.12,96.16 1 0
github.com/ofkm/arcane-backend/internal/api/container_handler.go:96.16,99.4 2 0
github.com/ofkm/arcane-backend/internal/api/container_handler.go:101.3,101.113 1 0
github.com/ofkm/arcane-backend/internal/api/container_handler.go:101.113,103.4 1 0
github.com/ofkm/arcane-backend/internal/api/container_handler.go:106.2,106.22 1 0
github.com/ofkm/arcane-backend/internal/api/container_handler.go:106.22,108.13 2 0
github.com/ofkm/arcane-backend/internal/api/container_handler.go:108.13,109.17 1 0
github.com/ofkm/arcane-backend/internal/api/container_handler.go:109.17,112.5 2 0
github.com/ofkm/arcane-backend/internal/api/container_handler.go:113.4,114.28 2 0
github.com/ofkm/arcane-backend/internal/api/container_handler.go:114.28,119.24 5 0
github.com/ofkm/arcane-backend/internal/api/container_handler.go:119.24,121.6 1 0
github.com/ofkm/arcane-backend/internal/api/container_handler.go:122.5,127.6 1 0
github.com/ofkm/arcane-backend/internal/api/container_handler.go:130.3,130.14 1 0
github.com/ofkm/arcane-backend/internal/api/container_handler.go:130.14,132.4 1 0
github.com/ofkm/arcane-backend/internal/api/container_handler.go:132.9,134.4 1 0
github.com/ofkm/arcane-backend/internal/api/container_handler.go:135.8,137.13 2 0
github.com/ofkm/arcane-backend/internal/api/container_handler.go:137.13,139.28 2 0
github.com/ofkm/arcane-backend/internal/api/container_handler.go:139.28,142.5 2 0
github.com/ofkm/arcane-backend/internal/api/container_handler.go:144.3,144.45 1 0
github.com/ofkm/arcane-backend/internal/api/container_handler.go:147.2,147.15 1 0
github.com/ofkm/arcane-backend/internal/api/container_handler.go:152.54,154.23 2 0
github.com/ofkm/arcane-backend/internal/api/container_handler.go:154.23,156.3 1 0
github.com/ofkm/arcane-backend/internal/api/container_handler.go:157.2,157.42 1 0
github.com/ofkm/arcane-backend/internal/api/container_handler.go:157.42,160.3 2 0
github.com/ofkm/arcane-backend/internal/api/container_handler.go:162.2,170.16 8 0
github.com/ofkm/arcane-backend/internal/api/container_handler.go:170.16,173.3 2 0
github.com/ofkm/arcane-backend/internal/api/container_handler.go:175.2,179.71 4 0
github.com/ofkm/arcane-backend/internal/api/container_handler.go:183.54,185.42 2 0
github.com/ofkm/arcane-backend/internal/api/container_handler.go:185.42,188.3 2 0
github.com/ofkm/arcane-backend/internal/api/container_handler.go:190.2,193.16 3 0
github.com/ofkm/arcane-backend/internal/api/container_handler.go:193.16,196.3 2 0
github.com/ofkm/arcane-backend/internal/api/container_handler.go:197.2,203.16 5 0
github.com/ofkm/arcane-backend/internal/api/container_handler.go:203.16,206.3 2 0
github.com/ofkm/arcane-backend/internal/api/container_handler.go:208.2,209.16 2 0
github.com/ofkm/arcane-backend/internal/api/container_handler.go:209.16,212.3 2 0
github.com/ofkm/arcane-backend/internal/api/container_handler.go:213.2,213.15 1 0
github.com/ofkm/arcane-backend/internal/api/container_handler.go:213.15,214.49 1 0
github.com/ofkm/arcane-backend/internal/api/container_handler.go:214.49,216.4 1 0
github.com/ofkm/arcane-backend/internal/api/container_handler.go:219.2,226.61 6 0
github.com/ofkm/arcane-backend/internal/api/container_handler.go:229.145,232.6 3 0
github.com/ofkm/arcane-backend/internal/api/container_handler.go:232.6,233.10 1 0
github.com/ofkm/arcane-backend/internal/api/container_handler.go:234.21,235.10 1 0
github.com/ofkm/arcane-backend/internal/api/container_handler.go:236.11,238.13 2 0
github.com/ofkm/arcane-backend/internal/api/container_handler.go:238.13,239.79 1 0
github.com/ofkm/arcane-backend/internal/api/container_handler.go:239.79,240.13 1 0
github.com/ofkm/arcane-backend/internal/api/container_handler.go:241.27,241.27 0 0
github.com/ofkm/arcane-backend/internal/api/container_handler.go:242.14,242.14 0 0
github.com/ofkm/arcane-backend/internal/api/container_handler.go:244.6,244.12 1 0
github.com/ofkm/arcane-backend/internal/api/container_handler.go:247.4,247.18 1 0
github.com/ofkm/arcane-backend/internal/api/container_handler.go:247.18,248.22 1 0
github.com/ofkm/arcane-backend/internal/api/container_handler.go:248.22,249.13 1 0
github.com/ofkm/arcane-backend/internal/api/container_handler.go:250.27,250.27 0 0
github.com/ofkm/arcane-backend/internal/api/container_handler.go:251.14,251.14 0 0
github.com/ofkm/arcane-backend/internal/api/container_handler.go:254.5,254.11 1 0
github.com/ofkm/arcane-backend/internal/api/container_handler.go:260.143,261.6 1 0
github.com/ofkm/arcane-backend/internal/api/container_handler.go:261.6,263.17 2 0
github.com/ofkm/arcane-backend/internal/api/container_handler.go:263.17,264.92 1 0
github.com/ofkm/arcane-backend/internal/api/container_handler.go:264.92,265.12 1 0
github.com/ofkm/arcane-backend/internal/api/container_handler.go:266.63,266.63 0 0
github.com/ofkm/arcane-backend/internal/api/container_handler.go:267.13,267.13 0 0
github.com/ofkm/arcane-backend/internal/api/container_handler.go:270.4,271.10 2 0
github.com/ofkm/arcane-backend/internal/api/container_handler.go:273.3,273.85 1 0
github.com/ofkm/arcane-backend/internal/api/container_handler.go:273.85,274.47 1 0
github.com/ofkm/arcane-backend/internal/api/container_handler.go:274.47,275.12 1 0
github.com/ofkm/arcane-backend/internal/api/container_handler.go:276.63,276.63 0 0
github.com/ofkm/arcane-backend/internal/api/container_handler.go:277.13,277.13 0 0
github.com/ofkm/arcane-backend/internal/api/container_handler.go:279.5,279.11 1 0
github.com/ofkm/arcane-backend/internal/api/container_handler.go:285.143,286.9 1 0
github.com/ofkm/arcane-backend/internal/api/container_handler.go:287.14,287.14 0 0
github.com/ofkm/arcane-backend/internal/api/container_handler.go:288.24,289.17 1 0
github.com/ofkm/arcane-backend/internal/api/container_handler.go:289.17,291.4 1 0
github.com/ofkm/arcane-backend/internal/api/container_handler.go:292.25,293.17 1 0
github.com/ofkm/arcane-backend/internal/api/container_handler.go:293.17,295.4 1 0
github.com/ofkm/arcane-backend/internal/api/container_handler.go:296.20,296.20 0 0
github.com/ofkm/arcane-backend/internal/api/container_handler.go:300.49,303.23 2 0
github.com/ofkm/arcane-backend/internal/api/container_handler.go:303.23,305.3 1 0
github.com/ofkm/arcane-backend/internal/api/container_handler.go:307.2,310.16 3 0
github.com/ofkm/arcane-backend/internal/api/container_handler.go:310.16,316.3 2 0
github.com/ofkm/arcane-backend/internal/api/container_handler.go:318.2,328.4 2 0
github.com/ofkm/arcane-backend/internal/api/container_handler.go:331.52,335.16 3 0
github.com/ofkm/arcane-backend/internal/api/container_handler.go:335.16,341.3 2 0
github.com/ofkm/arcane-backend/internal/api/container_handler.go:343.2,348.4 2 0
github.com/ofkm/arcane-backend/internal/api/container_handler.go:351.50,355.9 3 0
github.com/ofkm/arcane-backend/internal/api/container_handler.go:355.9,357.3 1 0
github.com/ofkm/arcane-backend/internal/api/container_handler.go:358.2,358.97 1 0
github.com/ofkm/arcane-backend/internal/api/container_handler.go:358.97,364.3 2 0
github.com/ofkm/arcane-backend/internal/api/container_handler.go:366.2,369.4 1 0
github.com/ofkm/arcane-backend/internal/api/container_handler.go:372.49,376.9 3 0
github.com/ofkm/arcane-backend/internal/api/container_handler.go:376.9,378.3 1 0
github.com/ofkm/arcane-backend/internal/api/container_handler.go:379.2,379.96 1 0
github.com/ofkm/arcane-backend/internal/api/container_handler.go:379.96,385.3 2 0
github.com/ofkm/arcane-backend/internal/api/container_handler.go:387.2,390.4 1 0
github.com/ofkm/arcane-backend/internal/api/container_handler.go:393.52,397.9 3 0
github.com/ofkm/arcane-backend/internal/api/container_handler.go:397.9,399.3 1 0
github.com/ofkm/arcane-backend/internal/api/container_handler.go:400.2,400.99 1 0
github.com/ofkm/arcane-backend/internal/api/container_handler.go:400.99,406.3 2 0
github.com/ofkm/arcane-backend/internal/api/container_handler.go:408.2,411.4 1 0
github.com/ofkm/arcane-backend/internal/api/container_handler.go:414.51,420.9 5 0
github.com/ofkm/arcane-backend/internal/api/container_handler.go:420.9,422.3 1 0
github.com/ofkm/arcane-backend/internal/api/container_handler.go:423.2,423.120 1 0
github.com/ofkm/arcane-backend/internal/api/container_handler.go:423.120,429.3 2 0
github.com/ofkm/arcane-backend/internal/api/container_handler.go:431.2,434.4 1 0
github.com/ofkm/arcane-backend/internal/api/container_handler.go:437.69,439.16 2 0
github.com/ofkm/arcane-backend/internal/api/container_handler.go:439.16,445.3 2 0
github.com/ofkm/arcane-backend/internal/api/container_handler.go:447.2,456.4 2 0
github.com/ofkm/arcane-backend/internal/api/container_handler.go:459.51,461.47 2 0
github.com/ofkm/arcane-backend/internal/api/container_handler.go:461.47,467.3 2 0
github.com/ofkm/arcane-backend/internal/api/container_handler.go:469.2,483.49 3 0
github.com/ofkm/arcane-backend/internal/api/container_handler.go:483.49,485.17 2 0
github.com/ofkm/arcane-backend/internal/api/container_handler.go:485.17,491.4 2 0
github.com/ofkm/arcane-backend/internal/api/container_handler.go:492.3,497.4 2 0
github.com/ofkm/arcane-backend/internal/api/container_handler.go:500.2,510.20 2 0
github.com/ofkm/arcane-backend/internal/api/container_handler.go:510.20,512.3 1 0
github.com/ofkm/arcane-backend/internal/api/container_handler.go:513.2,513.18 1 0
github.com/ofkm/arcane-backend/internal/api/container_handler.go:513.18,515.3 1 0
github.com/ofkm/arcane-backend/internal/api/container_handler.go:517.2,518.27 2 0
github.com/ofkm/arcane-backend/internal/api/container_handler.go:518.27,522.44 2 0
github.com/ofkm/arcane-backend/internal/api/container_handler.go:522.44,524.4 1 0
github.com/ofkm/arcane-backend/internal/api/container_handler.go:527.2,528.9 2 0
github.com/ofkm/arcane-backend/internal/api/container_handler.go:528.9,530.3 1 0
github.com/ofkm/arcane-backend/internal/api/container_handler.go:531.2,539.16 2 0
github.com/ofkm/arcane-backend/internal/api/container_handler.go:539.16,545.3 2 0
github.com/ofkm/arcane-backend/internal/api/container_handler.go:547.2,558.4 2 0
github.com/ofkm/arcane-backend/internal/api/container_handler.go:567.84,574.20 4 0
github.com/ofkm/arcane-backend/internal/api/container_handler.go:574.20,578.28 3 0
github.com/ofkm/arcane-backend/internal/api/container_handler.go:578.28,582.4 3 0
github.com/ofkm/arcane-backend/internal/api/container_handler.go:584.3,589.13 4 0
github.com/ofkm/arcane-backend/internal/api/container_handler.go:589.13,590.17 1 0
github.com/ofkm/arcane-backend/internal/api/container_handler.go:590.17,593.5 2 0
github.com/ofkm/arcane-backend/internal/api/container_handler.go:595.4,595.86 1 0
github.com/ofkm/arcane-backend/internal/api/container_handler.go:595.86,597.5 1 0
github.com/ofkm/arcane-backend/internal/api/container_handler.go:600.3,600.13 1 0
github.com/ofkm/arcane-backend/internal/api/container_handler.go:600.13,601.8 1 0
github.com/ofkm/arcane-backend/internal/api/container_handler.go:601.8,602.12 1 0
github.com/ofkm/arcane-backend/internal/api/container_handler.go:603.23,604.12 1 0
github.com/ofkm/arcane-backend/internal/api/container_handler.go:605.35,606.13 1 0
github.com/ofkm/arcane-backend/internal/api/container_handler.go:606.13,608.7 1 0
github.com/ofkm/arcane-backend/internal/api/container_handler.go:609.6,609.51 1 0
github.com/ofkm/arcane-backend/internal/api/container_handler.go:609.51,611.7 1 0
github.com/ofkm/arcane-backend/internal/api/container_handler.go:617.2,617.15 1 0
github.com/ofkm/arcane-backend/internal/api/container_handler.go:620.55,622.23 2 0
github.com/ofkm/arcane-backend/internal/api/container_handler.go:622.23,624.3 1 0
github.com/ofkm/arcane-backend/internal/api/container_handler.go:625.2,625.42 1 0
github.com/ofkm/arcane-backend/internal/api/container_handler.go:625.42,628.3 2 0
github.com/ofkm/arcane-backend/internal/api/container_handler.go:630.2,631.16 2 0
github.com/ofkm/arcane-backend/internal/api/container_handler.go:631.16,634.3 2 0
github.com/ofkm/arcane-backend/internal/api/container_handler.go:636.2,640.81 4 0
github.com/ofkm/arcane-backend/internal/api/container_registry_handler.go:22.153,28.2 4 0
github.com/ofkm/arcane-backend/internal/api/container_registry_handler.go:28.2,35.3 6 0
github.com/ofkm/arcane-backend/internal/api/container_registry_handler.go:38.66,42.16 3 0
github.com/ofkm/arcane-backend/internal/api/container_registry_handler.go:42.16,48.3 2 0
github.com/ofkm/arcane-backend/internal/api/container_registry_handler.go:50.2,54.4 1 0
github.com/ofkm/arcane-backend/internal/api/container_registry_handler.go:57.64,61.16 3 0
github.com/ofkm/arcane-backend/internal/api/container_registry_handler.go:61.16,68.3 3 0
github.com/ofkm/arcane-backend/internal/api/container_registry_handler.go:70.2,71.19 2 0
github.com/ofkm/arcane-backend/internal/api/container_registry_handler.go:71.19,77.3 2 0
github.com/ofkm/arcane-backend/internal/api/container_registry_handler.go:79.2,82.4 1 0
github.com/ofkm/arcane-backend/internal/api/container_registry_handler.go:85.67,87.47 2 0
github.com/ofkm/arcane-backend/internal/api/container_registry_handler.go:87.47,94.3 3 0
github.com/ofkm/arcane-backend/internal/api/container_registry_handler.go:96.2,97.16 2 0
github.com/ofkm/arcane-backend/internal/api/container_registry_handler.go:97.16,104.3 3 0
github.com/ofkm/arcane-backend/internal/api/container_registry_handler.go:106.2,107.19 2 0
github.com/ofkm/arcane-backend/internal/api/container_registry_handler.go:107.19,113.3 2 0
github.com/ofkm/arcane-backend/internal/api/container_registry_handler.go:115.2,118.4 1 0
github.com/ofkm/arcane-backend/internal/api/container_registry_handler.go:121.67,125.47 3 0
github.com/ofkm/arcane-backend/internal/api/container_registry_handler.go:125.47,132.3 3 0
github.com/ofkm/arcane-backend/internal/api/container_registry_handler.go:134.2,135.16 2 0
github.com/ofkm/arcane-backend/internal/api/container_registry_handler.go:135.16,142.3 3 0
github.com/ofkm/arcane-backend/internal/api/container_registry_handler.go:144.2,145.19 2 0
github.com/ofkm/arcane-backend/internal/api/container_registry_handler.go:145.19,151.3 2 0
github.com/ofkm/arcane-backend/internal/api/container_registry_handler.go:153.2,156.4 1 0
github.com/ofkm/arcane-backend/internal/api/container_registry_handler.go:159.67,162.82 2 0
github.com/ofkm/arcane-backend/internal/api/container_registry_handler.go:162.82,169.3 3 0
github.com/ofkm/arcane-backend/internal/api/container_registry_handler.go:171.2,174.4 1 0
github.com/ofkm/arcane-backend/internal/api/container_registry_handler.go:177.65,181.16 3 0
github.com/ofkm/arcane-backend/internal/api/container_registry_handler.go:181.16,188.3 3 0
github.com/ofkm/arcane-backend/internal/api/container_registry_handler.go:190.2,191.16 2 0
github.com/ofkm/arcane-backend/internal/api/container_registry_handler.go:191.16,198.3 3 0
github.com/ofkm/arcane-backend/internal/api/container_registry_handler.go:200.2,201.16 2 0
github.com/ofkm/arcane-backend/internal/api/container_registry_handler.go:201.16,207.3 2 0
github.com/ofkm/arcane-backend/internal/api/container_registry_handler.go:209.2,212.4 1 0
github.com/ofkm/arcane-backend/internal/api/container_registry_handler.go:215.173,217.58 2 0
github.com/ofkm/arcane-backend/internal/api/container_registry_handler.go:217.58,222.3 1 0
github.com/ofkm/arcane-backend/internal/api/container_registry_handler.go:224.2,225.16 2 0
github.com/ofkm/arcane-backend/internal/api/container_registry_handler.go:225.16,227.3 1 0
github.com/ofkm/arcane-backend/internal/api/container_registry_handler.go:229.2,229.29 1 0
github.com/ofkm/arcane-backend/internal/api/container_registry_handler.go:229.29,230.33 1 0
github.com/ofkm/arcane-backend/internal/api/container_registry_handler.go:230.33,232.4 1 0
github.com/ofkm/arcane-backend/internal/api/container_registry_handler.go:233.3,233.48 1 0
github.com/ofkm/arcane-backend/internal/api/container_registry_handler.go:236.2,238.8 1 0
github.com/ofkm/arcane-backend/internal/api/customize_handler.go:17.150,26.2 4 0
github.com/ofkm/arcane-backend/internal/api/customize_handler.go:29.51,31.47 2 0
github.com/ofkm/arcane-backend/internal/api/customize_handler.go:31.47,37.3 2 0
github.com/ofkm/arcane-backend/internal/api/customize_handler.go:39.2,39.40 1 0
github.com/ofkm/arcane-backend/internal/api/customize_handler.go:39.40,45.3 2 0
github.com/ofkm/arcane-backend/internal/api/customize_handler.go:47.2,48.32 2 0
github.com/ofkm/arcane-backend/internal/api/customize_handler.go:52.58,55.2 2 0
github.com/ofkm/arcane-backend/internal/api/environment_handler.go:33.3,45.2 4 0
github.com/ofkm/arcane-backend/internal/api/environment_handler.go:45.2,54.3 8 0
github.com/ofkm/arcane-backend/internal/api/environment_handler.go:57.56,58.50 1 0
github.com/ofkm/arcane-backend/internal/api/environment_handler.go:58.50,61.3 2 0
github.com/ofkm/arcane-backend/internal/api/environment_handler.go:62.2,68.66 4 0
github.com/ofkm/arcane-backend/internal/api/environment_handler.go:68.66,70.3 1 0
github.com/ofkm/arcane-backend/internal/api/environment_handler.go:73.2,73.112 1 0
github.com/ofkm/arcane-backend/internal/api/environment_handler.go:73.112,76.3 2 0
github.com/ofkm/arcane-backend/internal/api/environment_handler.go:78.2,83.4 1 0
github.com/ofkm/arcane-backend/internal/api/environment_handler.go:87.64,89.47 2 0
github.com/ofkm/arcane-backend/internal/api/environment_handler.go:89.47,92.3 2 0
github.com/ofkm/arcane-backend/internal/api/environment_handler.go:94.2,98.21 2 0
github.com/ofkm/arcane-backend/internal/api/environment_handler.go:98.21,100.3 1 0
github.com/ofkm/arcane-backend/internal/api/environment_handler.go:101.2,101.24 1 0
github.com/ofkm/arcane-backend/internal/api/environment_handler.go:101.24,103.3 1 0
github.com/ofkm/arcane-backend/internal/api/environment_handler.go:105.2,105.114 1 0
github.com/ofkm/arcane-backend/internal/api/environment_handler.go:105.114,107.17 2 0
github.com/ofkm/arcane-backend/internal/api/environment_handler.go:107.17,120.4 3 0
github.com/ofkm/arcane-backend/internal/api/environment_handler.go:121.3,121.27 1 0
github.com/ofkm/arcane-backend/internal/api/environment_handler.go:122.8,122.61 1 0
github.com/ofkm/arcane-backend/internal/api/environment_handler.go:122.61,124.3 1 0
github.com/ofkm/arcane-backend/internal/api/environment_handler.go:126.2,127.16 2 0
github.com/ofkm/arcane-backend/internal/api/environment_handler.go:127.16,130.3 2 0
github.com/ofkm/arcane-backend/internal/api/environment_handler.go:132.2,133.19 2 0
github.com/ofkm/arcane-backend/internal/api/environment_handler.go:133.19,136.3 2 0
github.com/ofkm/arcane-backend/internal/api/environment_handler.go:138.2,138.65 1 0
github.com/ofkm/arcane-backend/internal/api/environment_handler.go:141.63,145.16 3 0
github.com/ofkm/arcane-backend/internal/api/environment_handler.go:145.16,148.3 2 0
github.com/ofkm/arcane-backend/internal/api/environment_handler.go:150.2,154.4 1 0
github.com/ofkm/arcane-backend/internal/api/environment_handler.go:158.61,162.16 3 0
github.com/ofkm/arcane-backend/internal/api/environment_handler.go:162.16,165.3 2 0
github.com/ofkm/arcane-backend/internal/api/environment_handler.go:167.2,168.19 2 0
github.com/ofkm/arcane-backend/internal/api/environment_handler.go:168.19,171.3 2 0
github.com/ofkm/arcane-backend/internal/api/environment_handler.go:173.2,176.4 1 0
github.com/ofkm/arcane-backend/internal/api/environment_handler.go:180.64,184.47 3 0
github.com/ofkm/arcane-backend/internal/api/environment_handler.go:184.47,187.3 2 0
github.com/ofkm/arcane-backend/internal/api/environment_handler.go:189.2,190.23 2 0
github.com/ofkm/arcane-backend/internal/api/environment_handler.go:190.23,192.3 1 0
github.com/ofkm/arcane-backend/internal/api/environment_handler.go:193.2,193.21 1 0
github.com/ofkm/arcane-backend/internal/api/environment_handler.go:193.21,195.3 1 0
github.com/ofkm/arcane-backend/internal/api/environment_handler.go:196.2,196.24 1 0
github.com/ofkm/arcane-backend/internal/api/environment_handler.go:196.24,198.3 1 0
github.com/ofkm/arcane-backend/internal/api/environment_handler.go:202.2,202.88 1 0
github.com/ofkm/arcane-backend/internal/api/environment_handler.go:202.88,204.35 2 0
github.com/ofkm/arcane-backend/internal/api/environment_handler.go:204.35,207.4 2 0
github.com/ofkm/arcane-backend/internal/api/environment_handler.go:208.3,209.45 2 0
github.com/ofkm/arcane-backend/internal/api/environment_handler.go:209.45,211.4 1 0
github.com/ofkm/arcane-backend/internal/api/environment_handler.go:212.3,212.139 1 0
github.com/ofkm/arcane-backend/internal/api/environment_handler.go:212.139,215.4 2 0
github.com/ofkm/arcane-backend/internal/api/environment_handler.go:216.8,216.35 1 0
github.com/ofkm/arcane-backend/internal/api/environment_handler.go:216.35,218.3 1 0
github.com/ofkm/arcane-backend/internal/api/environment_handler.go:220.2,221.16 2 0
github.com/ofkm/arcane-backend/internal/api/environment_handler.go:221.16,224.3 2 0
github.com/ofkm/arcane-backend/internal/api/environment_handler.go:226.2,227.19 2 0
github.com/ofkm/arcane-backend/internal/api/environment_handler.go:227.19,230.3 2 0
github.com/ofkm/arcane-backend/internal/api/environment_handler.go:232.2,232.60 1 0
github.com/ofkm/arcane-backend/internal/api/environment_handler.go:236.64,240.16 3 0
github.com/ofkm/arcane-backend/internal/api/environment_handler.go:240.16,243.3 2 0
github.com/ofkm/arcane-backend/internal/api/environment_handler.go:245.2,248.4 1 0
github.com/ofkm/arcane-backend/internal/api/environment_handler.go:252.61,257.16 4 0
github.com/ofkm/arcane-backend/internal/api/environment_handler.go:257.16,265.3 4 0
github.com/ofkm/arcane-backend/internal/api/environment_handler.go:267.2,270.4 1 0
github.com/ofkm/arcane-backend/internal/api/environment_handler.go:273.62,277.16 3 0
github.com/ofkm/arcane-backend/internal/api/environment_handler.go:277.16,283.3 2 0
github.com/ofkm/arcane-backend/internal/api/environment_handler.go:285.2,288.4 1 0
github.com/ofkm/arcane-backend/internal/api/event_handler.go:17.126,22.2 4 0
github.com/ofkm/arcane-backend/internal/api/event_handler.go:22.2,27.3 4 0
github.com/ofkm/arcane-backend/internal/api/event_handler.go:30.51,34.16 3 0
github.com/ofkm/arcane-backend/internal/api/event_handler.go:34.16,40.3 2 0
github.com/ofkm/arcane-backend/internal/api/event_handler.go:42.2,46.4 1 0
github.com/ofkm/arcane-backend/internal/api/event_handler.go:49.63,51.25 2 0
github.com/ofkm/arcane-backend/internal/api/event_handler.go:51.25,57.3 2 0
github.com/ofkm/arcane-backend/internal/api/event_handler.go:59.2,62.16 3 0
github.com/ofkm/arcane-backend/internal/api/event_handler.go:62.16,68.3 2 0
github.com/ofkm/arcane-backend/internal/api/event_handler.go:70.2,74.4 1 0
github.com/ofkm/arcane-backend/internal/api/event_handler.go:77.52,79.47 2 0
github.com/ofkm/arcane-backend/internal/api/event_handler.go:79.47,85.3 2 0
github.com/ofkm/arcane-backend/internal/api/event_handler.go:87.2,88.16 2 0
github.com/ofkm/arcane-backend/internal/api/event_handler.go:88.16,94.3 2 0
github.com/ofkm/arcane-backend/internal/api/event_handler.go:96.2,99.4 1 0
github.com/ofkm/arcane-backend/internal/api/event_handler.go:102.52,104.19 2 0
github.com/ofkm/arcane-backend/internal/api/event_handler.go:104.19,110.3 2 0
github.com/ofkm/arcane-backend/internal/api/event_handler.go:112.2,112.81 1 0
github.com/ofkm/arcane-backend/internal/api/event_handler.go:112.81,118.3 2 0
github.com/ofkm/arcane-backend/internal/api/event_handler.go:120.2,123.4 1 0
github.com/ofkm/arcane-backend/internal/api/health_handler.go:9.47,11.44 1 0
github.com/ofkm/arcane-backend/internal/api/health_handler.go:11.44,13.3 1 0
github.com/ofkm/arcane-backend/internal/api/health_handler.go:15.2,15.45 1 0
github.com/ofkm/arcane-backend/internal/api/health_handler.go:15.45,17.3 1 0
github.com/ofkm/arcane-backend/internal/api/image_handler.go:22.220,27.2 4 0
github.com/ofkm/arcane-backend/internal/api/image_handler.go:27.2,34.3 6 0
github.com/ofkm/arcane-backend/internal/api/image_handler.go:37.45,40.23 2 0
github.com/ofkm/arcane-backend/internal/api/image_handler.go:40.23,42.3 1 0
github.com/ofkm/arcane-backend/internal/api/image_handler.go:44.2,45.16 2 0
github.com/ofkm/arcane-backend/internal/api/image_handler.go:45.16,51.3 2 0
github.com/ofkm/arcane-backend/internal/api/image_handler.go:53.2,63.4 2 0
github.com/ofkm/arcane-backend/internal/api/image_handler.go:66.48,70.16 3 0
github.com/ofkm/arcane-backend/internal/api/image_handler.go:70.16,73.3 2 0
github.com/ofkm/arcane-backend/internal/api/image_handler.go:75.2,80.4 2 0
github.com/ofkm/arcane-backend/internal/api/image_handler.go:83.47,88.9 4 0
github.com/ofkm/arcane-backend/internal/api/image_handler.go:88.9,90.3 1 0
github.com/ofkm/arcane-backend/internal/api/image_handler.go:91.2,91.97 1 0
github.com/ofkm/arcane-backend/internal/api/image_handler.go:91.97,97.3 2 0
github.com/ofkm/arcane-backend/internal/api/image_handler.go:99.2,102.4 1 0
github.com/ofkm/arcane-backend/internal/api/image_handler.go:105.45,109.47 3 0
github.com/ofkm/arcane-backend/internal/api/image_handler.go:109.47,115.3 2 0
github.com/ofkm/arcane-backend/internal/api/image_handler.go:117.2,123.9 6 0
github.com/ofkm/arcane-backend/internal/api/image_handler.go:123.9,125.3 1 0
github.com/ofkm/arcane-backend/internal/api/image_handler.go:127.2,127.110 1 0
github.com/ofkm/arcane-backend/internal/api/image_handler.go:127.110,133.3 2 0
github.com/ofkm/arcane-backend/internal/api/image_handler.go:135.2,136.43 1 0
github.com/ofkm/arcane-backend/internal/api/image_handler.go:139.46,146.47 3 0
github.com/ofkm/arcane-backend/internal/api/image_handler.go:146.47,147.26 1 0
github.com/ofkm/arcane-backend/internal/api/image_handler.go:147.26,149.4 1 0
github.com/ofkm/arcane-backend/internal/api/image_handler.go:149.9,149.53 1 0
github.com/ofkm/arcane-backend/internal/api/image_handler.go:149.53,150.27 1 0
github.com/ofkm/arcane-backend/internal/api/image_handler.go:150.27,151.32 1 0
github.com/ofkm/arcane-backend/internal/api/image_handler.go:151.32,153.11 2 0
github.com/ofkm/arcane-backend/internal/api/image_handler.go:159.2,162.16 3 0
github.com/ofkm/arcane-backend/internal/api/image_handler.go:162.16,168.3 2 0
github.com/ofkm/arcane-backend/internal/api/image_handler.go:170.2,171.60 2 0
github.com/ofkm/arcane-backend/internal/api/image_handler.go:174.60,184.16 4 0
github.com/ofkm/arcane-backend/internal/api/image_handler.go:184.16,186.3 1 0
github.com/ofkm/arcane-backend/internal/api/image_handler.go:186.8,188.3 1 0
github.com/ofkm/arcane-backend/internal/api/image_handler.go:190.2,191.16 2 0
github.com/ofkm/arcane-backend/internal/api/image_handler.go:191.16,193.3 1 0
github.com/ofkm/arcane-backend/internal/api/image_handler.go:193.8,195.3 1 0
github.com/ofkm/arcane-backend/internal/api/image_handler.go:197.2,197.19 1 0
github.com/ofkm/arcane-backend/internal/api/image_handler.go:197.19,203.3 2 0
github.com/ofkm/arcane-backend/internal/api/image_handler.go:205.2,215.4 2 0
github.com/ofkm/arcane-backend/internal/api/image_update_handler.go:16.144,21.2 4 0
github.com/ofkm/arcane-backend/internal/api/image_update_handler.go:21.2,28.3 6 0
github.com/ofkm/arcane-backend/internal/api/image_update_handler.go:31.63,33.20 2 0
github.com/ofkm/arcane-backend/internal/api/image_update_handler.go:33.20,39.3 2 0
github.com/ofkm/arcane-backend/internal/api/image_update_handler.go:41.2,42.16 2 0
github.com/ofkm/arcane-backend/internal/api/image_update_handler.go:42.16,48.3 2 0
github.com/ofkm/arcane-backend/internal/api/image_update_handler.go:50.2,53.4 1 0
github.com/ofkm/arcane-backend/internal/api/image_update_handler.go:56.67,58.19 2 0
github.com/ofkm/arcane-backend/internal/api/image_update_handler.go:58.19,64.3 2 0
github.com/ofkm/arcane-backend/internal/api/image_update_handler.go:66.2,67.16 2 0
github.com/ofkm/arcane-backend/internal/api/image_update_handler.go:67.16,73.3 2 0
github.com/ofkm/arcane-backend/internal/api/image_update_handler.go:75.2,78.4 1 0
github.com/ofkm/arcane-backend/internal/api/image_update_handler.go:81.66,83.47 2 0
github.com/ofkm/arcane-backend/internal/api/image_update_handler.go:83.47,89.3 2 0
github.com/ofkm/arcane-backend/internal/api/image_update_handler.go:91.2,91.29 1 0
github.com/ofkm/arcane-backend/internal/api/image_update_handler.go:91.29,97.3 2 0
github.com/ofkm/arcane-backend/internal/api/image_update_handler.go:99.2,100.16 2 0
github.com/ofkm/arcane-backend/internal/api/image_update_handler.go:100.16,106.3 2 0
github.com/ofkm/arcane-backend/internal/api/image_update_handler.go:108.2,113.4 2 0
github.com/ofkm/arcane-backend/internal/api/image_update_handler.go:116.61,121.16 4 0
github.com/ofkm/arcane-backend/internal/api/image_update_handler.go:121.16,127.3 2 0
github.com/ofkm/arcane-backend/internal/api/image_update_handler.go:129.2,134.4 2 0
github.com/ofkm/arcane-backend/internal/api/image_update_handler.go:137.63,139.16 2 0
github.com/ofkm/arcane-backend/internal/api/image_update_handler.go:139.16,145.3 2 0
github.com/ofkm/arcane-backend/internal/api/image_update_handler.go:147.2,150.4 1 0
github.com/ofkm/arcane-backend/internal/api/network_handler.go:19.177,24.2 4 0
github.com/ofkm/arcane-backend/internal/api/network_handler.go:24.2,31.3 6 0
github.com/ofkm/arcane-backend/internal/api/network_handler.go:34.47,37.23 2 0
github.com/ofkm/arcane-backend/internal/api/network_handler.go:37.23,39.3 1 0
github.com/ofkm/arcane-backend/internal/api/network_handler.go:41.2,42.16 2 0
github.com/ofkm/arcane-backend/internal/api/network_handler.go:42.16,48.3 2 0
github.com/ofkm/arcane-backend/internal/api/network_handler.go:50.2,60.4 2 0
github.com/ofkm/arcane-backend/internal/api/network_handler.go:63.50,67.16 3 0
github.com/ofkm/arcane-backend/internal/api/network_handler.go:67.16,73.3 2 0
github.com/ofkm/arcane-backend/internal/api/network_handler.go:75.2,76.19 2 0
github.com/ofkm/arcane-backend/internal/api/network_handler.go:76.19,79.3 2 0
github.com/ofkm/arcane-backend/internal/api/network_handler.go:81.2,84.4 1 0
github.com/ofkm/arcane-backend/internal/api/network_handler.go:87.49,93.47 2 0
github.com/ofkm/arcane-backend/internal/api/network_handler.go:93.47,99.3 2 0
github.com/ofkm/arcane-backend/internal/api/network_handler.go:101.2,102.9 2 0
github.com/ofkm/arcane-backend/internal/api/network_handler.go:102.9,104.3 1 0
github.com/ofkm/arcane-backend/internal/api/network_handler.go:106.2,107.16 2 0
github.com/ofkm/arcane-backend/internal/api/network_handler.go:107.16,113.3 2 0
github.com/ofkm/arcane-backend/internal/api/network_handler.go:115.2,116.19 2 0
github.com/ofkm/arcane-backend/internal/api/network_handler.go:116.19,119.3 2 0
github.com/ofkm/arcane-backend/internal/api/network_handler.go:121.2,124.4 1 0
github.com/ofkm/arcane-backend/internal/api/network_handler.go:127.49,131.9 3 0
github.com/ofkm/arcane-backend/internal/api/network_handler.go:131.9,133.3 1 0
github.com/ofkm/arcane-backend/internal/api/network_handler.go:135.2,135.94 1 0
github.com/ofkm/arcane-backend/internal/api/network_handler.go:135.94,141.3 2 0
github.com/ofkm/arcane-backend/internal/api/network_handler.go:143.2,146.4 1 0
github.com/ofkm/arcane-backend/internal/api/network_handler.go:149.64,151.16 2 0
github.com/ofkm/arcane-backend/internal/api/network_handler.go:151.16,157.3 2 0
github.com/ofkm/arcane-backend/internal/api/network_handler.go:159.2,168.4 2 0
github.com/ofkm/arcane-backend/internal/api/network_handler.go:171.48,173.16 2 0
github.com/ofkm/arcane-backend/internal/api/network_handler.go:173.16,179.3 2 0
github.com/ofkm/arcane-backend/internal/api/network_handler.go:181.2,182.19 2 0
github.com/ofkm/arcane-backend/internal/api/network_handler.go:182.19,185.3 2 0
github.com/ofkm/arcane-backend/internal/api/network_handler.go:187.2,190.4 1 0
github.com/ofkm/arcane-backend/internal/api/notification_handler.go:17.147,24.2 4 0
github.com/ofkm/arcane-backend/internal/api/notification_handler.go:24.2,30.3 5 0
github.com/ofkm/arcane-backend/internal/api/notification_handler.go:33.62,35.16 2 0
github.com/ofkm/arcane-backend/internal/api/notification_handler.go:35.16,38.3 2 0
github.com/ofkm/arcane-backend/internal/api/notification_handler.go:41.2,42.35 2 0
github.com/ofkm/arcane-backend/internal/api/notification_handler.go:42.35,49.3 1 0
github.com/ofkm/arcane-backend/internal/api/notification_handler.go:51.2,51.34 1 0
github.com/ofkm/arcane-backend/internal/api/notification_handler.go:54.59,58.18 3 0
github.com/ofkm/arcane-backend/internal/api/notification_handler.go:59.76,59.76 0 0
github.com/ofkm/arcane-backend/internal/api/notification_handler.go:60.10,62.9 2 0
github.com/ofkm/arcane-backend/internal/api/notification_handler.go:65.2,66.16 2 0
github.com/ofkm/arcane-backend/internal/api/notification_handler.go:66.16,69.3 2 0
github.com/ofkm/arcane-backend/internal/api/notification_handler.go:71.2,78.33 2 0
github.com/ofkm/arcane-backend/internal/api/notification_handler.go:81.70,83.47 2 0
github.com/ofkm/arcane-backend/internal/api/notification_handler.go:83.47,86.3 2 0
github.com/ofkm/arcane-backend/internal/api/notification_handler.go:88.2,94.16 2 0
github.com/ofkm/arcane-backend/internal/api/notification_handler.go:94.16,97.3 2 0
github.com/ofkm/arcane-backend/internal/api/notification_handler.go:99.2,106.33 2 0
github.com/ofkm/arcane-backend/internal/api/notification_handler.go:109.62,113.18 3 0
github.com/ofkm/arcane-backend/internal/api/notification_handler.go:114.76,114.76 0 0
github.com/ofkm/arcane-backend/internal/api/notification_handler.go:115.10,117.9 2 0
github.com/ofkm/arcane-backend/internal/api/notification_handler.go:120.2,120.92 1 0
github.com/ofkm/arcane-backend/internal/api/notification_handler.go:120.92,123.3 2 0
github.com/ofkm/arcane-backend/internal/api/notification_handler.go:125.2,125.74 1 0
github.com/ofkm/arcane-backend/internal/api/notification_handler.go:128.64,132.18 3 0
github.com/ofkm/arcane-backend/internal/api/notification_handler.go:133.76,133.76 0 0
github.com/ofkm/arcane-backend/internal/api/notification_handler.go:134.10,136.9 2 0
github.com/ofkm/arcane-backend/internal/api/notification_handler.go:139.2,141.104 2 0
github.com/ofkm/arcane-backend/internal/api/notification_handler.go:141.104,144.3 2 0
github.com/ofkm/arcane-backend/internal/api/notification_handler.go:146.2,146.80 1 0
github.com/ofkm/arcane-backend/internal/api/oidc_handler.go:20.141,25.2 3 0
github.com/ofkm/arcane-backend/internal/api/oidc_handler.go:25.2,30.3 4 0
github.com/ofkm/arcane-backend/internal/api/oidc_handler.go:33.53,35.16 2 0
github.com/ofkm/arcane-backend/internal/api/oidc_handler.go:35.16,41.3 2 0
github.com/ofkm/arcane-backend/internal/api/oidc_handler.go:42.2,42.31 1 0
github.com/ofkm/arcane-backend/internal/api/oidc_handler.go:45.54,48.47 2 0
github.com/ofkm/arcane-backend/internal/api/oidc_handler.go:48.47,51.3 2 0
github.com/ofkm/arcane-backend/internal/api/oidc_handler.go:53.2,54.16 2 0
github.com/ofkm/arcane-backend/internal/api/oidc_handler.go:54.16,57.3 2 0
github.com/ofkm/arcane-backend/internal/api/oidc_handler.go:58.2,58.14 1 0
github.com/ofkm/arcane-backend/internal/api/oidc_handler.go:58.14,61.3 2 0
github.com/ofkm/arcane-backend/internal/api/oidc_handler.go:63.2,64.16 2 0
github.com/ofkm/arcane-backend/internal/api/oidc_handler.go:64.16,67.3 2 0
github.com/ofkm/arcane-backend/internal/api/oidc_handler.go:69.2,73.4 2 0
github.com/ofkm/arcane-backend/internal/api/oidc_handler.go:76.58,82.47 2 0
github.com/ofkm/arcane-backend/internal/api/oidc_handler.go:82.47,85.3 2 0
github.com/ofkm/arcane-backend/internal/api/oidc_handler.go:87.2,88.16 2 0
github.com/ofkm/arcane-backend/internal/api/oidc_handler.go:88.16,91.3 2 0
github.com/ofkm/arcane-backend/internal/api/oidc_handler.go:92.2,95.16 3 0
github.com/ofkm/arcane-backend/internal/api/oidc_handler.go:95.16,98.3 2 0
github.com/ofkm/arcane-backend/internal/api/oidc_handler.go:100.2,101.16 2 0
github.com/ofkm/arcane-backend/internal/api/oidc_handler.go:101.16,104.3 2 0
github.com/ofkm/arcane-backend/internal/api/oidc_handler.go:106.2,108.16 3 0
github.com/ofkm/arcane-backend/internal/api/oidc_handler.go:108.16,110.3 1 0
github.com/ofkm/arcane-backend/internal/api/oidc_handler.go:112.2,128.4 3 0
github.com/ofkm/arcane-backend/internal/api/oidc_handler.go:131.53,133.16 2 0
github.com/ofkm/arcane-backend/internal/api/oidc_handler.go:133.16,139.3 2 0
github.com/ofkm/arcane-backend/internal/api/oidc_handler.go:141.2,149.4 1 0
github.com/ofkm/arcane-backend/internal/api/project_handler.go:37.152,51.2 4 0
github.com/ofkm/arcane-backend/internal/api/project_handler.go:51.2,66.3 12 0
github.com/ofkm/arcane-backend/internal/api/project_handler.go:69.55,73.16 3 0
github.com/ofkm/arcane-backend/internal/api/project_handler.go:73.16,74.39 1 0
github.com/ofkm/arcane-backend/internal/api/project_handler.go:74.39,80.4 2 0
github.com/ofkm/arcane-backend/internal/api/project_handler.go:81.3,85.9 2 0
github.com/ofkm/arcane-backend/internal/api/project_handler.go:87.2,87.29 1 0
github.com/ofkm/arcane-backend/internal/api/project_handler.go:87.29,89.3 1 0
github.com/ofkm/arcane-backend/internal/api/project_handler.go:91.2,95.4 1 0
github.com/ofkm/arcane-backend/internal/api/project_handler.go:98.56,101.21 2 0
github.com/ofkm/arcane-backend/internal/api/project_handler.go:101.21,107.3 2 0
github.com/ofkm/arcane-backend/internal/api/project_handler.go:109.2,110.94 2 0
github.com/ofkm/arcane-backend/internal/api/project_handler.go:110.94,116.3 2 0
github.com/ofkm/arcane-backend/internal/api/project_handler.go:118.2,121.4 1 0
github.com/ofkm/arcane-backend/internal/api/project_handler.go:124.54,128.92 3 0
github.com/ofkm/arcane-backend/internal/api/project_handler.go:128.92,134.3 2 0
github.com/ofkm/arcane-backend/internal/api/project_handler.go:136.2,139.4 1 0
github.com/ofkm/arcane-backend/internal/api/project_handler.go:142.56,144.47 2 0
github.com/ofkm/arcane-backend/internal/api/project_handler.go:144.47,147.3 2 0
github.com/ofkm/arcane-backend/internal/api/project_handler.go:149.2,151.16 3 0
github.com/ofkm/arcane-backend/internal/api/project_handler.go:151.16,154.3 2 0
github.com/ofkm/arcane-backend/internal/api/project_handler.go:156.2,157.55 2 0
github.com/ofkm/arcane-backend/internal/api/project_handler.go:157.55,160.3 2 0
github.com/ofkm/arcane-backend/internal/api/project_handler.go:161.2,170.4 6 0
github.com/ofkm/arcane-backend/internal/api/project_handler.go:173.53,175.21 2 0
github.com/ofkm/arcane-backend/internal/api/project_handler.go:175.21,178.3 2 0
github.com/ofkm/arcane-backend/internal/api/project_handler.go:180.2,181.16 2 0
github.com/ofkm/arcane-backend/internal/api/project_handler.go:181.16,184.3 2 0
github.com/ofkm/arcane-backend/internal/api/project_handler.go:186.2,189.4 1 0
github.com/ofkm/arcane-backend/internal/api/project_handler.go:192.58,195.21 2 0
github.com/ofkm/arcane-backend/internal/api/project_handler.go:195.21,201.3 2 0
github.com/ofkm/arcane-backend/internal/api/project_handler.go:203.2,204.96 2 0
github.com/ofkm/arcane-backend/internal/api/project_handler.go:204.96,210.3 2 0
github.com/ofkm/arcane-backend/internal/api/project_handler.go:212.2,215.4 1 0
github.com/ofkm/arcane-backend/internal/api/project_handler.go:218.57,222.47 3 0
github.com/ofkm/arcane-backend/internal/api/project_handler.go:222.47,227.3 1 0
github.com/ofkm/arcane-backend/internal/api/project_handler.go:229.2,230.131 2 0
github.com/ofkm/arcane-backend/internal/api/project_handler.go:230.131,236.3 2 0
github.com/ofkm/arcane-backend/internal/api/project_handler.go:238.2,241.4 1 0
github.com/ofkm/arcane-backend/internal/api/project_handler.go:244.60,246.21 2 0
github.com/ofkm/arcane-backend/internal/api/project_handler.go:246.21,249.3 2 0
github.com/ofkm/arcane-backend/internal/api/project_handler.go:251.2,258.101 6 0
github.com/ofkm/arcane-backend/internal/api/project_handler.go:258.101,261.3 2 0
github.com/ofkm/arcane-backend/internal/api/project_handler.go:263.2,263.56 1 0
github.com/ofkm/arcane-backend/internal/api/project_handler.go:266.56,268.21 2 0
github.com/ofkm/arcane-backend/internal/api/project_handler.go:268.21,271.3 2 0
github.com/ofkm/arcane-backend/internal/api/project_handler.go:273.2,274.47 2 0
github.com/ofkm/arcane-backend/internal/api/project_handler.go:274.47,277.3 2 0
github.com/ofkm/arcane-backend/internal/api/project_handler.go:279.2,279.136 1 0
github.com/ofkm/arcane-backend/internal/api/project_handler.go:279.136,282.3 2 0
github.com/ofkm/arcane-backend/internal/api/project_handler.go:284.2,285.16 2 0
github.com/ofkm/arcane-backend/internal/api/project_handler.go:285.16,288.3 2 0
github.com/ofkm/arcane-backend/internal/api/project_handler.go:290.2,293.4 1 0
github.com/ofkm/arcane-backend/internal/api/project_handler.go:296.57,298.21 2 0
github.com/ofkm/arcane-backend/internal/api/project_handler.go:298.21,301.3 2 0
github.com/ofkm/arcane-backend/internal/api/project_handler.go:303.2,304.95 2 0
github.com/ofkm/arcane-backend/internal/api/project_handler.go:304.95,307.3 2 0
github.com/ofkm/arcane-backend/internal/api/project_handler.go:309.2,312.4 1 0
github.com/ofkm/arcane-backend/internal/api/project_handler.go:315.148,325.27 4 0
github.com/ofkm/arcane-backend/internal/api/project_handler.go:325.27,328.3 2 0
github.com/ofkm/arcane-backend/internal/api/project_handler.go:330.2,333.12 3 0
github.com/ofkm/arcane-backend/internal/api/project_handler.go:333.12,336.3 2 0
github.com/ofkm/arcane-backend/internal/api/project_handler.go:338.2,338.22 1 0
github.com/ofkm/arcane-backend/internal/api/project_handler.go:338.22,340.13 2 0
github.com/ofkm/arcane-backend/internal/api/project_handler.go:340.13,342.28 2 0
github.com/ofkm/arcane-backend/internal/api/project_handler.go:342.28,346.24 4 0
github.com/ofkm/arcane-backend/internal/api/project_handler.go:346.24,348.6 1 0
github.com/ofkm/arcane-backend/internal/api/project_handler.go:349.5,355.6 1 0
github.com/ofkm/arcane-backend/internal/api/project_handler.go:358.3,358.14 1 0
github.com/ofkm/arcane-backend/internal/api/project_handler.go:358.14,360.4 1 0
github.com/ofkm/arcane-backend/internal/api/project_handler.go:360.9,362.4 1 0
github.com/ofkm/arcane-backend/internal/api/project_handler.go:363.8,365.13 2 0
github.com/ofkm/arcane-backend/internal/api/project_handler.go:365.13,367.28 2 0
github.com/ofkm/arcane-backend/internal/api/project_handler.go:367.28,370.5 2 0
github.com/ofkm/arcane-backend/internal/api/project_handler.go:372.3,372.45 1 0
github.com/ofkm/arcane-backend/internal/api/project_handler.go:375.2,375.15 1 0
github.com/ofkm/arcane-backend/internal/api/project_handler.go:378.59,380.40 2 0
github.com/ofkm/arcane-backend/internal/api/project_handler.go:380.40,383.3 2 0
github.com/ofkm/arcane-backend/internal/api/project_handler.go:385.2,393.16 8 0
github.com/ofkm/arcane-backend/internal/api/project_handler.go:393.16,395.3 1 0
github.com/ofkm/arcane-backend/internal/api/project_handler.go:396.2,397.49 2 0
github.com/ofkm/arcane-backend/internal/api/project_handler.go:400.65,402.16 2 0
github.com/ofkm/arcane-backend/internal/api/project_handler.go:402.16,408.3 2 0
github.com/ofkm/arcane-backend/internal/api/project_handler.go:410.2,419.4 2 0
github.com/ofkm/arcane-backend/internal/api/settings_handler.go:20.190,36.2 8 0
github.com/ofkm/arcane-backend/internal/api/settings_handler.go:39.50,41.47 2 0
github.com/ofkm/arcane-backend/internal/api/settings_handler.go:41.47,47.3 2 0
github.com/ofkm/arcane-backend/internal/api/settings_handler.go:49.2,49.40 1 0
github.com/ofkm/arcane-backend/internal/api/settings_handler.go:49.40,55.3 2 0
github.com/ofkm/arcane-backend/internal/api/settings_handler.go:57.2,58.32 2 0
github.com/ofkm/arcane-backend/internal/api/settings_handler.go:62.57,65.2 2 0
github.com/ofkm/arcane-backend/internal/api/settings_handler.go:67.55,74.66 5 0
github.com/ofkm/arcane-backend/internal/api/settings_handler.go:74.66,81.3 3 0
github.com/ofkm/arcane-backend/internal/api/settings_handler.go:83.2,89.36 2 0
github.com/ofkm/arcane-backend/internal/api/settings_handler.go:92.61,96.66 3 0
github.com/ofkm/arcane-backend/internal/api/settings_handler.go:96.66,103.3 3 0
github.com/ofkm/arcane-backend/internal/api/settings_handler.go:105.2,111.36 2 0
github.com/ofkm/arcane-backend/internal/api/settings_handler.go:114.58,118.47 3 0
github.com/ofkm/arcane-backend/internal/api/settings_handler.go:118.47,124.3 2 0
github.com/ofkm/arcane-backend/internal/api/settings_handler.go:126.2,126.26 1 0
github.com/ofkm/arcane-backend/internal/api/settings_handler.go:126.26,129.30 1 0
github.com/ofkm/arcane-backend/internal/api/settings_handler.go:129.30,135.4 2 0
github.com/ofkm/arcane-backend/internal/api/settings_handler.go:138.2,139.16 2 0
github.com/ofkm/arcane-backend/internal/api/settings_handler.go:139.16,145.3 2 0
github.com/ofkm/arcane-backend/internal/api/settings_handler.go:147.2,148.42 2 0
github.com/ofkm/arcane-backend/internal/api/settings_handler.go:148.42,156.3 1 0
github.com/ofkm/arcane-backend/internal/api/settings_handler.go:158.2,161.4 1 0
github.com/ofkm/arcane-backend/internal/api/system_handler.go:47.241,59.2 4 0
github.com/ofkm/arcane-backend/internal/api/system_handler.go:59.2,72.3 10 0
github.com/ofkm/arcane-backend/internal/api/system_handler.go:87.48,91.16 3 0
github.com/ofkm/arcane-backend/internal/api/system_handler.go:91.16,94.3 2 0
github.com/ofkm/arcane-backend/internal/api/system_handler.go:95.2,99.16 3 0
github.com/ofkm/arcane-backend/internal/api/system_handler.go:99.16,102.3 2 0
github.com/ofkm/arcane-backend/internal/api/system_handler.go:104.2,104.25 1 0
github.com/ofkm/arcane-backend/internal/api/system_handler.go:107.55,111.16 3 0
github.com/ofkm/arcane-backend/internal/api/system_handler.go:111.16,117.3 2 0
github.com/ofkm/arcane-backend/internal/api/system_handler.go:118.2,121.16 3 0
github.com/ofkm/arcane-backend/internal/api/system_handler.go:121.16,127.3 2 0
github.com/ofkm/arcane-backend/internal/api/system_handler.go:129.2,130.16 2 0
github.com/ofkm/arcane-backend/internal/api/system_handler.go:130.16,136.3 2 0
github.com/ofkm/arcane-backend/internal/api/system_handler.go:138.2,139.16 2 0
github.com/ofkm/arcane-backend/internal/api/system_handler.go:139.16,145.3 2 0
github.com/ofkm/arcane-backend/internal/api/system_handler.go:147.2,148.16 2 0
github.com/ofkm/arcane-backend/internal/api/system_handler.go:148.16,154.3 2 0
github.com/ofkm/arcane-backend/internal/api/system_handler.go:156.2,183.35 2 0
github.com/ofkm/arcane-backend/internal/api/system_handler.go:186.50,191.47 4 0
github.com/ofkm/arcane-backend/internal/api/system_handler.go:191.47,200.3 3 0
github.com/ofkm/arcane-backend/internal/api/system_handler.go:202.2,211.16 3 0
github.com/ofkm/arcane-backend/internal/api/system_handler.go:211.16,220.3 3 0
github.com/ofkm/arcane-backend/internal/api/system_handler.go:222.2,235.4 2 0
github.com/ofkm/arcane-backend/internal/api/system_handler.go:238.60,240.16 2 0
github.com/ofkm/arcane-backend/internal/api/system_handler.go:240.16,246.3 2 0
github.com/ofkm/arcane-backend/internal/api/system_handler.go:248.2,252.4 1 0
github.com/ofkm/arcane-backend/internal/api/system_handler.go:255.67,257.16 2 0
github.com/ofkm/arcane-backend/internal/api/system_handler.go:257.16,263.3 2 0
github.com/ofkm/arcane-backend/internal/api/system_handler.go:265.2,269.4 1 0
github.com/ofkm/arcane-backend/internal/api/system_handler.go:272.70,274.101 2 0
github.com/ofkm/arcane-backend/internal/api/system_handler.go:274.101,278.3 3 0
github.com/ofkm/arcane-backend/internal/api/system_handler.go:279.2,282.25 3 0
github.com/ofkm/arcane-backend/internal/api/system_handler.go:282.25,284.3 1 0
github.com/ofkm/arcane-backend/internal/api/system_handler.go:286.2,291.22 5 0
github.com/ofkm/arcane-backend/internal/api/system_handler.go:294.59,296.16 2 0
github.com/ofkm/arcane-backend/internal/api/system_handler.go:296.16,302.3 2 0
github.com/ofkm/arcane-backend/internal/api/system_handler.go:304.2,308.4 1 0
github.com/ofkm/arcane-backend/internal/api/system_handler.go:312.47,319.22 5 0
github.com/ofkm/arcane-backend/internal/api/system_handler.go:319.22,326.3 3 0
github.com/ofkm/arcane-backend/internal/api/system_handler.go:328.2,328.15 1 0
github.com/ofkm/arcane-backend/internal/api/system_handler.go:328.15,330.20 2 0
github.com/ofkm/arcane-backend/internal/api/system_handler.go:330.20,332.4 1 0
github.com/ofkm/arcane-backend/internal/api/system_handler.go:335.2,336.16 2 0
github.com/ofkm/arcane-backend/internal/api/system_handler.go:336.16,338.3 1 0
github.com/ofkm/arcane-backend/internal/api/system_handler.go:339.2,350.31 8 0
github.com/ofkm/arcane-backend/internal/api/system_handler.go:350.31,351.7 1 0
github.com/ofkm/arcane-backend/internal/api/system_handler.go:351.7,352.11 1 0
github.com/ofkm/arcane-backend/internal/api/system_handler.go:353.22,354.11 1 0
github.com/ofkm/arcane-backend/internal/api/system_handler.go:355.29,356.72 1 0
github.com/ofkm/arcane-backend/internal/api/system_handler.go:356.72,361.6 4 0
github.com/ofkm/arcane-backend/internal/api/system_handler.go:366.2,366.23 1 0
github.com/ofkm/arcane-backend/internal/api/system_handler.go:366.23,372.17 5 0
github.com/ofkm/arcane-backend/internal/api/system_handler.go:372.17,374.4 1 0
github.com/ofkm/arcane-backend/internal/api/system_handler.go:376.3,378.21 3 0
github.com/ofkm/arcane-backend/internal/api/system_handler.go:378.21,381.4 2 0
github.com/ofkm/arcane-backend/internal/api/system_handler.go:383.3,385.59 3 0
github.com/ofkm/arcane-backend/internal/api/system_handler.go:385.59,386.28 1 0
github.com/ofkm/arcane-backend/internal/api/system_handler.go:386.28,388.5 1 0
github.com/ofkm/arcane-backend/internal/api/system_handler.go:391.3,392.22 2 0
github.com/ofkm/arcane-backend/internal/api/system_handler.go:392.22,395.4 2 0
github.com/ofkm/arcane-backend/internal/api/system_handler.go:397.3,399.22 3 0
github.com/ofkm/arcane-backend/internal/api/system_handler.go:399.22,401.4 1 0
github.com/ofkm/arcane-backend/internal/api/system_handler.go:403.3,416.31 3 0
github.com/ofkm/arcane-backend/internal/api/system_handler.go:419.2,419.79 1 0
github.com/ofkm/arcane-backend/internal/api/system_handler.go:419.79,424.3 4 0
github.com/ofkm/arcane-backend/internal/api/system_handler.go:426.2,426.31 1 0
github.com/ofkm/arcane-backend/internal/api/system_handler.go:426.31,428.3 1 0
github.com/ofkm/arcane-backend/internal/api/system_handler.go:430.2,430.6 1 0
github.com/ofkm/arcane-backend/internal/api/system_handler.go:430.6,431.10 1 0
github.com/ofkm/arcane-backend/internal/api/system_handler.go:432.37,433.10 1 0
github.com/ofkm/arcane-backend/internal/api/system_handler.go:434.19,435.33 1 0
github.com/ofkm/arcane-backend/internal/api/system_handler.go:435.33,437.5 1 0
github.com/ofkm/arcane-backend/internal/api/system_handler.go:442.58,444.47 2 0
github.com/ofkm/arcane-backend/internal/api/system_handler.go:444.47,450.3 2 0
github.com/ofkm/arcane-backend/internal/api/system_handler.go:452.2,453.16 2 0
github.com/ofkm/arcane-backend/internal/api/system_handler.go:453.16,460.3 2 0
github.com/ofkm/arcane-backend/internal/api/system_handler.go:462.2,463.16 2 0
github.com/ofkm/arcane-backend/internal/api/system_handler.go:463.16,470.3 2 0
github.com/ofkm/arcane-backend/internal/api/system_handler.go:472.2,477.4 1 0
github.com/ofkm/arcane-backend/internal/api/system_handler.go:482.63,485.16 2 0
github.com/ofkm/arcane-backend/internal/api/system_handler.go:485.16,493.3 3 0
github.com/ofkm/arcane-backend/internal/api/system_handler.go:495.2,499.4 1 0
github.com/ofkm/arcane-backend/internal/api/system_handler.go:504.56,506.9 2 0
github.com/ofkm/arcane-backend/internal/api/system_handler.go:506.9,508.3 1 0
github.com/ofkm/arcane-backend/internal/api/system_handler.go:510.2,513.16 3 0
github.com/ofkm/arcane-backend/internal/api/system_handler.go:513.16,517.52 3 0
github.com/ofkm/arcane-backend/internal/api/system_handler.go:517.52,519.4 1 0
github.com/ofkm/arcane-backend/internal/api/system_handler.go:521.3,525.9 2 0
github.com/ofkm/arcane-backend/internal/api/system_handler.go:528.2,531.4 1 0
github.com/ofkm/arcane-backend/internal/api/template_handler.go:19.135,32.2 9 0
github.com/ofkm/arcane-backend/internal/api/template_handler.go:32.2,45.3 12 0
github.com/ofkm/arcane-backend/internal/api/template_handler.go:48.68,51.23 2 0
github.com/ofkm/arcane-backend/internal/api/template_handler.go:51.23,53.3 1 0
github.com/ofkm/arcane-backend/internal/api/template_handler.go:55.2,56.16 2 0
github.com/ofkm/arcane-backend/internal/api/template_handler.go:56.16,62.3 2 0
github.com/ofkm/arcane-backend/internal/api/template_handler.go:64.2,74.4 2 0
github.com/ofkm/arcane-backend/internal/api/template_handler.go:77.59,79.16 2 0
github.com/ofkm/arcane-backend/internal/api/template_handler.go:79.16,85.3 2 0
github.com/ofkm/arcane-backend/internal/api/template_handler.go:87.2,88.110 2 0
github.com/ofkm/arcane-backend/internal/api/template_handler.go:88.110,90.3 1 0
github.com/ofkm/arcane-backend/internal/api/template_handler.go:90.8,96.3 2 0
github.com/ofkm/arcane-backend/internal/api/template_handler.go:98.2,101.4 1 0
github.com/ofkm/arcane-backend/internal/api/template_handler.go:104.55,106.14 2 0
github.com/ofkm/arcane-backend/internal/api/template_handler.go:106.14,112.3 2 0
github.com/ofkm/arcane-backend/internal/api/template_handler.go:114.2,115.16 2 0
github.com/ofkm/arcane-backend/internal/api/template_handler.go:115.16,118.42 3 0
github.com/ofkm/arcane-backend/internal/api/template_handler.go:118.42,121.4 2 0
github.com/ofkm/arcane-backend/internal/api/template_handler.go:122.3,126.9 2 0
github.com/ofkm/arcane-backend/internal/api/template_handler.go:129.2,130.60 2 0
github.com/ofkm/arcane-backend/internal/api/template_handler.go:130.60,136.3 2 0
github.com/ofkm/arcane-backend/internal/api/template_handler.go:138.2,141.4 1 0
github.com/ofkm/arcane-backend/internal/api/template_handler.go:144.62,146.14 2 0
github.com/ofkm/arcane-backend/internal/api/template_handler.go:146.14,152.3 2 0
github.com/ofkm/arcane-backend/internal/api/template_handler.go:154.2,155.16 2 0
github.com/ofkm/arcane-backend/internal/api/template_handler.go:155.16,161.3 2 0
github.com/ofkm/arcane-backend/internal/api/template_handler.go:163.2,166.4 1 0
github.com/ofkm/arcane-backend/internal/api/template_handler.go:169.58,177.47 2 0
github.com/ofkm/arcane-backend/internal/api/template_handler.go:177.47,183.3 2 0
github.com/ofkm/arcane-backend/internal/api/template_handler.go:185.2,192.26 2 0
github.com/ofkm/arcane-backend/internal/api/template_handler.go:192.26,194.3 1 0
github.com/ofkm/arcane-backend/internal/api/template_handler.go:196.2,196.88 1 0
github.com/ofkm/arcane-backend/internal/api/template_handler.go:196.88,202.3 2 0
github.com/ofkm/arcane-backend/internal/api/template_handler.go:204.2,205.60 2 0
github.com/ofkm/arcane-backend/internal/api/template_handler.go:205.60,211.3 2 0
github.com/ofkm/arcane-backend/internal/api/template_handler.go:213.2,216.4 1 0
github.com/ofkm/arcane-backend/internal/api/template_handler.go:219.58,221.14 2 0
github.com/ofkm/arcane-backend/internal/api/template_handler.go:221.14,227.3 2 0
github.com/ofkm/arcane-backend/internal/api/template_handler.go:229.2,235.47 2 0
github.com/ofkm/arcane-backend/internal/api/template_handler.go:235.47,241.3 2 0
github.com/ofkm/arcane-backend/internal/api/template_handler.go:243.2,248.26 2 0
github.com/ofkm/arcane-backend/internal/api/template_handler.go:248.26,250.3 1 0
github.com/ofkm/arcane-backend/internal/api/template_handler.go:250.8,252.3 1 0
github.com/ofkm/arcane-backend/internal/api/template_handler.go:254.2,254.91 1 0
github.com/ofkm/arcane-backend/internal/api/template_handler.go:254.91,257.42 3 0
github.com/ofkm/arcane-backend/internal/api/template_handler.go:257.42,260.4 2 0
github.com/ofkm/arcane-backend/internal/api/template_handler.go:261.3,265.9 2 0
github.com/ofkm/arcane-backend/internal/api/template_handler.go:268.2,269.16 2 0
github.com/ofkm/arcane-backend/internal/api/template_handler.go:269.16,275.3 2 0
github.com/ofkm/arcane-backend/internal/api/template_handler.go:277.2,278.59 2 0
github.com/ofkm/arcane-backend/internal/api/template_handler.go:278.59,284.3 2 0
github.com/ofkm/arcane-backend/internal/api/template_handler.go:286.2,289.4 1 0
github.com/ofkm/arcane-backend/internal/api/template_handler.go:292.58,294.14 2 0
github.com/ofkm/arcane-backend/internal/api/template_handler.go:294.14,300.3 2 0
github.com/ofkm/arcane-backend/internal/api/template_handler.go:302.2,302.82 1 0
github.com/ofkm/arcane-backend/internal/api/template_handler.go:302.82,305.42 3 0
github.com/ofkm/arcane-backend/internal/api/template_handler.go:305.42,308.4 2 0
github.com/ofkm/arcane-backend/internal/api/template_handler.go:309.3,313.9 2 0
github.com/ofkm/arcane-backend/internal/api/template_handler.go:316.2,319.4 1 0
github.com/ofkm/arcane-backend/internal/api/template_handler.go:322.63,333.2 3 0
github.com/ofkm/arcane-backend/internal/api/template_handler.go:335.64,340.47 2 0
github.com/ofkm/arcane-backend/internal/api/template_handler.go:340.47,346.3 2 0
github.com/ofkm/arcane-backend/internal/api/template_handler.go:348.2,348.82 1 0
github.com/ofkm/arcane-backend/internal/api/template_handler.go:348.82,354.3 2 0
github.com/ofkm/arcane-backend/internal/api/template_handler.go:356.2,356.74 1 0
github.com/ofkm/arcane-backend/internal/api/template_handler.go:356.74,362.3 2 0
github.com/ofkm/arcane-backend/internal/api/template_handler.go:364.2,367.4 1 0
github.com/ofkm/arcane-backend/internal/api/template_handler.go:370.57,372.16 2 0
github.com/ofkm/arcane-backend/internal/api/template_handler.go:372.16,378.3 2 0
github.com/ofkm/arcane-backend/internal/api/template_handler.go:380.2,381.19 2 0
github.com/ofkm/arcane-backend/internal/api/template_handler.go:381.19,387.3 2 0
github.com/ofkm/arcane-backend/internal/api/template_handler.go:389.2,392.4 1 0
github.com/ofkm/arcane-backend/internal/api/template_handler.go:395.58,402.47 2 0
github.com/ofkm/arcane-backend/internal/api/template_handler.go:402.47,408.3 2 0
github.com/ofkm/arcane-backend/internal/api/template_handler.go:410.2,416.88 2 0
github.com/ofkm/arcane-backend/internal/api/template_handler.go:416.88,422.3 2 0
github.com/ofkm/arcane-backend/internal/api/template_handler.go:424.2,425.60 2 0
github.com/ofkm/arcane-backend/internal/api/template_handler.go:425.60,431.3 2 0
github.com/ofkm/arcane-backend/internal/api/template_handler.go:433.2,436.4 1 0
github.com/ofkm/arcane-backend/internal/api/template_handler.go:439.58,441.14 2 0
github.com/ofkm/arcane-backend/internal/api/template_handler.go:441.14,447.3 2 0
github.com/ofkm/arcane-backend/internal/api/template_handler.go:449.2,455.47 2 0
github.com/ofkm/arcane-backend/internal/api/template_handler.go:455.47,461.3 2 0
github.com/ofkm/arcane-backend/internal/api/template_handler.go:463.2,469.91 2 0
github.com/ofkm/arcane-backend/internal/api/template_handler.go:469.91,472.42 3 0
github.com/ofkm/arcane-backend/internal/api/template_handler.go:472.42,475.4 2 0
github.com/ofkm/arcane-backend/internal/api/template_handler.go:476.3,480.9 2 0
github.com/ofkm/arcane-backend/internal/api/template_handler.go:483.2,486.4 1 0
github.com/ofkm/arcane-backend/internal/api/template_handler.go:489.58,491.14 2 0
github.com/ofkm/arcane-backend/internal/api/template_handler.go:491.14,497.3 2 0
github.com/ofkm/arcane-backend/internal/api/template_handler.go:499.2,499.82 1 0
github.com/ofkm/arcane-backend/internal/api/template_handler.go:499.82,502.42 3 0
github.com/ofkm/arcane-backend/internal/api/template_handler.go:502.42,505.4 2 0
github.com/ofkm/arcane-backend/internal/api/template_handler.go:506.3,510.9 2 0
github.com/ofkm/arcane-backend/internal/api/template_handler.go:513.2,516.4 1 0
github.com/ofkm/arcane-backend/internal/api/template_handler.go:519.57,521.15 2 0
github.com/ofkm/arcane-backend/internal/api/template_handler.go:521.15,527.3 2 0
github.com/ofkm/arcane-backend/internal/api/template_handler.go:529.2,530.16 2 0
github.com/ofkm/arcane-backend/internal/api/template_handler.go:530.16,533.3 2 0
github.com/ofkm/arcane-backend/internal/api/template_handler.go:535.2,536.56 2 0
github.com/ofkm/arcane-backend/internal/api/template_handler.go:536.56,539.3 2 0
github.com/ofkm/arcane-backend/internal/api/template_handler.go:541.2,544.4 1 0
github.com/ofkm/arcane-backend/internal/api/template_handler.go:547.60,549.14 2 0
github.com/ofkm/arcane-backend/internal/api/template_handler.go:549.14,552.3 2 0
github.com/ofkm/arcane-backend/internal/api/template_handler.go:554.2,555.16 2 0
github.com/ofkm/arcane-backend/internal/api/template_handler.go:555.16,558.3 2 0
github.com/ofkm/arcane-backend/internal/api/template_handler.go:559.2,559.24 1 0
github.com/ofkm/arcane-backend/internal/api/template_handler.go:559.24,562.3 2 0
github.com/ofkm/arcane-backend/internal/api/template_handler.go:564.2,565.16 2 0
github.com/ofkm/arcane-backend/internal/api/template_handler.go:565.16,568.3 2 0
github.com/ofkm/arcane-backend/internal/api/template_handler.go:570.2,571.65 2 0
github.com/ofkm/arcane-backend/internal/api/template_handler.go:571.65,574.3 2 0
github.com/ofkm/arcane-backend/internal/api/template_handler.go:576.2,579.4 1 0
github.com/ofkm/arcane-backend/internal/api/template_handler.go:582.62,584.16 2 0
github.com/ofkm/arcane-backend/internal/api/template_handler.go:584.16,590.3 2 0
github.com/ofkm/arcane-backend/internal/api/template_handler.go:592.2,595.4 1 0
github.com/ofkm/arcane-backend/internal/api/template_handler.go:598.65,600.47 2 0
github.com/ofkm/arcane-backend/internal/api/template_handler.go:600.47,606.3 2 0
github.com/ofkm/arcane-backend/internal/api/template_handler.go:608.2,608.100 1 0
github.com/ofkm/arcane-backend/internal/api/template_handler.go:608.100,614.3 2 0
github.com/ofkm/arcane-backend/internal/api/template_handler.go:616.2,621.4 1 0
github.com/ofkm/arcane-backend/internal/api/updater_handler.go:17.132,22.2 4 0
github.com/ofkm/arcane-backend/internal/api/updater_handler.go:22.2,26.3 3 0
github.com/ofkm/arcane-backend/internal/api/updater_handler.go:29.46,34.16 4 0
github.com/ofkm/arcane-backend/internal/api/updater_handler.go:34.16,37.3 2 0
github.com/ofkm/arcane-backend/internal/api/updater_handler.go:39.2,39.60 1 0
github.com/ofkm/arcane-backend/internal/api/updater_handler.go:42.49,45.2 2 0
github.com/ofkm/arcane-backend/internal/api/updater_handler.go:47.50,49.38 2 0
github.com/ofkm/arcane-backend/internal/api/updater_handler.go:49.38,50.54 1 0
github.com/ofkm/arcane-backend/internal/api/updater_handler.go:50.54,52.4 1 0
github.com/ofkm/arcane-backend/internal/api/updater_handler.go:55.2,56.16 2 0
github.com/ofkm/arcane-backend/internal/api/updater_handler.go:56.16,59.3 2 0
github.com/ofkm/arcane-backend/internal/api/updater_handler.go:60.2,60.64 1 0
github.com/ofkm/arcane-backend/internal/api/user_handler.go:19.123,25.2 4 0
github.com/ofkm/arcane-backend/internal/api/user_handler.go:25.2,31.3 5 0
github.com/ofkm/arcane-backend/internal/api/user_handler.go:34.49,38.16 3 0
github.com/ofkm/arcane-backend/internal/api/user_handler.go:38.16,44.3 2 0
github.com/ofkm/arcane-backend/internal/api/user_handler.go:46.2,50.4 1 0
github.com/ofkm/arcane-backend/internal/api/user_handler.go:53.50,55.47 2 0
github.com/ofkm/arcane-backend/internal/api/user_handler.go:55.47,61.3 2 0
github.com/ofkm/arcane-backend/internal/api/user_handler.go:63.2,64.16 2 0
github.com/ofkm/arcane-backend/internal/api/user_handler.go:64.16,70.3 2 0
[...]
github.com/ofkm/arcane-backend/internal/utils/projects/env.go:160.9,162.4 1 0
github.com/ofkm/arcane-backend/internal/utils/projects/env.go:163.3,163.13 1 0
github.com/ofkm/arcane-backend/internal/utils/projects/env.go:166.2,166.18 1 0
github.com/ofkm/arcane-backend/internal/utils/projects/env.go:166.18,168.3 1 0
github.com/ofkm/arcane-backend/internal/utils/projects/env.go:170.2,173.16 3 0
github.com/ofkm/arcane-backend/internal/utils/projects/env.go:173.16,175.3 1 0
github.com/ofkm/arcane-backend/internal/utils/projects/env.go:177.2,179.31 2 0
github.com/ofkm/arcane-backend/internal/utils/projects/env.go:179.31,183.3 3 0
github.com/ofkm/arcane-backend/internal/utils/projects/env.go:185.2,186.12 2 0
github.com/ofkm/arcane-backend/internal/utils/projects/env.go:192.78,194.16 2 0
github.com/ofkm/arcane-backend/internal/utils/projects/env.go:194.16,196.3 1 0
github.com/ofkm/arcane-backend/internal/utils/projects/env.go:197.2,201.46 2 0
github.com/ofkm/arcane-backend/internal/utils/projects/env.go:201.46,202.37 1 0
github.com/ofkm/arcane-backend/internal/utils/projects/env.go:202.37,204.4 1 0
github.com/ofkm/arcane-backend/internal/utils/projects/env.go:205.3,205.27 1 0
github.com/ofkm/arcane-backend/internal/utils/projects/env.go:209.2,210.16 2 0
github.com/ofkm/arcane-backend/internal/utils/projects/env.go:210.16,212.3 1 0
github.com/ofkm/arcane-backend/internal/utils/projects/env.go:214.2,214.28 1 0
github.com/ofkm/arcane-backend/internal/utils/projects/load.go:22.43,23.49 1 0
github.com/ofkm/arcane-backend/internal/utils/projects/load.go:23.49,25.66 2 0
github.com/ofkm/arcane-backend/internal/utils/projects/load.go:25.66,27.4 1 0
github.com/ofkm/arcane-backend/internal/utils/projects/load.go:29.2,29.11 1 0
github.com/ofkm/arcane-backend/internal/utils/projects/load.go:32.52,34.19 2 0
github.com/ofkm/arcane-backend/internal/utils/projects/load.go:34.19,36.3 1 0
github.com/ofkm/arcane-backend/internal/utils/projects/load.go:37.2,37.21 1 0
github.com/ofkm/arcane-backend/internal/utils/projects/load.go:40.129,44.23 3 0
github.com/ofkm/arcane-backend/internal/utils/projects/load.go:44.23,46.3 1 0
github.com/ofkm/arcane-backend/internal/utils/projects/load.go:48.2,52.16 3 0
github.com/ofkm/arcane-backend/internal/utils/projects/load.go:52.16,54.3 1 0
github.com/ofkm/arcane-backend/internal/utils/projects/load.go:58.2,66.78 2 0
github.com/ofkm/arcane-backend/internal/utils/projects/load.go:66.78,68.3 1 0
github.com/ofkm/arcane-backend/internal/utils/projects/load.go:69.2,69.16 1 0
github.com/ofkm/arcane-backend/internal/utils/projects/load.go:69.16,71.3 1 0
github.com/ofkm/arcane-backend/internal/utils/projects/load.go:73.2,78.21 4 0
github.com/ofkm/arcane-backend/internal/utils/projects/load.go:81.115,82.37 1 0
github.com/ofkm/arcane-backend/internal/utils/projects/load.go:82.37,84.27 1 0
github.com/ofkm/arcane-backend/internal/utils/projects/load.go:84.27,86.4 1 0
github.com/ofkm/arcane-backend/internal/utils/projects/load.go:88.3,88.35 1 0
github.com/ofkm/arcane-backend/internal/utils/projects/load.go:88.35,89.46 1 0
github.com/ofkm/arcane-backend/internal/utils/projects/load.go:89.46,92.5 2 0
github.com/ofkm/arcane-backend/internal/utils/projects/load.go:95.3,95.28 1 0
github.com/ofkm/arcane-backend/internal/utils/projects/load.go:95.28,97.4 1 0
github.com/ofkm/arcane-backend/internal/utils/projects/load.go:99.3,106.26 7 0
github.com/ofkm/arcane-backend/internal/utils/projects/load.go:110.136,112.16 2 0
github.com/ofkm/arcane-backend/internal/utils/projects/load.go:112.16,114.3 1 0
github.com/ofkm/arcane-backend/internal/utils/projects/load.go:116.2,116.29 1 0
github.com/ofkm/arcane-backend/internal/utils/projects/load.go:116.29,118.3 1 0
github.com/ofkm/arcane-backend/internal/utils/projects/load.go:120.2,121.16 2 0
github.com/ofkm/arcane-backend/internal/utils/projects/load.go:121.16,123.3 1 0
github.com/ofkm/arcane-backend/internal/utils/projects/load.go:125.2,125.31 1 0
github.com/ofkm/arcane-backend/internal/utils/signals/signals.go:24.63,31.12 5 0
github.com/ofkm/arcane-backend/internal/utils/signals/signals.go:31.12,39.3 6 0
github.com/ofkm/arcane-backend/internal/utils/signals/signals.go:41.2,41.12 1 0
github.com/ofkm/arcane-backend/internal/utils/remenv/remenv.go:22.85,23.26 1 0
github.com/ofkm/arcane-backend/internal/utils/remenv/remenv.go:23.26,25.53 2 0
github.com/ofkm/arcane-backend/internal/utils/remenv/remenv.go:25.53,26.12 1 0
github.com/ofkm/arcane-backend/internal/utils/remenv/remenv.go:28.3,28.24 1 0
github.com/ofkm/arcane-backend/internal/utils/remenv/remenv.go:28.24,30.4 1 0
github.com/ofkm/arcane-backend/internal/utils/remenv/remenv.go:34.55,35.54 1 0
github.com/ofkm/arcane-backend/internal/utils/remenv/remenv.go:35.54,37.3 1 0
github.com/ofkm/arcane-backend/internal/utils/remenv/remenv.go:37.8,37.83 1 0
github.com/ofkm/arcane-backend/internal/utils/remenv/remenv.go:37.83,39.3 1 0
github.com/ofkm/arcane-backend/internal/utils/remenv/remenv.go:42.60,43.46 1 0
github.com/ofkm/arcane-backend/internal/utils/remenv/remenv.go:43.46,45.3 1 0
github.com/ofkm/arcane-backend/internal/utils/remenv/remenv.go:48.68,51.2 2 0
github.com/ofkm/arcane-backend/internal/utils/remenv/remenv.go:53.47,65.2 1 0
github.com/ofkm/arcane-backend/internal/utils/remenv/remenv.go:67.71,70.58 2 0
github.com/ofkm/arcane-backend/internal/utils/remenv/remenv.go:70.58,71.53 1 0
github.com/ofkm/arcane-backend/internal/utils/remenv/remenv.go:71.53,72.46 1 0
github.com/ofkm/arcane-backend/internal/utils/remenv/remenv.go:72.46,74.5 1 0
github.com/ofkm/arcane-backend/internal/utils/remenv/remenv.go:78.2,78.12 1 0
github.com/ofkm/arcane-backend/internal/utils/remenv/remenv.go:81.85,82.26 1 0
github.com/ofkm/arcane-backend/internal/utils/remenv/remenv.go:82.26,84.27 2 0
github.com/ofkm/arcane-backend/internal/utils/remenv/remenv.go:84.27,85.12 1 0
github.com/ofkm/arcane-backend/internal/utils/remenv/remenv.go:87.3,87.24 1 0
github.com/ofkm/arcane-backend/internal/utils/remenv/remenv.go:87.24,89.4 1 0
github.com/ofkm/arcane-backend/internal/utils/remenv/remenv.go:93.51,96.2 1 0
github.com/ofkm/arcane-backend/internal/utils/remenv/remenv.go:98.107,99.54 1 0
github.com/ofkm/arcane-backend/internal/utils/remenv/remenv.go:99.54,101.3 1 0
github.com/ofkm/arcane-backend/internal/utils/remenv/remenv.go:103.2,104.16 2 0
github.com/ofkm/arcane-backend/internal/utils/remenv/remenv.go:104.16,106.3 1 0
github.com/ofkm/arcane-backend/internal/utils/remenv/remenv.go:107.2,110.60 3 0
github.com/ofkm/arcane-backend/internal/utils/remenv/remenv.go:110.60,112.3 1 0
github.com/ofkm/arcane-backend/internal/utils/remenv/remenv.go:114.2,114.64 1 0
github.com/ofkm/arcane-backend/internal/utils/remenv/remenv.go:117.128,120.61 2 0
github.com/ofkm/arcane-backend/internal/utils/remenv/remenv.go:120.61,122.3 1 0
github.com/ofkm/arcane-backend/internal/utils/remenv/remenv.go:124.2,128.35 2 0
github.com/ofkm/arcane-backend/internal/utils/remenv/remenv.go:128.35,131.3 2 0
github.com/ofkm/arcane-backend/internal/utils/remenv/remenv.go:133.2,134.16 2 0
github.com/ofkm/arcane-backend/internal/utils/remenv/remenv.go:134.16,136.3 1 0
github.com/ofkm/arcane-backend/internal/utils/remenv/remenv.go:138.2,138.21 1 0
github.com/ofkm/arcane-backend/internal/utils/remenv/remenv.go:138.21,141.3 2 0
github.com/ofkm/arcane-backend/internal/utils/remenv/remenv.go:143.2,145.16 3 0
github.com/ofkm/arcane-backend/internal/utils/remenv/remenv.go:145.16,147.3 1 0
github.com/ofkm/arcane-backend/internal/utils/remenv/remenv.go:149.2,152.46 2 0
github.com/ofkm/arcane-backend/internal/utils/remenv/remenv.go:152.46,154.28 2 0
github.com/ofkm/arcane-backend/internal/utils/remenv/remenv.go:154.28,156.5 1 0
github.com/ofkm/arcane-backend/internal/utils/remenv/remenv.go:157.4,157.15 1 0
github.com/ofkm/arcane-backend/internal/utils/remenv/remenv.go:160.2,160.12 1 0
github.com/ofkm/arcane-backend/internal/utils/remenv/remenv.go:163.134,164.34 1 0
github.com/ofkm/arcane-backend/internal/utils/remenv/remenv.go:164.34,166.3 1 0
github.com/ofkm/arcane-backend/internal/utils/remenv/remenv.go:168.2,169.16 2 0
github.com/ofkm/arcane-backend/internal/utils/remenv/remenv.go:169.16,171.3 1 0
github.com/ofkm/arcane-backend/internal/utils/remenv/remenv.go:173.2,173.21 1 0
github.com/ofkm/arcane-backend/internal/utils/remenv/remenv.go:173.21,175.3 1 0
github.com/ofkm/arcane-backend/internal/utils/remenv/remenv.go:177.2,179.16 3 0
github.com/ofkm/arcane-backend/internal/utils/remenv/remenv.go:179.16,181.3 1 0
github.com/ofkm/arcane-backend/internal/utils/remenv/remenv.go:183.2,188.12 3 0
github.com/ofkm/arcane-backend/internal/utils/remenv/remenv.go:191.56,195.2 3 0
github.com/ofkm/arcane-backend/internal/utils/remenv/remenv.go:197.43,204.2 1 0
github.com/ofkm/arcane-backend/internal/utils/template/parser.go:11.56,12.19 1 0
github.com/ofkm/arcane-backend/internal/utils/template/parser.go:12.19,14.3 1 0
github.com/ofkm/arcane-backend/internal/utils/template/parser.go:16.2,19.21 3 0
github.com/ofkm/arcane-backend/internal/utils/template/parser.go:19.21,23.49 2 0
github.com/ofkm/arcane-backend/internal/utils/template/parser.go:23.49,24.12 1 0
github.com/ofkm/arcane-backend/internal/utils/template/parser.go:28.3,29.22 2 0
github.com/ofkm/arcane-backend/internal/utils/template/parser.go:29.22,30.12 1 0
github.com/ofkm/arcane-backend/internal/utils/template/parser.go:33.3,35.22 3 0
github.com/ofkm/arcane-backend/internal/utils/template/parser.go:35.22,37.4 1 0
github.com/ofkm/arcane-backend/internal/utils/template/parser.go:40.3,40.22 1 0
github.com/ofkm/arcane-backend/internal/utils/template/parser.go:40.22,41.70 1 0
github.com/ofkm/arcane-backend/internal/utils/template/parser.go:41.70,44.5 2 0
github.com/ofkm/arcane-backend/internal/utils/template/parser.go:44.10,44.77 1 0
github.com/ofkm/arcane-backend/internal/utils/template/parser.go:44.77,47.5 2 0
github.com/ofkm/arcane-backend/internal/utils/template/parser.go:50.3,50.16 1 0
github.com/ofkm/arcane-backend/internal/utils/template/parser.go:50.16,55.4 1 0
github.com/ofkm/arcane-backend/internal/utils/template/parser.go:58.2,58.13 1 0
github.com/ofkm/arcane-backend/internal/utils/ws/bridge.go:19.71,20.6 1 0
github.com/ofkm/arcane-backend/internal/utils/ws/bridge.go:20.6,21.10 1 0
github.com/ofkm/arcane-backend/internal/utils/ws/bridge.go:22.21,23.10 1 0
github.com/ofkm/arcane-backend/internal/utils/ws/bridge.go:24.28,25.11 1 0
github.com/ofkm/arcane-backend/internal/utils/ws/bridge.go:25.11,27.5 1 0
github.com/ofkm/arcane-backend/internal/utils/ws/bridge.go:28.4,28.31 1 0
github.com/ofkm/arcane-backend/internal/utils/ws/bridge.go:34.76,35.6 1 0
github.com/ofkm/arcane-backend/internal/utils/ws/bridge.go:35.6,36.10 1 0
github.com/ofkm/arcane-backend/internal/utils/ws/bridge.go:37.21,38.10 1 0
github.com/ofkm/arcane-backend/internal/utils/ws/bridge.go:39.24,40.11 1 0
github.com/ofkm/arcane-backend/internal/utils/ws/bridge.go:40.11,42.5 1 0
github.com/ofkm/arcane-backend/internal/utils/ws/bridge.go:43.4,43.25 1 0
github.com/ofkm/arcane-backend/internal/utils/ws/bridge.go:43.25,45.5 1 0
github.com/ofkm/arcane-backend/internal/utils/ws/bridge.go:46.4,46.45 1 0
github.com/ofkm/arcane-backend/internal/utils/ws/bridge.go:46.45,48.5 1 0
github.com/ofkm/arcane-backend/internal/utils/ws/bridge.go:55.126,56.19 1 0
github.com/ofkm/arcane-backend/internal/utils/ws/bridge.go:56.19,59.3 2 0
github.com/ofkm/arcane-backend/internal/utils/ws/bridge.go:60.2,65.18 4 0
github.com/ofkm/arcane-backend/internal/utils/ws/bridge.go:65.18,66.20 1 0
github.com/ofkm/arcane-backend/internal/utils/ws/bridge.go:66.20,68.4 1 0
github.com/ofkm/arcane-backend/internal/utils/ws/bridge.go:69.3,70.17 2 0
github.com/ofkm/arcane-backend/internal/utils/ws/bridge.go:70.17,72.4 1 0
github.com/ofkm/arcane-backend/internal/utils/ws/bridge.go:73.3,73.16 1 0
github.com/ofkm/arcane-backend/internal/utils/ws/bridge.go:76.2,76.6 1 0
github.com/ofkm/arcane-backend/internal/utils/ws/bridge.go:76.6,77.10 1 0
github.com/ofkm/arcane-backend/internal/utils/ws/bridge.go:78.21,80.10 2 0
github.com/ofkm/arcane-backend/internal/utils/ws/bridge.go:81.24,82.11 1 0
github.com/ofkm/arcane-backend/internal/utils/ws/bridge.go:82.11,85.5 2 0
github.com/ofkm/arcane-backend/internal/utils/ws/bridge.go:86.4,86.25 1 0
github.com/ofkm/arcane-backend/internal/utils/ws/bridge.go:86.25,88.5 1 0
github.com/ofkm/arcane-backend/internal/utils/ws/bridge.go:89.4,90.28 2 0
github.com/ofkm/arcane-backend/internal/utils/ws/bridge.go:90.28,92.18 2 0
github.com/ofkm/arcane-backend/internal/utils/ws/bridge.go:92.18,94.6 1 0
github.com/ofkm/arcane-backend/internal/utils/ws/bridge.go:95.5,95.27 1 0
github.com/ofkm/arcane-backend/internal/utils/ws/bridge.go:97.14,99.26 2 0
github.com/ofkm/arcane-backend/internal/utils/ws/client.go:28.62,35.2 2 0
github.com/ofkm/arcane-backend/internal/utils/ws/client.go:39.71,45.2 4 0
github.com/ofkm/arcane-backend/internal/utils/ws/client.go:47.39,48.19 1 0
github.com/ofkm/arcane-backend/internal/utils/ws/client.go:48.19,50.3 1 0
github.com/ofkm/arcane-backend/internal/utils/ws/client.go:53.58,60.43 4 0
github.com/ofkm/arcane-backend/internal/utils/ws/client.go:60.43,63.3 2 0
github.com/ofkm/arcane-backend/internal/utils/ws/client.go:65.2,65.6 1 0
github.com/ofkm/arcane-backend/internal/utils/ws/client.go:65.6,66.10 1 0
github.com/ofkm/arcane-backend/internal/utils/ws/client.go:67.21,68.10 1 0
github.com/ofkm/arcane-backend/internal/utils/ws/client.go:69.11,71.53 1 0
github.com/ofkm/arcane-backend/internal/utils/ws/client.go:71.53,72.35 1 0
github.com/ofkm/arcane-backend/internal/utils/ws/client.go:72.35,74.6 1 0
github.com/ofkm/arcane-backend/internal/utils/ws/client.go:75.5,75.11 1 0
github.com/ofkm/arcane-backend/internal/utils/ws/client.go:81.59,84.15 2 0
github.com/ofkm/arcane-backend/internal/utils/ws/client.go:84.15,87.3 2 0
github.com/ofkm/arcane-backend/internal/utils/ws/client.go:89.2,89.6 1 0
github.com/ofkm/arcane-backend/internal/utils/ws/client.go:89.6,90.10 1 0
github.com/ofkm/arcane-backend/internal/utils/ws/client.go:91.21,92.10 1 0
github.com/ofkm/arcane-backend/internal/utils/ws/client.go:93.28,95.11 2 0
github.com/ofkm/arcane-backend/internal/utils/ws/client.go:95.11,99.5 2 0
github.com/ofkm/arcane-backend/internal/utils/ws/client.go:100.4,100.74 1 0
github.com/ofkm/arcane-backend/internal/utils/ws/client.go:100.74,101.35 1 0
github.com/ofkm/arcane-backend/internal/utils/ws/client.go:101.35,103.6 1 0
github.com/ofkm/arcane-backend/internal/utils/ws/client.go:104.5,104.11 1 0
github.com/ofkm/arcane-backend/internal/utils/ws/client.go:106.19,108.74 2 0
github.com/ofkm/arcane-backend/internal/utils/ws/client.go:108.74,110.5 1 0
github.com/ofkm/arcane-backend/internal/utils/ws/client.go:115.43,116.16 1 0
github.com/ofkm/arcane-backend/internal/utils/ws/client.go:116.16,118.3 1 0
github.com/ofkm/arcane-backend/internal/utils/ws/client.go:120.2,123.36 1 0
github.com/ofkm/arcane-backend/internal/utils/ws/client.go:123.36,125.3 1 0
github.com/ofkm/arcane-backend/internal/utils/ws/client.go:127.2,130.42 2 0
github.com/ofkm/arcane-backend/internal/utils/ws/hub.go:19.30,26.2 1 0
github.com/ofkm/arcane-backend/internal/utils/ws/hub.go:28.33,32.2 3 0
github.com/ofkm/arcane-backend/internal/utils/ws/hub.go:34.37,38.2 3 0
github.com/ofkm/arcane-backend/internal/utils/ws/hub.go:40.40,41.6 1 0
github.com/ofkm/arcane-backend/internal/utils/ws/hub.go:41.6,42.10 1 0
github.com/ofkm/arcane-backend/internal/utils/ws/hub.go:43.21,45.10 2 0
github.com/ofkm/arcane-backend/internal/utils/ws/hub.go:46.26,49.17 3 0
github.com/ofkm/arcane-backend/internal/utils/ws/hub.go:50.28,52.28 2 0
github.com/ofkm/arcane-backend/internal/utils/ws/hub.go:52.28,53.15 1 0
github.com/ofkm/arcane-backend/internal/utils/ws/hub.go:53.15,59.33 6 0
github.com/ofkm/arcane-backend/internal/utils/ws/hub.go:59.33,61.7 1 0
github.com/ofkm/arcane-backend/internal/utils/ws/hub.go:64.29,66.29 2 0
github.com/ofkm/arcane-backend/internal/utils/ws/hub.go:66.29,67.12 1 0
github.com/ofkm/arcane-backend/internal/utils/ws/hub.go:68.24,68.24 0 0
github.com/ofkm/arcane-backend/internal/utils/ws/hub.go:69.13,71.20 1 0
github.com/ofkm/arcane-backend/internal/utils/ws/hub.go:74.4,74.18 1 0
github.com/ofkm/arcane-backend/internal/utils/ws/hub.go:79.37,80.9 1 0
github.com/ofkm/arcane-backend/internal/utils/ws/hub.go:81.26,81.26 0 0
github.com/ofkm/arcane-backend/internal/utils/ws/hub.go:82.10,84.69 1 0
github.com/ofkm/arcane-backend/internal/utils/ws/hub.go:88.33,90.31 2 0
github.com/ofkm/arcane-backend/internal/utils/ws/hub.go:90.31,94.3 3 0
github.com/ofkm/arcane-backend/internal/utils/ws/hub.go:95.2,95.15 1 0
github.com/ofkm/arcane-backend/internal/utils/ws/hub.go:98.26,100.27 2 0
github.com/ofkm/arcane-backend/internal/utils/ws/hub.go:100.27,104.3 3 0
github.com/ofkm/arcane-backend/internal/utils/ws/hub.go:105.2,105.15 1 0
github.com/ofkm/arcane-backend/internal/utils/ws/parse.go:16.86,20.9 3 0
github.com/ofkm/arcane-backend/internal/utils/ws/parse.go:21.44,23.47 2 0
github.com/ofkm/arcane-backend/internal/utils/ws/parse.go:24.42,26.45 2 0
github.com/ofkm/arcane-backend/internal/utils/ws/parse.go:27.42,29.45 2 0
github.com/ofkm/arcane-backend/internal/utils/ws/parse.go:33.2,34.60 2 0
github.com/ofkm/arcane-backend/internal/utils/ws/parse.go:34.60,36.71 2 0
github.com/ofkm/arcane-backend/internal/utils/ws/parse.go:36.71,38.4 1 0
github.com/ofkm/arcane-backend/internal/utils/ws/parse.go:38.9,38.74 1 0
github.com/ofkm/arcane-backend/internal/utils/ws/parse.go:38.74,40.4 1 0
github.com/ofkm/arcane-backend/internal/utils/ws/parse.go:41.3,41.41 1 0
github.com/ofkm/arcane-backend/internal/utils/ws/parse.go:47.2,47.50 1 0
github.com/ofkm/arcane-backend/internal/utils/ws/parse.go:52.79,57.62 4 0
github.com/ofkm/arcane-backend/internal/utils/ws/parse.go:57.62,60.3 2 0
github.com/ofkm/arcane-backend/internal/utils/ws/parse.go:61.2,61.40 1 0
github.com/ofkm/arcane-backend/internal/utils/ws/parse.go:64.26,66.2 1 0
github.com/ofkm/arcane-backend/internal/utils/ws/proxy.go:16.48,16.63 1 0
github.com/ofkm/arcane-backend/internal/utils/ws/proxy.go:20.99,22.16 2 0
github.com/ofkm/arcane-backend/internal/utils/ws/proxy.go:22.16,25.3 2 0
github.com/ofkm/arcane-backend/internal/utils/ws/proxy.go:26.2,36.17 5 0
github.com/ofkm/arcane-backend/internal/utils/ws/proxy.go:36.17,39.3 2 0
github.com/ofkm/arcane-backend/internal/utils/ws/proxy.go:40.2,40.16 1 0
github.com/ofkm/arcane-backend/internal/utils/ws/proxy.go:40.16,41.109 1 0
github.com/ofkm/arcane-backend/internal/utils/ws/proxy.go:41.109,42.19 1 0
github.com/ofkm/arcane-backend/internal/utils/ws/proxy.go:42.19,44.5 1 0
github.com/ofkm/arcane-backend/internal/utils/ws/proxy.go:45.4,45.12 1 0
github.com/ofkm/arcane-backend/internal/utils/ws/proxy.go:47.3,48.13 2 0
github.com/ofkm/arcane-backend/internal/utils/ws/proxy.go:50.2,57.12 4 0
github.com/ofkm/arcane-backend/internal/utils/ws/proxy.go:57.12,58.16 1 0
github.com/ofkm/arcane-backend/internal/utils/ws/proxy.go:58.16,58.38 1 0
github.com/ofkm/arcane-backend/internal/utils/ws/proxy.go:59.3,59.7 1 0
github.com/ofkm/arcane-backend/internal/utils/ws/proxy.go:59.7,61.18 2 0
github.com/ofkm/arcane-backend/internal/utils/ws/proxy.go:61.18,63.5 1 0
github.com/ofkm/arcane-backend/internal/utils/ws/proxy.go:64.4,64.59 1 0
github.com/ofkm/arcane-backend/internal/utils/ws/proxy.go:64.59,66.5 1 0
github.com/ofkm/arcane-backend/internal/utils/ws/proxy.go:71.2,71.12 1 0
github.com/ofkm/arcane-backend/internal/utils/ws/proxy.go:71.12,72.16 1 0
github.com/ofkm/arcane-backend/internal/utils/ws/proxy.go:72.16,72.38 1 0
github.com/ofkm/arcane-backend/internal/utils/ws/proxy.go:73.3,73.7 1 0
github.com/ofkm/arcane-backend/internal/utils/ws/proxy.go:73.7,75.18 2 0
github.com/ofkm/arcane-backend/internal/utils/ws/proxy.go:75.18,77.5 1 0
github.com/ofkm/arcane-backend/internal/utils/ws/proxy.go:78.4,78.59 1 0
github.com/ofkm/arcane-backend/internal/utils/ws/proxy.go:78.59,80.5 1 0
github.com/ofkm/arcane-backend/internal/utils/ws/proxy.go:84.2,85.12 2 0
